<?xml version="1.0" encoding="UTF-8"?>
<!-- Generated by org.testng.reporters.JUnitXMLReporter -->
<testsuite hostname="sekhar" ignored="0" name="Test1" tests="2" failures="1" timestamp="05 Apr 2018 18:33:14 GMT" time="114.311" errors="0">
  <testcase name="createLead" time="58.083" classname="week4day4.testng.createeditinsequence.mergedeleteinparallel.CreateLeadWdMethodsImple">
    <failure type="java.lang.RuntimeException" message="Inspected Element was nt found">
      <![CDATA[java.lang.RuntimeException: Inspected Element was nt found
at wdMethods.SeMethods.locateElement(SeMethods.java:87)
at wdMethods.TestLeafProjectMethods.login(TestLeafProjectMethods.java:14)
at week4day4.testng.createeditinsequence.mergedeleteinparallel.CreateLeadWdMethodsImple.createLead(CreateLeadWdMethodsImple.java:20)
... Removed 25 stack frames]]>
    </failure>
  </testcase> <!-- createLead -->
  <testcase name="editLead" time="56.213" classname="week4day4.testng.createeditinsequence.mergedeleteinparallel.EditLeadWdMethodsImple1"/>
</testsuite> <!-- Test1 -->
