<?xml version="1.0" encoding="UTF-8"?>
<!-- Generated by org.testng.reporters.JUnitXMLReporter -->
<testsuite hostname="sekhar" ignored="0" name="Test" tests="2" failures="0" timestamp="08 Apr 2018 07:36:12 GMT" time="31.53" errors="0">
  <testcase name="@AfterMethod close" time="0.003" classname="wdMethods.TestLeafProjectMethods">
    <failure type="java.lang.StackOverflowError">
      <![CDATA[java.lang.StackOverflowErrorat wdMethods.TestLeafProjectMethods.close(TestLeafProjectMethods.java:28)at wdMethods.TestLeafProjectMethods.close(TestLeafProjectMethods.java:28)at wdMethods.TestLeafProjectMethods.close(TestLeafProjectMethods.java:28)at wdMethods.TestLeafProjectMethods.close(TestLeafProjectMethods.java:28)at wdMethods.TestLeafProjectMethods.close(TestLeafProjectMethods.java:28)at wdMethods.TestLeafProjectMethods.close(TestLeafProjectMethods.java:28)at wdMethods.TestLeafProjectMethods.close(TestLeafProjectMethods.java:28)at wdMethods.TestLeafProjectMethods.close(TestLeafProjectMethods.java:28)at wdMethods.TestLeafProjectMethods.close(TestLeafProjectMethods.java:28)at wdMethods.TestLeafProjectMethods.close(TestLeafProjectMethods.java:28)at wdMethods.TestLeafProjectMethods.close(TestLeafProjectMethods.java:28)at wdMethods.TestLeafProjectMethods.close(TestLeafProjectMethods.java:28)at wdMethods.TestLeafProjectMethods.close(TestLeafProjectMethods.java:28)at wdMethods.TestLeafProjectMethods.close(TestLeafProjectMethods.java:28)at wdMethods.TestLeafProjectMethods.close(TestLeafProjectMethods.java:28)at wdMethods.TestLeafProjectMethods.close(TestLeafProjectMethods.java:28)at wdMethods.TestLeafProjectMethods.close(TestLeafProjectMethods.java:28)at wdMethods.TestLeafProjectMethods.close(TestLeafProjectMethods.java:28)at wdMethods.TestLeafProjectMethods.close(TestLeafProjectMethods.java:28)at wdMethods.TestLeafProjectMethods.close(TestLeafProjectMethods.java:28)at wdMethods.TestLeafProjectMethods.close(TestLeafProjectMethods.java:28)at wdMethods.TestLeafProjectMethods.close(TestLeafProjectMethods.java:28)at wdMethods.TestLeafProjectMethods.close(TestLeafProjectMethods.java:28)at wdMethods.TestLeafProjectMethods.close(TestLeafProjectMethods.java:28)at wdMethods.TestLeafProjectMethods.close(TestLeafProjectMethods.java:28)at wdMethods.TestLeafProjectMethods.close(TestLeafProjectMethods.java:28)at wdMethods.TestLeafProjectMethods.close(TestLeafProjectMethods.java:28)at wdMethods.TestLeafProjectMethods.close(TestLeafProjectMethods.java:28)at wdMethods.TestLeafProjectMethods.close(TestLeafProjectMethods.java:28)at wdMethods.TestLeafProjectMethods.close(TestLeafProjectMethods.java:28)at wdMethods.TestLeafProjectMethods.close(TestLeafProjectMethods.java:28)at wdMethods.TestLeafProjectMethods.close(TestLeafProjectMethods.java:28)at wdMethods.TestLeafProjectMethods.close(TestLeafProjectMethods.java:28)at wdMethods.TestLeafProjectMethods.close(TestLeafProjectMethods.java:28)at wdMethods.TestLeafProjectMethods.close(TestLeafProjectMethods.java:28)at wdMethods.TestLeafProjectMethods.close(TestLeafProjectMethods.java:28)at wdMethods.TestLeafProjectMethods.close(TestLeafProjectMethods.java:28)at wdMethods.TestLeafProjectMethods.close(TestLeafProjectMethods.java:28)at wdMethods.TestLeafProjectMethods.close(TestLeafProjectMethods.java:28)at wdMethods.TestLeafProjectMethods.close(TestLeafProjectMethods.java:28)at wdMethods.TestLeafProjectMethods.close(TestLeafProjectMethods.java:28)at wdMethods.TestLeafProjectMethods.close(TestLeafProjectMethods.java:28)at wdMethods.TestLeafProjectMethods.close(TestLeafProjectMethods.java:28)at wdMethods.TestLeafProjectMethods.close(TestLeafProjectMethods.java:28)at wdMethods.TestLeafProjectMethods.close(TestLeafProjectMethods.java:28)at wdMethods.TestLeafProjectMethods.close(TestLeafProjectMethods.java:28)at wdMethods.TestLeafProjectMethods.close(TestLeafProjectMethods.java:28)at wdMethods.TestLeafProjectMethods.close(TestLeafProjectMethods.java:28)at wdMethods.TestLeafProjectMethods.close(TestLeafProjectMethods.java:28)at wdMethods.TestLeafProjectMethods.close(TestLeafProjectMethods.java:28)at wdMethods.TestLeafProjectMethods.close(TestLeafProjectMethods.java:28)at wdMethods.TestLeafProjectMethods.close(TestLeafProjectMethods.java:28)at wdMethods.TestLeafProjectMethods.close(TestLeafProjectMethods.java:28)at wdMethods.TestLeafProjectMethods.close(TestLeafProjectMethods.java:28)at wdMethods.TestLeafProjectMethods.close(TestLeafProjectMethods.java:28)at wdMethods.TestLeafProjectMethods.close(TestLeafProjectMethods.java:28)at wdMethods.TestLeafProjectMethods.close(TestLeafProjectMethods.java:28)at wdMethods.TestLeafProjectMethods.close(TestLeafProjectMethods.java:28)at wdMethods.TestLeafProjectMethods.close(TestLeafProjectMethods.java:28)at wdMethods.TestLeafProjectMethods.close(TestLeafProjectMethods.java:28)at wdMethods.TestLeafProjectMethods.close(TestLeafProjectMethods.java:28)at wdMethods.TestLeafProjectMethods.close(TestLeafProjectMethods.java:28)at wdMethods.TestLeafProjectMethods.close(TestLeafProjectMethods.java:28)at wdMethods.TestLeafProjectMethods.close(TestLeafProjectMethods.java:28)at wdMethods.TestLeafProjectMethods.close(TestLeafProjectMethods.java:28)at wdMethods.TestLeafProjectMethods.close(TestLeafProjectMethods.java:28)at wdMethods.TestLeafProjectMethods.close(TestLeafProjectMethods.java:28)at wdMethods.TestLeafProjectMethods.close(TestLeafProjectMethods.java:28)at wdMethods.TestLeafProjectMethods.close(TestLeafProjectMethods.java:28)at wdMethods.TestLeafProjectMethods.close(TestLeafProjectMethods.java:28)at wdMethods.TestLeafProjectMethods.close(TestLeafProjectMethods.java:28)at wdMethods.TestLeafProjectMethods.close(TestLeafProjectMethods.java:28)at wdMethods.TestLeafProjectMethods.close(TestLeafProjectMethods.java:28)at wdMethods.TestLeafProjectMethods.close(TestLeafProjectMethods.java:28)at wdMethods.TestLeafProjectMethods.close(TestLeafProjectMethods.java:28)at wdMethods.TestLeafProjectMethods.close(TestLeafProjectMethods.java:28)at wdMethods.TestLeafProjectMethods.close(TestLeafProjectMethods.java:28)at wdMethods.TestLeafProjectMethods.close(TestLeafProjectMethods.java:28)at wdMethods.TestLeafProjectMethods.close(TestLeafProjectMethods.java:28)at wdMethods.TestLeafProjectMethods.close(TestLeafProjectMethods.java:28)at wdMethods.TestLeafProjectMethods.close(TestLeafProjectMethods.java:28)at wdMethods.TestLeafProjectMethods.close(TestLeafProjectMethods.java:28)at wdMethods.TestLeafProjectMethods.close(TestLeafProjectMethods.java:28)at wdMethods.TestLeafProjectMethods.close(TestLeafProjectMethods.java:28)at wdMethods.TestLeafProjectMethods.close(TestLeafProjectMethods.java:28)at wdMethods.TestLeafProjectMethods.close(TestLeafProjectMethods.java:28)at wdMethods.TestLeafProjectMethods.close(TestLeafProjectMethods.java:28)at wdMethods.TestLeafProjectMethods.close(TestLeafProjectMethods.java:28)at wdMethods.TestLeafProjectMethods.close(TestLeafProjectMethods.java:28)at wdMethods.TestLeafProjectMethods.close(TestLeafProjectMethods.java:28)at wdMethods.TestLeafProjectMethods.close(TestLeafProjectMethods.java:28)at wdMethods.TestLeafProjectMethods.close(TestLeafProjectMethods.java:28)at wdMethods.TestLeafProjectMethods.close(TestLeafProjectMethods.java:28)at wdMethods.TestLeafProjectMethods.close(TestLeafProjectMethods.java:28)at wdMethods.TestLeafProjectMethods.close(TestLeafProjectMethods.java:28)at wdMethods.TestLeafProjectMethods.close(TestLeafProjectMethods.java:28)at wdMethods.TestLeafProjectMethods.close(TestLeafProjectMethods.java:28)at wdMethods.TestLeafProjectMethods.close(TestLeafProjectMethods.java:28)at wdMethods.TestLeafProjectMethods.close(TestLeafProjectMethods.java:28)at wdMethods.TestLeafProjectMethods.close(TestLeafProjectMethods.java:28)at wdMethods.TestLeafProjectMethods.close(TestLeafProjectMethods.java:28)at wdMethods.TestLeafProjectMethods.close(TestLeafProjectMethods.java:28)at wdMethods.TestLeafProjectMethods.close(TestLeafProjectMethods.java:28)at wdMethods.TestLeafProjectMethods.close(TestLeafProjectMethods.java:28)at wdMethods.TestLeafProjectMethods.close(TestLeafProjectMethods.java:28)at wdMethods.TestLeafProjectMethods.close(TestLeafProjectMethods.java:28)at wdMethods.TestLeafProjectMethods.close(TestLeafProjectMethods.java:28)at wdMethods.TestLeafProjectMethods.close(TestLeafProjectMethods.java:28)at wdMethods.TestLeafProjectMethods.close(TestLeafProjectMethods.java:28)at wdMethods.TestLeafProjectMethods.close(TestLeafProjectMethods.java:28)at wdMethods.TestLeafProjectMethods.close(TestLeafProjectMethods.java:28)at wdMethods.TestLeafProjectMethods.close(TestLeafProjectMethods.java:28)at wdMethods.TestLeafProjectMethods.close(TestLeafProjectMethods.java:28)at wdMethods.TestLeafProjectMethods.close(TestLeafProjectMethods.java:28)at wdMethods.TestLeafProjectMethods.close(TestLeafProjectMethods.java:28)at wdMethods.TestLeafProjectMethods.close(TestLeafProjectMethods.java:28)at wdMethods.TestLeafProjectMethods.close(TestLeafProjectMethods.java:28)at wdMethods.TestLeafProjectMethods.close(TestLeafProjectMethods.java:28)at wdMethods.TestLeafProjectMethods.close(TestLeafProjectMethods.java:28)at wdMethods.TestLeafProjectMethods.close(TestLeafProjectMethods.java:28)at wdMethods.TestLeafProjectMethods.close(TestLeafProjectMethods.java:28)at wdMethods.TestLeafProjectMethods.close(TestLeafProjectMethods.java:28)at wdMethods.TestLeafProjectMethods.close(TestLeafProjectMethods.java:28)at wdMethods.TestLeafProjectMethods.close(TestLeafProjectMethods.java:28)at wdMethods.TestLeafProjectMethods.close(TestLeafProjectMethods.java:28)at wdMethods.TestLeafProjectMethods.close(TestLeafProjectMethods.java:28)at wdMethods.TestLeafProjectMethods.close(TestLeafProjectMethods.java:28)at wdMethods.TestLeafProjectMethods.close(TestLeafProjectMethods.java:28)at wdMethods.TestLeafProjectMethods.close(TestLeafProjectMethods.java:28)at wdMethods.TestLeafProjectMethods.close(TestLeafProjectMethods.java:28)at wdMethods.TestLeafProjectMethods.close(TestLeafProjectMethods.java:28)at wdMethods.TestLeafProjectMethods.close(TestLeafProjectMethods.java:28)at wdMethods.TestLeafProjectMethods.close(TestLeafProjectMethods.java:28)at wdMethods.TestLeafProjectMethods.close(TestLeafProjectMethods.java:28)at wdMethods.TestLeafProjectMethods.close(TestLeafProjectMethods.java:28)at wdMethods.TestLeafProjectMethods.close(TestLeafProjectMethods.java:28)at wdMethods.TestLeafProjectMethods.close(TestLeafProjectMethods.java:28)at wdMethods.TestLeafProjectMethods.close(TestLeafProjectMethods.java:28)at wdMethods.TestLeafProjectMethods.close(TestLeafProjectMethods.java:28)at wdMethods.TestLeafProjectMethods.close(TestLeafProjectMethods.java:28)at wdMethods.TestLeafProjectMethods.close(TestLeafProjectMethods.java:28)at wdMethods.TestLeafProjectMethods.close(TestLeafProjectMethods.java:28)at wdMethods.TestLeafProjectMethods.close(TestLeafProjectMethods.java:28)at wdMethods.TestLeafProjectMethods.close(TestLeafProjectMethods.java:28)at wdMethods.TestLeafProjectMethods.close(TestLeafProjectMethods.java:28)at wdMethods.TestLeafProjectMethods.close(TestLeafProjectMethods.java:28)at wdMethods.TestLeafProjectMethods.close(TestLeafProjectMethods.java:28)at wdMethods.TestLeafProjectMethods.close(TestLeafProjectMethods.java:28)at wdMethods.TestLeafProjectMethods.close(TestLeafProjectMethods.java:28)at wdMethods.TestLeafProjectMethods.close(TestLeafProjectMethods.java:28)at wdMethods.TestLeafProjectMethods.close(TestLeafProjectMethods.java:28)at wdMethods.TestLeafProjectMethods.close(TestLeafProjectMethods.java:28)at wdMethods.TestLeafProjectMethods.close(TestLeafProjectMethods.java:28)at wdMethods.TestLeafProjectMethods.close(TestLeafProjectMethods.java:28)at wdMethods.TestLeafProjectMethods.close(TestLeafProjectMethods.java:28)at wdMethods.TestLeafProjectMethods.close(TestLeafProjectMethods.java:28)at wdMethods.TestLeafProjectMethods.close(TestLeafProjectMethods.java:28)at wdMethods.TestLeafProjectMethods.close(TestLeafProjectMethods.java:28)at wdMethods.TestLeafProjectMethods.close(TestLeafProjectMethods.java:28)at wdMethods.TestLeafProjectMethods.close(TestLeafProjectMethods.java:28)at wdMethods.TestLeafProjectMethods.close(TestLeafProjectMethods.java:28)at wdMethods.TestLeafProjectMethods.close(TestLeafProjectMethods.java:28)at wdMethods.TestLeafProjectMethods.close(TestLeafProjectMethods.java:28)at wdMethods.TestLeafProjectMethods.close(TestLeafProjectMethods.java:28)at wdMethods.TestLeafProjectMethods.close(TestLeafProjectMethods.java:28)at wdMethods.TestLeafProjectMethods.close(TestLeafProjectMethods.java:28)at wdMethods.TestLeafProjectMethods.close(TestLeafProjectMethods.java:28)at wdMethods.TestLeafProjectMethods.close(TestLeafProjectMethods.java:28)at wdMethods.TestLeafProjectMethods.close(TestLeafProjectMethods.java:28)at wdMethods.TestLeafProjectMethods.close(TestLeafProjectMethods.java:28)at wdMethods.TestLeafProjectMethods.close(TestLeafProjectMethods.java:28)at wdMethods.TestLeafProjectMethods.close(TestLeafProjectMethods.java:28)at wdMethods.TestLeafProjectMethods.close(TestLeafProjectMethods.java:28)at wdMethods.TestLeafProjectMethods.close(TestLeafProjectMethods.java:28)at wdMethods.TestLeafProjectMethods.close(TestLeafProjectMethods.java:28)at wdMethods.TestLeafProjectMethods.close(TestLeafProjectMethods.java:28)at wdMethods.TestLeafProjectMethods.close(TestLeafProjectMethods.java:28)at wdMethods.TestLeafProjectMethods.close(TestLeafProjectMethods.java:28)at wdMethods.TestLeafProjectMethods.close(TestLeafProjectMethods.java:28)at wdMethods.TestLeafProjectMethods.close(TestLeafProjectMethods.java:28)at wdMethods.TestLeafProjectMethods.close(TestLeafProjectMethods.java:28)at wdMethods.TestLeafProjectMethods.close(TestLeafProjectMethods.java:28)at wdMethods.TestLeafProjectMethods.close(TestLeafProjectMethods.java:28)at wdMethods.TestLeafProjectMethods.close(TestLeafProjectMethods.java:28)at wdMethods.TestLeafProjectMethods.close(TestLeafProjectMethods.java:28)at wdMethods.TestLeafProjectMethods.close(TestLeafProjectMethods.java:28)at wdMethods.TestLeafProjectMethods.close(TestLeafProjectMethods.java:28)at wdMethods.TestLeafProjectMethods.close(TestLeafProjectMethods.java:28)at wdMethods.TestLeafProjectMethods.close(TestLeafProjectMethods.java:28)at wdMethods.TestLeafProjectMethods.close(TestLeafProjectMethods.java:28)at wdMethods.TestLeafProjectMethods.close(TestLeafProjectMethods.java:28)at wdMethods.TestLeafProjectMethods.close(TestLeafProjectMethods.java:28)at wdMethods.TestLeafProjectMethods.close(TestLeafProjectMethods.java:28)at wdMethods.TestLeafProjectMethods.close(TestLeafProjectMethods.java:28)at wdMethods.TestLeafProjectMethods.close(TestLeafProjectMethods.java:28)at wdMethods.TestLeafProjectMethods.close(TestLeafProjectMethods.java:28)at wdMethods.TestLeafProjectMethods.close(TestLeafProjectMethods.java:28)at wdMethods.TestLeafProjectMethods.close(TestLeafProjectMethods.java:28)at wdMethods.TestLeafProjectMethods.close(TestLeafProjectMethods.java:28)at wdMethods.TestLeafProjectMethods.close(TestLeafProjectMethods.java:28)at wdMethods.TestLeafProjectMethods.close(TestLeafProjectMethods.java:28)at wdMethods.TestLeafProjectMethods.close(TestLeafProjectMethods.java:28)at wdMethods.TestLeafProjectMethods.close(TestLeafProjectMethods.java:28)at wdMethods.TestLeafProjectMethods.close(TestLeafProjectMethods.java:28)at wdMethods.TestLeafProjectMethods.close(TestLeafProjectMethods.java:28)at wdMethods.TestLeafProjectMethods.close(TestLeafProjectMethods.java:28)at wdMethods.TestLeafProjectMethods.close(TestLeafProjectMethods.java:28)at wdMethods.TestLeafProjectMethods.close(TestLeafProjectMethods.java:28)at wdMethods.TestLeafProjectMethods.close(TestLeafProjectMethods.java:28)at wdMethods.TestLeafProjectMethods.close(TestLeafProjectMethods.java:28)at wdMethods.TestLeafProjectMethods.close(TestLeafProjectMethods.java:28)at wdMethods.TestLeafProjectMethods.close(TestLeafProjectMethods.java:28)at wdMethods.TestLeafProjectMethods.close(TestLeafProjectMethods.java:28)at wdMethods.TestLeafProjectMethods.close(TestLeafProjectMethods.java:28)at wdMethods.TestLeafProjectMethods.close(TestLeafProjectMethods.java:28)at wdMethods.TestLeafProjectMethods.close(TestLeafProjectMethods.java:28)at wdMethods.TestLeafProjectMethods.close(TestLeafProjectMethods.java:28)at wdMethods.TestLeafProjectMethods.close(TestLeafProjectMethods.java:28)at wdMethods.TestLeafProjectMethods.close(TestLeafProjectMethods.java:28)at wdMethods.TestLeafProjectMethods.close(TestLeafProjectMethods.java:28)at wdMethods.TestLeafProjectMethods.close(TestLeafProjectMethods.java:28)at wdMethods.TestLeafProjectMethods.close(TestLeafProjectMethods.java:28)at wdMethods.TestLeafProjectMethods.close(TestLeafProjectMethods.java:28)at wdMethods.TestLeafProjectMethods.close(TestLeafProjectMethods.java:28)at wdMethods.TestLeafProjectMethods.close(TestLeafProjectMethods.java:28)at wdMethods.TestLeafProjectMethods.close(TestLeafProjectMethods.java:28)at wdMethods.TestLeafProjectMethods.close(TestLeafProjectMethods.java:28)at wdMethods.TestLeafProjectMethods.close(TestLeafProjectMethods.java:28)at wdMethods.TestLeafProjectMethods.close(TestLeafProjectMethods.java:28)at wdMethods.TestLeafProjectMethods.close(TestLeafProjectMethods.java:28)at wdMethods.TestLeafProjectMethods.close(TestLeafProjectMethods.java:28)at wdMethods.TestLeafProjectMethods.close(TestLeafProjectMethods.java:28)at wdMethods.TestLeafProjectMethods.close(TestLeafProjectMethods.java:28)at wdMethods.TestLeafProjectMethods.close(TestLeafProjectMethods.java:28)at wdMethods.TestLeafProjectMethods.close(TestLeafProjectMethods.java:28)at wdMethods.TestLeafProjectMethods.close(TestLeafProjectMethods.java:28)at wdMethods.TestLeafProjectMethods.close(TestLeafProjectMethods.java:28)at wdMethods.TestLeafProjectMethods.close(TestLeafProjectMethods.java:28)at wdMethods.TestLeafProjectMethods.close(TestLeafProjectMethods.java:28)at wdMethods.TestLeafProjectMethods.close(TestLeafProjectMethods.java:28)at wdMethods.TestLeafProjectMethods.close(TestLeafProjectMethods.java:28)at wdMethods.TestLeafProjectMethods.close(TestLeafProjectMethods.java:28)at wdMethods.TestLeafProjectMethods.close(TestLeafProjectMethods.java:28)at wdMethods.TestLeafProjectMethods.close(TestLeafProjectMethods.java:28)at wdMethods.TestLeafProjectMethods.close(TestLeafProjectMethods.java:28)at wdMethods.TestLeafProjectMethods.close(TestLeafProjectMethods.java:28)at wdMethods.TestLeafProjectMethods.close(TestLeafProjectMethods.java:28)at wdMethods.TestLeafProjectMethods.close(TestLeafProjectMethods.java:28)at wdMethods.TestLeafProjectMethods.close(TestLeafProjectMethods.java:28)at wdMethods.TestLeafProjectMethods.close(TestLeafProjectMethods.java:28)at wdMethods.TestLeafProjectMethods.close(TestLeafProjectMethods.java:28)at wdMethods.TestLeafProjectMethods.close(TestLeafProjectMethods.java:28)at wdMethods.TestLeafProjectMethods.close(TestLeafProjectMethods.java:28)at wdMethods.TestLeafProjectMethods.close(TestLeafProjectMethods.java:28)at wdMethods.TestLeafProjectMethods.close(TestLeafProjectMethods.java:28)at wdMethods.TestLeafProjectMethods.close(TestLeafProjectMethods.java:28)at wdMethods.TestLeafProjectMethods.close(TestLeafProjectMethods.java:28)at wdMethods.TestLeafProjectMethods.close(TestLeafProjectMethods.java:28)at wdMethods.TestLeafProjectMethods.close(TestLeafProjectMethods.java:28)at wdMethods.TestLeafProjectMethods.close(TestLeafProjectMethods.java:28)at wdMethods.TestLeafProjectMethods.close(TestLeafProjectMethods.java:28)at wdMethods.TestLeafProjectMethods.close(TestLeafProjectMethods.java:28)at wdMethods.TestLeafProjectMethods.close(TestLeafProjectMethods.java:28)at wdMethods.TestLeafProjectMethods.close(TestLeafProjectMethods.java:28)at wdMethods.TestLeafProjectMethods.close(TestLeafProjectMethods.java:28)at wdMethods.TestLeafProjectMethods.close(TestLeafProjectMethods.java:28)at wdMethods.TestLeafProjectMethods.close(TestLeafProjectMethods.java:28)at wdMethods.TestLeafProjectMethods.close(TestLeafProjectMethods.java:28)at wdMethods.TestLeafProjectMethods.close(TestLeafProjectMethods.java:28)at wdMethods.TestLeafProjectMethods.close(TestLeafProjectMethods.java:28)at wdMethods.TestLeafProjectMethods.close(TestLeafProjectMethods.java:28)at wdMethods.TestLeafProjectMethods.close(TestLeafProjectMethods.java:28)at wdMethods.TestLeafProjectMethods.close(TestLeafProjectMethods.java:28)at wdMethods.TestLeafProjectMethods.close(TestLeafProjectMethods.java:28)at wdMethods.TestLeafProjectMethods.close(TestLeafProjectMethods.java:28)at wdMethods.TestLeafProjectMethods.close(TestLeafProjectMethods.java:28)at wdMethods.TestLeafProjectMethods.close(TestLeafProjectMethods.java:28)at wdMethods.TestLeafProjectMethods.close(TestLeafProjectMethods.java:28)at wdMethods.TestLeafProjectMethods.close(TestLeafProjectMethods.java:28)at wdMethods.TestLeafProjectMethods.close(TestLeafProjectMethods.java:28)at wdMethods.TestLeafProjectMethods.close(TestLeafProjectMethods.java:28)at wdMethods.TestLeafProjectMethods.close(TestLeafProjectMethods.java:28)at wdMethods.TestLeafProjectMethods.close(TestLeafProjectMethods.java:28)at wdMethods.TestLeafProjectMethods.close(TestLeafProjectMethods.java:28)at wdMethods.TestLeafProjectMethods.close(TestLeafProjectMethods.java:28)at wdMethods.TestLeafProjectMethods.close(TestLeafProjectMethods.java:28)at wdMethods.TestLeafProjectMethods.close(TestLeafProjectMethods.java:28)at wdMethods.TestLeafProjectMethods.close(TestLeafProjectMethods.java:28)at wdMethods.TestLeafProjectMethods.close(TestLeafProjectMethods.java:28)at wdMethods.TestLeafProjectMethods.close(TestLeafProjectMethods.java:28)at wdMethods.TestLeafProjectMethods.close(TestLeafProjectMethods.java:28)at wdMethods.TestLeafProjectMethods.close(TestLeafProjectMethods.java:28)at wdMethods.TestLeafProjectMethods.close(TestLeafProjectMethods.java:28)at wdMethods.TestLeafProjectMethods.close(TestLeafProjectMethods.java:28)at wdMethods.TestLeafProjectMethods.close(TestLeafProjectMethods.java:28)at wdMethods.TestLeafProjectMethods.close(TestLeafProjectMethods.java:28)at wdMethods.TestLeafProjectMethods.close(TestLeafProjectMethods.java:28)at wdMethods.TestLeafProjectMethods.close(TestLeafProjectMethods.java:28)at wdMethods.TestLeafProjectMethods.close(TestLeafProjectMethods.java:28)at wdMethods.TestLeafProjectMethods.close(TestLeafProjectMethods.java:28)at wdMethods.TestLeafProjectMethods.close(TestLeafProjectMethods.java:28)at wdMethods.TestLeafProjectMethods.close(TestLeafProjectMethods.java:28)at wdMethods.TestLeafProjectMethods.close(TestLeafProjectMethods.java:28)at wdMethods.TestLeafProjectMethods.close(TestLeafProjectMethods.java:28)at wdMethods.TestLeafProjectMethods.close(TestLeafProjectMethods.java:28)at wdMethods.TestLeafProjectMethods.close(TestLeafProjectMethods.java:28)at wdMethods.TestLeafProjectMethods.close(TestLeafProjectMethods.java:28)at wdMethods.TestLeafProjectMethods.close(TestLeafProjectMethods.java:28)at wdMethods.TestLeafProjectMethods.close(TestLeafProjectMethods.java:28)at wdMethods.TestLeafProjectMethods.close(TestLeafProjectMethods.java:28)at wdMethods.TestLeafProjectMethods.close(TestLeafProjectMethods.java:28)at wdMethods.TestLeafProjectMethods.close(TestLeafProjectMethods.java:28)at wdMethods.TestLeafProjectMethods.close(TestLeafProjectMethods.java:28)at wdMethods.TestLeafProjectMethods.close(TestLeafProjectMethods.java:28)at wdMethods.TestLeafProjectMethods.close(TestLeafProjectMethods.java:28)at wdMethods.TestLeafProjectMethods.close(TestLeafProjectMethods.java:28)at wdMethods.TestLeafProjectMethods.close(TestLeafProjectMethods.java:28)at wdMethods.TestLeafProjectMethods.close(TestLeafProjectMethods.java:28)at wdMethods.TestLeafProjectMethods.close(TestLeafProjectMethods.java:28)at wdMethods.TestLeafProjectMethods.close(TestLeafProjectMethods.java:28)at wdMethods.TestLeafProjectMethods.close(TestLeafProjectMethods.java:28)at wdMethods.TestLeafProjectMethods.close(TestLeafProjectMethods.java:28)at wdMethods.TestLeafProjectMethods.close(TestLeafProjectMethods.java:28)at wdMethods.TestLeafProjectMethods.close(TestLeafProjectMethods.java:28)at wdMethods.TestLeafProjectMethods.close(TestLeafProjectMethods.java:28)at wdMethods.TestLeafProjectMethods.close(TestLeafProjectMethods.java:28)at wdMethods.TestLeafProjectMethods.close(TestLeafProjectMethods.java:28)at wdMethods.TestLeafProjectMethods.close(TestLeafProjectMethods.java:28)at wdMethods.TestLeafProjectMethods.close(TestLeafProjectMethods.java:28)at wdMethods.TestLeafProjectMethods.close(TestLeafProjectMethods.java:28)at wdMethods.TestLeafProjectMethods.close(TestLeafProjectMethods.java:28)at wdMethods.TestLeafProjectMethods.close(TestLeafProjectMethods.java:28)at wdMethods.TestLeafProjectMethods.close(TestLeafProjectMethods.java:28)at wdMethods.TestLeafProjectMethods.close(TestLeafProjectMethods.java:28)at wdMethods.TestLeafProjectMethods.close(TestLeafProjectMethods.java:28)at wdMethods.TestLeafProjectMethods.close(TestLeafProjectMethods.java:28)at wdMethods.TestLeafProjectMethods.close(TestLeafProjectMethods.java:28)at wdMethods.TestLeafProjectMethods.close(TestLeafProjectMethods.java:28)at wdMethods.TestLeafProjectMethods.close(TestLeafProjectMethods.java:28)at wdMethods.TestLeafProjectMethods.close(TestLeafProjectMethods.java:28)at wdMethods.TestLeafProjectMethods.close(TestLeafProjectMethods.java:28)at wdMethods.TestLeafProjectMethods.close(TestLeafProjectMethods.java:28)at wdMethods.TestLeafProjectMethods.close(TestLeafProjectMethods.java:28)at wdMethods.TestLeafProjectMethods.close(TestLeafProjectMethods.java:28)at wdMethods.TestLeafProjectMethods.close(TestLeafProjectMethods.java:28)at wdMethods.TestLeafProjectMethods.close(TestLeafProjectMethods.java:28)at wdMethods.TestLeafProjectMethods.close(TestLeafProjectMethods.java:28)at wdMethods.TestLeafProjectMethods.close(TestLeafProjectMethods.java:28)at wdMethods.TestLeafProjectMethods.close(TestLeafProjectMethods.java:28)at wdMethods.TestLeafProjectMethods.close(TestLeafProjectMethods.java:28)at wdMethods.TestLeafProjectMethods.close(TestLeafProjectMethods.java:28)at wdMethods.TestLeafProjectMethods.close(TestLeafProjectMethods.java:28)at wdMethods.TestLeafProjectMethods.close(TestLeafProjectMethods.java:28)at wdMethods.TestLeafProjectMethods.close(TestLeafProjectMethods.java:28)at wdMethods.TestLeafProjectMethods.close(TestLeafProjectMethods.java:28)at wdMethods.TestLeafProjectMethods.close(TestLeafProjectMethods.java:28)at wdMethods.TestLeafProjectMethods.close(TestLeafProjectMethods.java:28)at wdMethods.TestLeafProjectMethods.close(TestLeafProjectMethods.java:28)at wdMethods.TestLeafProjectMethods.close(TestLeafProjectMethods.java:28)at wdMethods.TestLeafProjectMethods.close(TestLeafProjectMethods.java:28)at wdMethods.TestLeafProjectMethods.close(TestLeafProjectMethods.java:28)at wdMethods.TestLeafProjectMethods.close(TestLeafProjectMethods.java:28)at wdMethods.TestLeafProjectMethods.close(TestLeafProjectMethods.java:28)at wdMethods.TestLeafProjectMethods.close(TestLeafProjectMethods.java:28)at wdMethods.TestLeafProjectMethods.close(TestLeafProjectMethods.java:28)at wdMethods.TestLeafProjectMethods.close(TestLeafProjectMethods.java:28)at wdMethods.TestLeafProjectMethods.close(TestLeafProjectMethods.java:28)at wdMethods.TestLeafProjectMethods.close(TestLeafProjectMethods.java:28)at wdMethods.TestLeafProjectMethods.close(TestLeafProjectMethods.java:28)at wdMethods.TestLeafProjectMethods.close(TestLeafProjectMethods.java:28)at wdMethods.TestLeafProjectMethods.close(TestLeafProjectMethods.java:28)at wdMethods.TestLeafProjectMethods.close(TestLeafProjectMethods.java:28)at wdMethods.TestLeafProjectMethods.close(TestLeafProjectMethods.java:28)at wdMethods.TestLeafProjectMethods.close(TestLeafProjectMethods.java:28)at wdMethods.TestLeafProjectMethods.close(TestLeafProjectMethods.java:28)at wdMethods.TestLeafProjectMethods.close(TestLeafProjectMethods.java:28)at wdMethods.TestLeafProjectMethods.close(TestLeafProjectMethods.java:28)at wdMethods.TestLeafProjectMethods.close(TestLeafProjectMethods.java:28)at wdMethods.TestLeafProjectMethods.close(TestLeafProjectMethods.java:28)at wdMethods.TestLeafProjectMethods.close(TestLeafProjectMethods.java:28)at wdMethods.TestLeafProjectMethods.close(TestLeafProjectMethods.java:28)at wdMethods.TestLeafProjectMethods.close(TestLeafProjectMethods.java:28)at wdMethods.TestLeafProjectMethods.close(TestLeafProjectMethods.java:28)at wdMethods.TestLeafProjectMethods.close(TestLeafProjectMethods.java:28)at wdMethods.TestLeafProjectMethods.close(TestLeafProjectMethods.java:28)at wdMethods.TestLeafProjectMethods.close(TestLeafProjectMethods.java:28)at wdMethods.TestLeafProjectMethods.close(TestLeafProjectMethods.java:28)at wdMethods.TestLeafProjectMethods.close(TestLeafProjectMethods.java:28)at wdMethods.TestLeafProjectMethods.close(TestLeafProjectMethods.java:28)at wdMethods.TestLeafProjectMethods.close(TestLeafProjectMethods.java:28)at wdMethods.TestLeafProjectMethods.close(TestLeafProjectMethods.java:28)at wdMethods.TestLeafProjectMethods.close(TestLeafProjectMethods.java:28)at wdMethods.TestLeafProjectMethods.close(TestLeafProjectMethods.java:28)at wdMethods.TestLeafProjectMethods.close(TestLeafProjectMethods.java:28)at wdMethods.TestLeafProjectMethods.close(TestLeafProjectMethods.java:28)at wdMethods.TestLeafProjectMethods.close(TestLeafProjectMethods.java:28)at wdMethods.TestLeafProjectMethods.close(TestLeafProjectMethods.java:28)at wdMethods.TestLeafProjectMethods.close(TestLeafProjectMethods.java:28)at wdMethods.TestLeafProjectMethods.close(TestLeafProjectMethods.java:28)at wdMethods.TestLeafProjectMethods.close(TestLeafProjectMethods.java:28)at wdMethods.TestLeafProjectMethods.close(TestLeafProjectMethods.java:28)at wdMethods.TestLeafProjectMethods.close(TestLeafProjectMethods.java:28)at wdMethods.TestLeafProjectMethods.close(TestLeafProjectMethods.java:28)at wdMethods.TestLeafProjectMethods.close(TestLeafProjectMethods.java:28)at wdMethods.TestLeafProjectMethods.close(TestLeafProjectMethods.java:28)at wdMethods.TestLeafProjectMethods.close(TestLeafProjectMethods.java:28)at wdMethods.TestLeafProjectMethods.close(TestLeafProjectMethods.java:28)at wdMethods.TestLeafProjectMethods.close(TestLeafProjectMethods.java:28)at wdMethods.TestLeafProjectMethods.close(TestLeafProjectMethods.java:28)at wdMethods.TestLeafProjectMethods.close(TestLeafProjectMethods.java:28)at wdMethods.TestLeafProjectMethods.close(TestLeafProjectMethods.java:28)at wdMethods.TestLeafProjectMethods.close(TestLeafProjectMethods.java:28)at wdMethods.TestLeafProjectMethods.close(TestLeafProjectMethods.java:28)at wdMethods.TestLeafProjectMethods.close(TestLeafProjectMethods.java:28)at wdMethods.TestLeafProjectMethods.close(TestLeafProjectMethods.java:28)at wdMethods.TestLeafProjectMethods.close(TestLeafProjectMethods.java:28)at wdMethods.TestLeafProjectMethods.close(TestLeafProjectMethods.java:28)at wdMethods.TestLeafProjectMethods.close(TestLeafProjectMethods.java:28)at wdMethods.TestLeafProjectMethods.close(TestLeafProjectMethods.java:28)at wdMethods.TestLeafProjectMethods.close(TestLeafProjectMethods.java:28)at wdMethods.TestLeafProjectMethods.close(TestLeafProjectMethods.java:28)at wdMethods.TestLeafProjectMethods.close(TestLeafProjectMethods.java:28)at wdMethods.TestLeafProjectMethods.close(TestLeafProjectMethods.java:28)at wdMethods.TestLeafProjectMethods.close(TestLeafProjectMethods.java:28)at wdMethods.TestLeafProjectMethods.close(TestLeafProjectMethods.java:28)at wdMethods.TestLeafProjectMethods.close(TestLeafProjectMethods.java:28)at wdMethods.TestLeafProjectMethods.close(TestLeafProjectMethods.java:28)at wdMethods.TestLeafProjectMethods.close(TestLeafProjectMethods.java:28)at wdMethods.TestLeafProjectMethods.close(TestLeafProjectMethods.java:28)at wdMethods.TestLeafProjectMethods.close(TestLeafProjectMethods.java:28)at wdMethods.TestLeafProjectMethods.close(TestLeafProjectMethods.java:28)at wdMethods.TestLeafProjectMethods.close(TestLeafProjectMethods.java:28)at wdMethods.TestLeafProjectMethods.close(TestLeafProjectMethods.java:28)at wdMethods.TestLeafProjectMethods.close(TestLeafProjectMethods.java:28)at wdMethods.TestLeafProjectMethods.close(TestLeafProjectMethods.java:28)at wdMethods.TestLeafProjectMethods.close(TestLeafProjectMethods.java:28)at wdMethods.TestLeafProjectMethods.close(TestLeafProjectMethods.java:28)at wdMethods.TestLeafProjectMethods.close(TestLeafProjectMethods.java:28)at wdMethods.TestLeafProjectMethods.close(TestLeafProjectMethods.java:28)at wdMethods.TestLeafProjectMethods.close(TestLeafProjectMethods.java:28)at wdMethods.TestLeafProjectMethods.close(TestLeafProjectMethods.java:28)at wdMethods.TestLeafProjectMethods.close(TestLeafProjectMethods.java:28)at wdMethods.TestLeafProjectMethods.close(TestLeafProjectMethods.java:28)at wdMethods.TestLeafProjectMethods.close(TestLeafProjectMethods.java:28)at wdMethods.TestLeafProjectMethods.close(TestLeafProjectMethods.java:28)at wdMethods.TestLeafProjectMethods.close(TestLeafProjectMethods.java:28)at wdMethods.TestLeafProjectMethods.close(TestLeafProjectMethods.java:28)at wdMethods.TestLeafProjectMethods.close(TestLeafProjectMethods.java:28)at wdMethods.TestLeafProjectMethods.close(TestLeafProjectMethods.java:28)at wdMethods.TestLeafProjectMethods.close(TestLeafProjectMethods.java:28)at wdMethods.TestLeafProjectMethods.close(TestLeafProjectMethods.java:28)at wdMethods.TestLeafProjectMethods.close(TestLeafProjectMethods.java:28)at wdMethods.TestLeafProjectMethods.close(TestLeafProjectMethods.java:28)at wdMethods.TestLeafProjectMethods.close(TestLeafProjectMethods.java:28)at wdMethods.TestLeafProjectMethods.close(TestLeafProjectMethods.java:28)at wdMethods.TestLeafProjectMethods.close(TestLeafProjectMethods.java:28)at wdMethods.TestLeafProjectMethods.close(TestLeafProjectMethods.java:28)at wdMethods.TestLeafProjectMethods.close(TestLeafProjectMethods.java:28)at wdMethods.TestLeafProjectMethods.close(TestLeafProjectMethods.java:28)at wdMethods.TestLeafProjectMethods.close(TestLeafProjectMethods.java:28)at wdMethods.TestLeafProjectMethods.close(TestLeafProjectMethods.java:28)at wdMethods.TestLeafProjectMethods.close(TestLeafProjectMethods.java:28)at wdMethods.TestLeafProjectMethods.close(TestLeafProjectMethods.java:28)at wdMethods.TestLeafProjectMethods.close(TestLeafProjectMethods.java:28)at wdMethods.TestLeafProjectMethods.close(TestLeafProjectMethods.java:28)at wdMethods.TestLeafProjectMethods.close(TestLeafProjectMethods.java:28)at wdMethods.TestLeafProjectMethods.close(TestLeafProjectMethods.java:28)at wdMethods.TestLeafProjectMethods.close(TestLeafProjectMethods.java:28)at wdMethods.TestLeafProjectMethods.close(TestLeafProjectMethods.java:28)at wdMethods.TestLeafProjectMethods.close(TestLeafProjectMethods.java:28)at wdMethods.TestLeafProjectMethods.close(TestLeafProjectMethods.java:28)at wdMethods.TestLeafProjectMethods.close(TestLeafProjectMethods.java:28)at wdMethods.TestLeafProjectMethods.close(TestLeafProjectMethods.java:28)at wdMethods.TestLeafProjectMethods.close(TestLeafProjectMethods.java:28)at wdMethods.TestLeafProjectMethods.close(TestLeafProjectMethods.java:28)at wdMethods.TestLeafProjectMethods.close(TestLeafProjectMethods.java:28)at wdMethods.TestLeafProjectMethods.close(TestLeafProjectMethods.java:28)at wdMethods.TestLeafProjectMethods.close(TestLeafProjectMethods.java:28)at wdMethods.TestLeafProjectMethods.close(TestLeafProjectMethods.java:28)at wdMethods.TestLeafProjectMethods.close(TestLeafProjectMethods.java:28)at wdMethods.TestLeafProjectMethods.close(TestLeafProjectMethods.java:28)at wdMethods.TestLeafProjectMethods.close(TestLeafProjectMethods.java:28)at wdMethods.TestLeafProjectMethods.close(TestLeafProjectMethods.java:28)at wdMethods.TestLeafProjectMethods.close(TestLeafProjectMethods.java:28)at wdMethods.TestLeafProjectMethods.close(TestLeafProjectMethods.java:28)at wdMethods.TestLeafProjectMethods.close(TestLeafProjectMethods.java:28)at wdMethods.TestLeafProjectMethods.close(TestLeafProjectMethods.java:28)at wdMethods.TestLeafProjectMethods.close(TestLeafProjectMethods.java:28)at wdMethods.TestLeafProjectMethods.close(TestLeafProjectMethods.java:28)at wdMethods.TestLeafProjectMethods.close(TestLeafProjectMethods.java:28)at wdMethods.TestLeafProjectMethods.close(TestLeafProjectMethods.java:28)at wdMethods.TestLeafProjectMethods.close(TestLeafProjectMethods.java:28)at wdMethods.TestLeafProjectMethods.close(TestLeafProjectMethods.java:28)at wdMethods.TestLeafProjectMethods.close(TestLeafProjectMethods.java:28)at wdMethods.TestLeafProjectMethods.close(TestLeafProjectMethods.java:28)at wdMethods.TestLeafProjectMethods.close(TestLeafProjectMethods.java:28)at wdMethods.TestLeafProjectMethods.close(TestLeafProjectMethods.java:28)at wdMethods.TestLeafProjectMethods.close(TestLeafProjectMethods.java:28)at wdMethods.TestLeafProjectMethods.close(TestLeafProjectMethods.java:28)at wdMethods.TestLeafProjectMethods.close(TestLeafProjectMethods.java:28)at wdMethods.TestLeafProjectMethods.close(TestLeafProjectMethods.java:28)at wdMethods.TestLeafProjectMethods.close(TestLeafProjectMethods.java:28)at wdMethods.TestLeafProjectMethods.close(TestLeafProjectMethods.java:28)at wdMethods.TestLeafProjectMethods.close(TestLeafProjectMethods.java:28)at wdMethods.TestLeafProjectMethods.close(TestLeafProjectMethods.java:28)at wdMethods.TestLeafProjectMethods.close(TestLeafProjectMethods.java:28)at wdMethods.TestLeafProjectMethods.close(TestLeafProjectMethods.java:28)at wdMethods.TestLeafProjectMethods.close(TestLeafProjectMethods.java:28)at wdMethods.TestLeafProjectMethods.close(TestLeafProjectMethods.java:28)at wdMethods.TestLeafProjectMethods.close(TestLeafProjectMethods.java:28)at wdMethods.TestLeafProjectMethods.close(TestLeafProjectMethods.java:28)at wdMethods.TestLeafProjectMethods.close(TestLeafProjectMethods.java:28)at wdMethods.TestLeafProjectMethods.close(TestLeafProjectMethods.java:28)at wdMethods.TestLeafProjectMethods.close(TestLeafProjectMethods.java:28)at wdMethods.TestLeafProjectMethods.close(TestLeafProjectMethods.java:28)at wdMethods.TestLeafProjectMethods.close(TestLeafProjectMethods.java:28)at wdMethods.TestLeafProjectMethods.close(TestLeafProjectMethods.java:28)at wdMethods.TestLeafProjectMethods.close(TestLeafProjectMethods.java:28)at wdMethods.TestLeafProjectMethods.close(TestLeafProjectMethods.java:28)at wdMethods.TestLeafProjectMethods.close(TestLeafProjectMethods.java:28)at wdMethods.TestLeafProjectMethods.close(TestLeafProjectMethods.java:28)at wdMethods.TestLeafProjectMethods.close(TestLeafProjectMethods.java:28)at wdMethods.TestLeafProjectMethods.close(TestLeafProjectMethods.java:28)at wdMethods.TestLeafProjectMethods.close(TestLeafProjectMethods.java:28)at wdMethods.TestLeafProjectMethods.close(TestLeafProjectMethods.java:28)at wdMethods.TestLeafProjectMethods.close(TestLeafProjectMethods.java:28)at wdMethods.TestLeafProjectMethods.close(TestLeafProjectMethods.java:28)at wdMethods.TestLeafProjectMethods.close(TestLeafProjectMethods.java:28)at wdMethods.TestLeafProjectMethods.close(TestLeafProjectMethods.java:28)at wdMethods.TestLeafProjectMethods.close(TestLeafProjectMethods.java:28)at wdMethods.TestLeafProjectMethods.close(TestLeafProjectMethods.java:28)at wdMethods.TestLeafProjectMethods.close(TestLeafProjectMethods.java:28)at wdMethods.TestLeafProjectMethods.close(TestLeafProjectMethods.java:28)at wdMethods.TestLeafProjectMethods.close(TestLeafProjectMethods.java:28)at wdMethods.TestLeafProjectMethods.close(TestLeafProjectMethods.java:28)at wdMethods.TestLeafProjectMethods.close(TestLeafProjectMethods.java:28)at wdMethods.TestLeafProjectMethods.close(TestLeafProjectMethods.java:28)at wdMethods.TestLeafProjectMethods.close(TestLeafProjectMethods.java:28)at wdMethods.TestLeafProjectMethods.close(TestLeafProjectMethods.java:28)at wdMethods.TestLeafProjectMethods.close(TestLeafProjectMethods.java:28)at wdMethods.TestLeafProjectMethods.close(TestLeafProjectMethods.java:28)at wdMethods.TestLeafProjectMethods.close(TestLeafProjectMethods.java:28)at wdMethods.TestLeafProjectMethods.close(TestLeafProjectMethods.java:28)at wdMethods.TestLeafProjectMethods.close(TestLeafProjectMethods.java:28)at wdMethods.TestLeafProjectMethods.close(TestLeafProjectMethods.java:28)at wdMethods.TestLeafProjectMethods.close(TestLeafProjectMethods.java:28)at wdMethods.TestLeafProjectMethods.close(TestLeafProjectMethods.java:28)at wdMethods.TestLeafProjectMethods.close(TestLeafProjectMethods.java:28)at wdMethods.TestLeafProjectMethods.close(TestLeafProjectMethods.java:28)at wdMethods.TestLeafProjectMethods.close(TestLeafProjectMethods.java:28)at wdMethods.TestLeafProjectMethods.close(TestLeafProjectMethods.java:28)at wdMethods.TestLeafProjectMethods.close(TestLeafProjectMethods.java:28)at wdMethods.TestLeafProjectMethods.close(TestLeafProjectMethods.java:28)at wdMethods.TestLeafProjectMethods.close(TestLeafProjectMethods.java:28)at wdMethods.TestLeafProjectMethods.close(TestLeafProjectMethods.java:28)at wdMethods.TestLeafProjectMethods.close(TestLeafProjectMethods.java:28)at wdMethods.TestLeafProjectMethods.close(TestLeafProjectMethods.java:28)at wdMethods.TestLeafProjectMethods.close(TestLeafProjectMethods.java:28)at wdMethods.TestLeafProjectMethods.close(TestLeafProjectMethods.java:28)at wdMethods.TestLeafProjectMethods.close(TestLeafProjectMethods.java:28)at wdMethods.TestLeafProjectMethods.close(TestLeafProjectMethods.java:28)at wdMethods.TestLeafProjectMethods.close(TestLeafProjectMethods.java:28)at wdMethods.TestLeafProjectMethods.close(TestLeafProjectMethods.java:28)at wdMethods.TestLeafProjectMethods.close(TestLeafProjectMethods.java:28)at wdMethods.TestLeafProjectMethods.close(TestLeafProjectMethods.java:28)at wdMethods.TestLeafProjectMethods.close(TestLeafProjectMethods.java:28)at wdMethods.TestLeafProjectMethods.close(TestLeafProjectMethods.java:28)at wdMethods.TestLeafProjectMethods.close(TestLeafProjectMethods.java:28)at wdMethods.TestLeafProjectMethods.close(TestLeafProjectMethods.java:28)at wdMethods.TestLeafProjectMethods.close(TestLeafProjectMethods.java:28)at wdMethods.TestLeafProjectMethods.close(TestLeafProjectMethods.java:28)at wdMethods.TestLeafProjectMethods.close(TestLeafProjectMethods.java:28)at wdMethods.TestLeafProjectMethods.close(TestLeafProjectMethods.java:28)at wdMethods.TestLeafProjectMethods.close(TestLeafProjectMethods.java:28)at wdMethods.TestLeafProjectMethods.close(TestLeafProjectMethods.java:28)at wdMethods.TestLeafProjectMethods.close(TestLeafProjectMethods.java:28)at wdMethods.TestLeafProjectMethods.close(TestLeafProjectMethods.java:28)at wdMethods.TestLeafProjectMethods.close(TestLeafProjectMethods.java:28)at wdMethods.TestLeafProjectMethods.close(TestLeafProjectMethods.java:28)at wdMethods.TestLeafProjectMethods.close(TestLeafProjectMethods.java:28)at wdMethods.TestLeafProjectMethods.close(TestLeafProjectMethods.java:28)at wdMethods.TestLeafProjectMethods.close(TestLeafProjectMethods.java:28)at wdMethods.TestLeafProjectMethods.close(TestLeafProjectMethods.java:28)at wdMethods.TestLeafProjectMethods.close(TestLeafProjectMethods.java:28)at wdMethods.TestLeafProjectMethods.close(TestLeafProjectMethods.java:28)at wdMethods.TestLeafProjectMethods.close(TestLeafProjectMethods.java:28)at wdMethods.TestLeafProjectMethods.close(TestLeafProjectMethods.java:28)at wdMethods.TestLeafProjectMethods.close(TestLeafProjectMethods.java:28)at wdMethods.TestLeafProjectMethods.close(TestLeafProjectMethods.java:28)at wdMethods.TestLeafProjectMethods.close(TestLeafProjectMethods.java:28)at wdMethods.TestLeafProjectMethods.close(TestLeafProjectMethods.java:28)at wdMethods.TestLeafProjectMethods.close(TestLeafProjectMethods.java:28)at wdMethods.TestLeafProjectMethods.close(TestLeafProjectMethods.java:28)at wdMethods.TestLeafProjectMethods.close(TestLeafProjectMethods.java:28)at wdMethods.TestLeafProjectMethods.close(TestLeafProjectMethods.java:28)at wdMethods.TestLeafProjectMethods.close(TestLeafProjectMethods.java:28)at wdMethods.TestLeafProjectMethods.close(TestLeafProjectMethods.java:28)at wdMethods.TestLeafProjectMethods.close(TestLeafProjectMethods.java:28)at wdMethods.TestLeafProjectMethods.close(TestLeafProjectMethods.java:28)at wdMethods.TestLeafProjectMethods.close(TestLeafProjectMethods.java:28)at wdMethods.TestLeafProjectMethods.close(TestLeafProjectMethods.java:28)at wdMethods.TestLeafProjectMethods.close(TestLeafProjectMethods.java:28)at wdMethods.TestLeafProjectMethods.close(TestLeafProjectMethods.java:28)at wdMethods.TestLeafProjectMethods.close(TestLeafProjectMethods.java:28)at wdMethods.TestLeafProjectMethods.close(TestLeafProjectMethods.java:28)at wdMethods.TestLeafProjectMethods.close(TestLeafProjectMethods.java:28)at wdMethods.TestLeafProjectMethods.close(TestLeafProjectMethods.java:28)at wdMethods.TestLeafProjectMethods.close(TestLeafProjectMethods.java:28)at wdMethods.TestLeafProjectMethods.close(TestLeafProjectMethods.java:28)at wdMethods.TestLeafProjectMethods.close(TestLeafProjectMethods.java:28)at wdMethods.TestLeafProjectMethods.close(TestLeafProjectMethods.java:28)at wdMethods.TestLeafProjectMethods.close(TestLeafProjectMethods.java:28)at wdMethods.TestLeafProjectMethods.close(TestLeafProjectMethods.java:28)at wdMethods.TestLeafProjectMethods.close(TestLeafProjectMethods.java:28)at wdMethods.TestLeafProjectMethods.close(TestLeafProjectMethods.java:28)at wdMethods.TestLeafProjectMethods.close(TestLeafProjectMethods.java:28)at wdMethods.TestLeafProjectMethods.close(TestLeafProjectMethods.java:28)at wdMethods.TestLeafProjectMethods.close(TestLeafProjectMethods.java:28)at wdMethods.TestLeafProjectMethods.close(TestLeafProjectMethods.java:28)at wdMethods.TestLeafProjectMethods.close(TestLeafProjectMethods.java:28)at wdMethods.TestLeafProjectMethods.close(TestLeafProjectMethods.java:28)at wdMethods.TestLeafProjectMethods.close(TestLeafProjectMethods.java:28)at wdMethods.TestLeafProjectMethods.close(TestLeafProjectMethods.java:28)at wdMethods.TestLeafProjectMethods.close(TestLeafProjectMethods.java:28)at wdMethods.TestLeafProjectMethods.close(TestLeafProjectMethods.java:28)at wdMethods.TestLeafProjectMethods.close(TestLeafProjectMethods.java:28)at wdMethods.TestLeafProjectMethods.close(TestLeafProjectMethods.java:28)at wdMethods.TestLeafProjectMethods.close(TestLeafProjectMethods.java:28)at wdMethods.TestLeafProjectMethods.close(TestLeafProjectMethods.java:28)at wdMethods.TestLeafProjectMethods.close(TestLeafProjectMethods.java:28)at wdMethods.TestLeafProjectMethods.close(TestLeafProjectMethods.java:28)at wdMethods.TestLeafProjectMethods.close(TestLeafProjectMethods.java:28)at wdMethods.TestLeafProjectMethods.close(TestLeafProjectMethods.java:28)at wdMethods.TestLeafProjectMethods.close(TestLeafProjectMethods.java:28)at wdMethods.TestLeafProjectMethods.close(TestLeafProjectMethods.java:28)at wdMethods.TestLeafProjectMethods.close(TestLeafProjectMethods.java:28)at wdMethods.TestLeafProjectMethods.close(TestLeafProjectMethods.java:28)at wdMethods.TestLeafProjectMethods.close(TestLeafProjectMethods.java:28)at wdMethods.TestLeafProjectMethods.close(TestLeafProjectMethods.java:28)at wdMethods.TestLeafProjectMethods.close(TestLeafProjectMethods.java:28)at wdMethods.TestLeafProjectMethods.close(TestLeafProjectMethods.java:28)at wdMethods.TestLeafProjectMethods.close(TestLeafProjectMethods.java:28)at wdMethods.TestLeafProjectMethods.close(TestLeafProjectMethods.java:28)at wdMethods.TestLeafProjectMethods.close(TestLeafProjectMethods.java:28)at wdMethods.TestLeafProjectMethods.close(TestLeafProjectMethods.java:28)at wdMethods.TestLeafProjectMethods.close(TestLeafProjectMethods.java:28)at wdMethods.TestLeafProjectMethods.close(TestLeafProjectMethods.java:28)at wdMethods.TestLeafProjectMethods.close(TestLeafProjectMethods.java:28)at wdMethods.TestLeafProjectMethods.close(TestLeafProjectMethods.java:28)at wdMethods.TestLeafProjectMethods.close(TestLeafProjectMethods.java:28)at wdMethods.TestLeafProjectMethods.close(TestLeafProjectMethods.java:28)at wdMethods.TestLeafProjectMethods.close(TestLeafProjectMethods.java:28)at wdMethods.TestLeafProjectMethods.close(TestLeafProjectMethods.java:28)at wdMethods.TestLeafProjectMethods.close(TestLeafProjectMethods.java:28)at wdMethods.TestLeafProjectMethods.close(TestLeafProjectMethods.java:28)at wdMethods.TestLeafProjectMethods.close(TestLeafProjectMethods.java:28)at wdMethods.TestLeafProjectMethods.close(TestLeafProjectMethods.java:28)at wdMethods.TestLeafProjectMethods.close(TestLeafProjectMethods.java:28)at wdMethods.TestLeafProjectMethods.close(TestLeafProjectMethods.java:28)at wdMethods.TestLeafProjectMethods.close(TestLeafProjectMethods.java:28)at wdMethods.TestLeafProjectMethods.close(TestLeafProjectMethods.java:28)at wdMethods.TestLeafProjectMethods.close(TestLeafProjectMethods.java:28)at wdMethods.TestLeafProjectMethods.close(TestLeafProjectMethods.java:28)at wdMethods.TestLeafProjectMethods.close(TestLeafProjectMethods.java:28)at wdMethods.TestLeafProjectMethods.close(TestLeafProjectMethods.java:28)at wdMethods.TestLeafProjectMethods.close(TestLeafProjectMethods.java:28)at wdMethods.TestLeafProjectMethods.close(TestLeafProjectMethods.java:28)at wdMethods.TestLeafProjectMethods.close(TestLeafProjectMethods.java:28)at wdMethods.TestLeafProjectMethods.close(TestLeafProjectMethods.java:28)at wdMethods.TestLeafProjectMethods.close(TestLeafProjectMethods.java:28)at wdMethods.TestLeafProjectMethods.close(TestLeafProjectMethods.java:28)at wdMethods.TestLeafProjectMethods.close(TestLeafProjectMethods.java:28)at wdMethods.TestLeafProjectMethods.close(TestLeafProjectMethods.java:28)at wdMethods.TestLeafProjectMethods.close(TestLeafProjectMethods.java:28)at wdMethods.TestLeafProjectMethods.close(TestLeafProjectMethods.java:28)at wdMethods.TestLeafProjectMethods.close(TestLeafProjectMethods.java:28)at wdMethods.TestLeafProjectMethods.close(TestLeafProjectMethods.java:28)at wdMethods.TestLeafProjectMethods.close(TestLeafProjectMethods.java:28)at wdMethods.TestLeafProjectMethods.close(TestLeafProjectMethods.java:28)at wdMethods.TestLeafProjectMethods.close(TestLeafProjectMethods.java:28)at wdMethods.TestLeafProjectMethods.close(TestLeafProjectMethods.java:28)at wdMethods.TestLeafProjectMethods.close(TestLeafProjectMethods.java:28)at wdMethods.TestLeafProjectMethods.close(TestLeafProjectMethods.java:28)at wdMethods.TestLeafProjectMethods.close(TestLeafProjectMethods.java:28)at wdMethods.TestLeafProjectMethods.close(TestLeafProjectMethods.java:28)at wdMethods.TestLeafProjectMethods.close(TestLeafProjectMethods.java:28)at wdMethods.TestLeafProjectMethods.close(TestLeafProjectMethods.java:28)at wdMethods.TestLeafProjectMethods.close(TestLeafProjectMethods.java:28)at wdMethods.TestLeafProjectMethods.close(TestLeafProjectMethods.java:28)at wdMethods.TestLeafProjectMethods.close(TestLeafProjectMethods.java:28)at wdMethods.TestLeafProjectMethods.close(TestLeafProjectMethods.java:28)at wdMethods.TestLeafProjectMethods.close(TestLeafProjectMethods.java:28)at wdMethods.TestLeafProjectMethods.close(TestLeafProjectMethods.java:28)at wdMethods.TestLeafProjectMethods.close(TestLeafProjectMethods.java:28)at wdMethods.TestLeafProjectMethods.close(TestLeafProjectMethods.java:28)at wdMethods.TestLeafProjectMethods.close(TestLeafProjectMethods.java:28)at wdMethods.TestLeafProjectMethods.close(TestLeafProjectMethods.java:28)at wdMethods.TestLeafProjectMethods.close(TestLeafProjectMethods.java:28)at wdMethods.TestLeafProjectMethods.close(TestLeafProjectMethods.java:28)at wdMethods.TestLeafProjectMethods.close(TestLeafProjectMethods.java:28)at wdMethods.TestLeafProjectMethods.close(TestLeafProjectMethods.java:28)at wdMethods.TestLeafProjectMethods.close(TestLeafProjectMethods.java:28)at wdMethods.TestLeafProjectMethods.close(TestLeafProjectMethods.java:28)at wdMethods.TestLeafProjectMethods.close(TestLeafProjectMethods.java:28)at wdMethods.TestLeafProjectMethods.close(TestLeafProjectMethods.java:28)at wdMethods.TestLeafProjectMethods.close(TestLeafProjectMethods.java:28)at wdMethods.TestLeafProjectMethods.close(TestLeafProjectMethods.java:28)at wdMethods.TestLeafProjectMethods.close(TestLeafProjectMethods.java:28)at wdMethods.TestLeafProjectMethods.close(TestLeafProjectMethods.java:28)at wdMethods.TestLeafProjectMethods.close(TestLeafProjectMethods.java:28)at wdMethods.TestLeafProjectMethods.close(TestLeafProjectMethods.java:28)at wdMethods.TestLeafProjectMethods.close(TestLeafProjectMethods.java:28)at wdMethods.TestLeafProjectMethods.close(TestLeafProjectMethods.java:28)at wdMethods.TestLeafProjectMethods.close(TestLeafProjectMethods.java:28)at wdMethods.TestLeafProjectMethods.close(TestLeafProjectMethods.java:28)at wdMethods.TestLeafProjectMethods.close(TestLeafProjectMethods.java:28)at wdMethods.TestLeafProjectMethods.close(TestLeafProjectMethods.java:28)at wdMethods.TestLeafProjectMethods.close(TestLeafProjectMethods.java:28)at wdMethods.TestLeafProjectMethods.close(TestLeafProjectMethods.java:28)at wdMethods.TestLeafProjectMethods.close(TestLeafProjectMethods.java:28)at wdMethods.TestLeafProjectMethods.close(TestLeafProjectMethods.java:28)at wdMethods.TestLeafProjectMethods.close(TestLeafProjectMethods.java:28)at wdMethods.TestLeafProjectMethods.close(TestLeafProjectMethods.java:28)at wdMethods.TestLeafProjectMethods.close(TestLeafProjectMethods.java:28)at wdMethods.TestLeafProjectMethods.close(TestLeafProjectMethods.java:28)at wdMethods.TestLeafProjectMethods.close(TestLeafProjectMethods.java:28)at wdMethods.TestLeafProjectMethods.close(TestLeafProjectMethods.java:28)at wdMethods.TestLeafProjectMethods.close(TestLeafProjectMethods.java:28)at wdMethods.TestLeafProjectMethods.close(TestLeafProjectMethods.java:28)at wdMethods.TestLeafProjectMethods.close(TestLeafProjectMethods.java:28)at wdMethods.TestLeafProjectMethods.close(TestLeafProjectMethods.java:28)at wdMethods.TestLeafProjectMethods.close(TestLeafProjectMethods.java:28)at wdMethods.TestLeafProjectMethods.close(TestLeafProjectMethods.java:28)at wdMethods.TestLeafProjectMethods.close(TestLeafProjectMethods.java:28)at wdMethods.TestLeafProjectMethods.close(TestLeafProjectMethods.java:28)at wdMethods.TestLeafProjectMethods.close(TestLeafProjectMethods.java:28)at wdMethods.TestLeafProjectMethods.close(TestLeafProjectMethods.java:28)at wdMethods.TestLeafProjectMethods.close(TestLeafProjectMethods.java:28)at wdMethods.TestLeafProjectMethods.close(TestLeafProjectMethods.java:28)at wdMethods.TestLeafProjectMethods.close(TestLeafProjectMethods.java:28)at wdMethods.TestLeafProjectMethods.close(TestLeafProjectMethods.java:28)at wdMethods.TestLeafProjectMethods.close(TestLeafProjectMethods.java:28)at wdMethods.TestLeafProjectMethods.close(TestLeafProjectMethods.java:28)at wdMethods.TestLeafProjectMethods.close(TestLeafProjectMethods.java:28)at wdMethods.TestLeafProjectMethods.close(TestLeafProjectMethods.java:28)at wdMethods.TestLeafProjectMethods.close(TestLeafProjectMethods.java:28)at wdMethods.TestLeafProjectMethods.close(TestLeafProjectMethods.java:28)at wdMethods.TestLeafProjectMethods.close(TestLeafProjectMethods.java:28)at wdMethods.TestLeafProjectMethods.close(TestLeafProjectMethods.java:28)at wdMethods.TestLeafProjectMethods.close(TestLeafProjectMethods.java:28)at wdMethods.TestLeafProjectMethods.close(TestLeafProjectMethods.java:28)at wdMethods.TestLeafProjectMethods.close(TestLeafProjectMethods.java:28)at wdMethods.TestLeafProjectMethods.close(TestLeafProjectMethods.java:28)at wdMethods.TestLeafProjectMethods.close(TestLeafProjectMethods.java:28)at wdMethods.TestLeafProjectMethods.close(TestLeafProjectMethods.java:28)at wdMethods.TestLeafProjectMethods.close(TestLeafProjectMethods.java:28)at wdMethods.TestLeafProjectMethods.close(TestLeafProjectMethods.java:28)at wdMethods.TestLeafProjectMethods.close(TestLeafProjectMethods.java:28)at wdMethods.TestLeafProjectMethods.close(TestLeafProjectMethods.java:28)at wdMethods.TestLeafProjectMethods.close(TestLeafProjectMethods.java:28)at wdMethods.TestLeafProjectMethods.close(TestLeafProjectMethods.java:28)at wdMethods.TestLeafProjectMethods.close(TestLeafProjectMethods.java:28)at wdMethods.TestLeafProjectMethods.close(TestLeafProjectMethods.java:28)at wdMethods.TestLeafProjectMethods.close(TestLeafProjectMethods.java:28)at wdMethods.TestLeafProjectMethods.close(TestLeafProjectMethods.java:28)at wdMethods.TestLeafProjectMethods.close(TestLeafProjectMethods.java:28)at wdMethods.TestLeafProjectMethods.close(TestLeafProjectMethods.java:28)at wdMethods.TestLeafProjectMethods.close(TestLeafProjectMethods.java:28)at wdMethods.TestLeafProjectMethods.close(TestLeafProjectMethods.java:28)at wdMethods.TestLeafProjectMethods.close(TestLeafProjectMethods.java:28)at wdMethods.TestLeafProjectMethods.close(TestLeafProjectMethods.java:28)at wdMethods.TestLeafProjectMethods.close(TestLeafProjectMethods.java:28)at wdMethods.TestLeafProjectMethods.close(TestLeafProjectMethods.java:28)at wdMethods.TestLeafProjectMethods.close(TestLeafProjectMethods.java:28)at wdMethods.TestLeafProjectMethods.close(TestLeafProjectMethods.java:28)at wdMethods.TestLeafProjectMethods.close(TestLeafProjectMethods.java:28)at wdMethods.TestLeafProjectMethods.close(TestLeafProjectMethods.java:28)at wdMethods.TestLeafProjectMethods.close(TestLeafProjectMethods.java:28)at wdMethods.TestLeafProjectMethods.close(TestLeafProjectMethods.java:28)at wdMethods.TestLeafProjectMethods.close(TestLeafProjectMethods.java:28)at wdMethods.TestLeafProjectMethods.close(TestLeafProjectMethods.java:28)at wdMethods.TestLeafProjectMethods.close(TestLeafProjectMethods.java:28)at wdMethods.TestLeafProjectMethods.close(TestLeafProjectMethods.java:28)at wdMethods.TestLeafProjectMethods.close(TestLeafProjectMethods.java:28)at wdMethods.TestLeafProjectMethods.close(TestLeafProjectMethods.java:28)at wdMethods.TestLeafProjectMethods.close(TestLeafProjectMethods.java:28)at wdMethods.TestLeafProjectMethods.close(TestLeafProjectMethods.java:28)at wdMethods.TestLeafProjectMethods.close(TestLeafProjectMethods.java:28)at wdMethods.TestLeafProjectMethods.close(TestLeafProjectMethods.java:28)at wdMethods.TestLeafProjectMethods.close(TestLeafProjectMethods.java:28)at wdMethods.TestLeafProjectMethods.close(TestLeafProjectMethods.java:28)at wdMethods.TestLeafProjectMethods.close(TestLeafProjectMethods.java:28)at wdMethods.TestLeafProjectMethods.close(TestLeafProjectMethods.java:28)at wdMethods.TestLeafProjectMethods.close(TestLeafProjectMethods.java:28)at wdMethods.TestLeafProjectMethods.close(TestLeafProjectMethods.java:28)at wdMethods.TestLeafProjectMethods.close(TestLeafProjectMethods.java:28)at wdMethods.TestLeafProjectMethods.close(TestLeafProjectMethods.java:28)at wdMethods.TestLeafProjectMethods.close(TestLeafProjectMethods.java:28)at wdMethods.TestLeafProjectMethods.close(TestLeafProjectMethods.java:28)at wdMethods.TestLeafProjectMethods.close(TestLeafProjectMethods.java:28)at wdMethods.TestLeafProjectMethods.close(TestLeafProjectMethods.java:28)at wdMethods.TestLeafProjectMethods.close(TestLeafProjectMethods.java:28)at wdMethods.TestLeafProjectMethods.close(TestLeafProjectMethods.java:28)at wdMethods.TestLeafProjectMethods.close(TestLeafProjectMethods.java:28)at wdMethods.TestLeafProjectMethods.close(TestLeafProjectMethods.java:28)at wdMethods.TestLeafProjectMethods.close(TestLeafProjectMethods.java:28)at wdMethods.TestLeafProjectMethods.close(TestLeafProjectMethods.java:28)at wdMethods.TestLeafProjectMethods.close(TestLeafProjectMethods.java:28)at wdMethods.TestLeafProjectMethods.close(TestLeafProjectMethods.java:28)at wdMethods.TestLeafProjectMethods.close(TestLeafProjectMethods.java:28)at wdMethods.TestLeafProjectMethods.close(TestLeafProjectMethods.java:28)at wdMethods.TestLeafProjectMethods.close(TestLeafProjectMethods.java:28)at wdMethods.TestLeafProjectMethods.close(TestLeafProjectMethods.java:28)at wdMethods.TestLeafProjectMethods.close(TestLeafProjectMethods.java:28)at wdMethods.TestLeafProjectMethods.close(TestLeafProjectMethods.java:28)at wdMethods.TestLeafProjectMethods.close(TestLeafProjectMethods.java:28)at wdMethods.TestLeafProjectMethods.close(TestLeafProjectMethods.java:28)at wdMethods.TestLeafProjectMethods.close(TestLeafProjectMethods.java:28)at wdMethods.TestLeafProjectMethods.close(TestLeafProjectMethods.java:28)at wdMethods.TestLeafProjectMethods.close(TestLeafProjectMethods.java:28)at wdMethods.TestLeafProjectMethods.close(TestLeafProjectMethods.java:28)at wdMethods.TestLeafProjectMethods.close(TestLeafProjectMethods.java:28)at wdMethods.TestLeafProjectMethods.close(TestLeafProjectMethods.java:28)at wdMethods.TestLeafProjectMethods.close(TestLeafProjectMethods.java:28)at wdMethods.TestLeafProjectMethods.close(TestLeafProjectMethods.java:28)at wdMethods.TestLeafProjectMethods.close(TestLeafProjectMethods.java:28)at wdMethods.TestLeafProjectMethods.close(TestLeafProjectMethods.java:28)at wdMethods.TestLeafProjectMethods.close(TestLeafProjectMethods.java:28)at wdMethods.TestLeafProjectMethods.close(TestLeafProjectMethods.java:28)at wdMethods.TestLeafProjectMethods.close(TestLeafProjectMethods.java:28)at wdMethods.TestLeafProjectMethods.close(TestLeafProjectMethods.java:28)at wdMethods.TestLeafProjectMethods.close(TestLeafProjectMethods.java:28)at wdMethods.TestLeafProjectMethods.close(TestLeafProjectMethods.java:28)at wdMethods.TestLeafProjectMethods.close(TestLeafProjectMethods.java:28)at wdMethods.TestLeafProjectMethods.close(TestLeafProjectMethods.java:28)at wdMethods.TestLeafProjectMethods.close(TestLeafProjectMethods.java:28)at wdMethods.TestLeafProjectMethods.close(TestLeafProjectMethods.java:28)at wdMethods.TestLeafProjectMethods.close(TestLeafProjectMethods.java:28)at wdMethods.TestLeafProjectMethods.close(TestLeafProjectMethods.java:28)at wdMethods.TestLeafProjectMethods.close(TestLeafProjectMethods.java:28)at wdMethods.TestLeafProjectMethods.close(TestLeafProjectMethods.java:28)at wdMethods.TestLeafProjectMethods.close(TestLeafProjectMethods.java:28)at wdMethods.TestLeafProjectMethods.close(TestLeafProjectMethods.java:28)at wdMethods.TestLeafProjectMethods.close(TestLeafProjectMethods.java:28)at wdMethods.TestLeafProjectMethods.close(TestLeafProjectMethods.java:28)at wdMethods.TestLeafProjectMethods.close(TestLeafProjectMethods.java:28)at wdMethods.TestLeafProjectMethods.close(TestLeafProjectMethods.java:28)at wdMethods.TestLeafProjectMethods.close(TestLeafProjectMethods.java:28)at wdMethods.TestLeafProjectMethods.close(TestLeafProjectMethods.java:28)at wdMethods.TestLeafProjectMethods.close(TestLeafProjectMethods.java:28)at wdMethods.TestLeafProjectMethods.close(TestLeafProjectMethods.java:28)at wdMethods.TestLeafProjectMethods.close(TestLeafProjectMethods.java:28)at wdMethods.TestLeafProjectMethods.close(TestLeafProjectMethods.java:28)at wdMethods.TestLeafProjectMethods.close(TestLeafProjectMethods.java:28)at wdMethods.TestLeafProjectMethods.close(TestLeafProjectMethods.java:28)at wdMethods.TestLeafProjectMethods.close(TestLeafProjectMethods.java:28)at wdMethods.TestLeafProjectMethods.close(TestLeafProjectMethods.java:28)at wdMethods.TestLeafProjectMethods.close(TestLeafProjectMethods.java:28)at wdMethods.TestLeafProjectMethods.close(TestLeafProjectMethods.java:28)at wdMethods.TestLeafProjectMethods.close(TestLeafProjectMethods.java:28)at wdMethods.TestLeafProjectMethods.close(TestLeafProjectMethods.java:28)at wdMethods.TestLeafProjectMethods.close(TestLeafProjectMethods.java:28)at wdMethods.TestLeafProjectMethods.close(TestLeafProjectMethods.java:28)at wdMethods.TestLeafProjectMethods.close(TestLeafProjectMethods.java:28)at wdMethods.TestLeafProjectMethods.close(TestLeafProjectMethods.java:28)at wdMethods.TestLeafProjectMethods.close(TestLeafProjectMethods.java:28)at wdMethods.TestLeafProjectMethods.close(TestLeafProjectMethods.java:28)at wdMethods.TestLeafProjectMethods.close(TestLeafProjectMethods.java:28)at wdMethods.TestLeafProjectMethods.close(TestLeafProjectMethods.java:28)at wdMethods.TestLeafProjectMethods.close(TestLeafProjectMethods.java:28)at wdMethods.TestLeafProjectMethods.close(TestLeafProjectMethods.java:28)at wdMethods.TestLeafProjectMethods.close(TestLeafProjectMethods.java:28)at wdMethods.TestLeafProjectMethods.close(TestLeafProjectMethods.java:28)at wdMethods.TestLeafProjectMethods.close(TestLeafProjectMethods.java:28)at wdMethods.TestLeafProjectMethods.close(TestLeafProjectMethods.java:28)at wdMethods.TestLeafProjectMethods.close(TestLeafProjectMethods.java:28)at wdMethods.TestLeafProjectMethods.close(TestLeafProjectMethods.java:28)at wdMethods.TestLeafProjectMethods.close(TestLeafProjectMethods.java:28)at wdMethods.TestLeafProjectMethods.close(TestLeafProjectMethods.java:28)at wdMethods.TestLeafProjectMethods.close(TestLeafProjectMethods.java:28)at wdMethods.TestLeafProjectMethods.close(TestLeafProjectMethods.java:28)at wdMethods.TestLeafProjectMethods.close(TestLeafProjectMethods.java:28)at wdMethods.TestLeafProjectMethods.close(TestLeafProjectMethods.java:28)at wdMethods.TestLeafProjectMethods.close(TestLeafProjectMethods.java:28)at wdMethods.TestLeafProjectMethods.close(TestLeafProjectMethods.java:28)at wdMethods.TestLeafProjectMethods.close(TestLeafProjectMethods.java:28)at wdMethods.TestLeafProjectMethods.close(TestLeafProjectMethods.java:28)at wdMethods.TestLeafProjectMethods.close(TestLeafProjectMethods.java:28)at wdMethods.TestLeafProjectMethods.close(TestLeafProjectMethods.java:28)at wdMethods.TestLeafProjectMethods.close(TestLeafProjectMethods.java:28)at wdMethods.TestLeafProjectMethods.close(TestLeafProjectMethods.java:28)at wdMethods.TestLeafProjectMethods.close(TestLeafProjectMethods.java:28)at wdMethods.TestLeafProjectMethods.close(TestLeafProjectMethods.java:28)at wdMethods.TestLeafProjectMethods.close(TestLeafProjectMethods.java:28)at wdMethods.TestLeafProjectMethods.close(TestLeafProjectMethods.java:28)at wdMethods.TestLeafProjectMethods.close(TestLeafProjectMethods.java:28)at wdMethods.TestLeafProjectMethods.close(TestLeafProjectMethods.java:28)at wdMethods.TestLeafProjectMethods.close(TestLeafProjectMethods.java:28)at wdMethods.TestLeafProjectMethods.close(TestLeafProjectMethods.java:28)at wdMethods.TestLeafProjectMethods.close(TestLeafProjectMethods.java:28)at wdMethods.TestLeafProjectMethods.close(TestLeafProjectMethods.java:28)at wdMethods.TestLeafProjectMethods.close(TestLeafProjectMethods.java:28)at wdMethods.TestLeafProjectMethods.close(TestLeafProjectMethods.java:28)at wdMethods.TestLeafProjectMethods.close(TestLeafProjectMethods.java:28)at wdMethods.TestLeafProjectMethods.close(TestLeafProjectMethods.java:28)at wdMethods.TestLeafProjectMethods.close(TestLeafProjectMethods.java:28)at wdMethods.TestLeafProjectMethods.close(TestLeafProjectMethods.java:28)at wdMethods.TestLeafProjectMethods.close(TestLeafProjectMethods.java:28)at wdMethods.TestLeafProjectMethods.close(TestLeafProjectMethods.java:28)at wdMethods.TestLeafProjectMethods.close(TestLeafProjectMethods.java:28)at wdMethods.TestLeafProjectMethods.close(TestLeafProjectMethods.java:28)at wdMethods.TestLeafProjectMethods.close(TestLeafProjectMethods.java:28)at wdMethods.TestLeafProjectMethods.close(TestLeafProjectMethods.java:28)at wdMethods.TestLeafProjectMethods.close(TestLeafProjectMethods.java:28)at wdMethods.TestLeafProjectMethods.close(TestLeafProjectMethods.java:28)at wdMethods.TestLeafProjectMethods.close(TestLeafProjectMethods.java:28)at wdMethods.TestLeafProjectMethods.close(TestLeafProjectMethods.java:28)at wdMethods.TestLeafProjectMethods.close(TestLeafProjectMethods.java:28)at wdMethods.TestLeafProjectMethods.close(TestLeafProjectMethods.java:28)at wdMethods.TestLeafProjectMethods.close(TestLeafProjectMethods.java:28)at wdMethods.TestLeafProjectMethods.close(TestLeafProjectMethods.java:28)at wdMethods.TestLeafProjectMethods.close(TestLeafProjectMethods.java:28)at wdMethods.TestLeafProjectMethods.close(TestLeafProjectMethods.java:28)at wdMethods.TestLeafProjectMethods.close(TestLeafProjectMethods.java:28)at wdMethods.TestLeafProjectMethods.close(TestLeafProjectMethods.java:28)at wdMethods.TestLeafProjectMethods.close(TestLeafProjectMethods.java:28)at wdMethods.TestLeafProjectMethods.close(TestLeafProjectMethods.java:28)at wdMethods.TestLeafProjectMethods.close(TestLeafProjectMethods.java:28)at wdMethods.TestLeafProjectMethods.close(TestLeafProjectMethods.java:28)at wdMethods.TestLeafProjectMethods.close(TestLeafProjectMethods.java:28)at wdMethods.TestLeafProjectMethods.close(TestLeafProjectMethods.java:28)at wdMethods.TestLeafProjectMethods.close(TestLeafProjectMethods.java:28)at wdMethods.TestLeafProjectMethods.close(TestLeafProjectMethods.java:28)at wdMethods.TestLeafProjectMethods.close(TestLeafProjectMethods.java:28)at wdMethods.TestLeafProjectMethods.close(TestLeafProjectMethods.java:28)at wdMethods.TestLeafProjectMethods.close(TestLeafProjectMethods.java:28)at wdMethods.TestLeafProjectMethods.close(TestLeafProjectMethods.java:28)at wdMethods.TestLeafProjectMethods.close(TestLeafProjectMethods.java:28)at wdMethods.TestLeafProjectMethods.close(TestLeafProjectMethods.java:28)at wdMethods.TestLeafProjectMethods.close(TestLeafProjectMethods.java:28)at wdMethods.TestLeafProjectMethods.close(TestLeafProjectMethods.java:28)at wdMethods.TestLeafProjectMethods.close(TestLeafProjectMethods.java:28)at wdMethods.TestLeafProjectMethods.close(TestLeafProjectMethods.java:28)at wdMethods.TestLeafProjectMethods.close(TestLeafProjectMethods.java:28)at wdMethods.TestLeafProjectMethods.close(TestLeafProjectMethods.java:28)at wdMethods.TestLeafProjectMethods.close(TestLeafProjectMethods.java:28)at wdMethods.TestLeafProjectMethods.close(TestLeafProjectMethods.java:28)at wdMethods.TestLeafProjectMethods.close(TestLeafProjectMethods.java:28)at wdMethods.TestLeafProjectMethods.close(TestLeafProjectMethods.java:28)at wdMethods.TestLeafProjectMethods.close(TestLeafProjectMethods.java:28)at wdMethods.TestLeafProjectMethods.close(TestLeafProjectMethods.java:28)at wdMethods.TestLeafProjectMethods.close(TestLeafProjectMethods.java:28)at wdMethods.TestLeafProjectMethods.close(TestLeafProjectMethods.java:28)at wdMethods.TestLeafProjectMethods.close(TestLeafProjectMethods.java:28)at wdMethods.TestLeafProjectMethods.close(TestLeafProjectMethods.java:28)at wdMethods.TestLeafProjectMethods.close(TestLeafProjectMethods.java:28)at wdMethods.TestLeafProjectMethods.close(TestLeafProjectMethods.java:28)at wdMethods.TestLeafProjectMethods.close(TestLeafProjectMethods.java:28)at wdMethods.TestLeafProjectMethods.close(TestLeafProjectMethods.java:28)at wdMethods.TestLeafProjectMethods.close(TestLeafProjectMethods.java:28)at wdMethods.TestLeafProjectMethods.close(TestLeafProjectMethods.java:28)at wdMethods.TestLeafProjectMethods.close(TestLeafProjectMethods.java:28)at wdMethods.TestLeafProjectMethods.close(TestLeafProjectMethods.java:28)at wdMethods.TestLeafProjectMethods.close(TestLeafProjectMethods.java:28)at wdMethods.TestLeafProjectMethods.close(TestLeafProjectMethods.java:28)at wdMethods.TestLeafProjectMethods.close(TestLeafProjectMethods.java:28)at wdMethods.TestLeafProjectMethods.close(TestLeafProjectMethods.java:28)at wdMethods.TestLeafProjectMethods.close(TestLeafProjectMethods.java:28)at wdMethods.TestLeafProjectMethods.close(TestLeafProjectMethods.java:28)at wdMethods.TestLeafProjectMethods.close(TestLeafProjectMethods.java:28)at wdMethods.TestLeafProjectMethods.close(TestLeafProjectMethods.java:28)at wdMethods.TestLeafProjectMethods.close(TestLeafProjectMethods.java:28)at wdMethods.TestLeafProjectMethods.close(TestLeafProjectMethods.java:28)at wdMethods.TestLeafProjectMethods.close(TestLeafProjectMethods.java:28)at wdMethods.TestLeafProjectMethods.close(TestLeafProjectMethods.java:28)at wdMethods.TestLeafProjectMethods.close(TestLeafProjectMethods.java:28)at wdMethods.TestLeafProjectMethods.close(TestLeafProjectMethods.java:28)at wdMethods.TestLeafProjectMethods.close(TestLeafProjectMethods.java:28)at wdMethods.TestLeafProjectMethods.close(TestLeafProjectMethods.java:28)at wdMethods.TestLeafProjectMethods.close(TestLeafProjectMethods.java:28)at wdMethods.TestLeafProjectMethods.close(TestLeafProjectMethods.java:28)at wdMethods.TestLeafProjectMethods.close(TestLeafProjectMethods.java:28)at wdMethods.TestLeafProjectMethods.close(TestLeafProjectMethods.java:28)at wdMethods.TestLeafProjectMethods.close(TestLeafProjectMethods.java:28)at wdMethods.TestLeafProjectMethods.close(TestLeafProjectMethods.java:28)at wdMethods.TestLeafProjectMethods.close(TestLeafProjectMethods.java:28)at wdMethods.TestLeafProjectMethods.close(TestLeafProjectMethods.java:28)at wdMethods.TestLeafProjectMethods.close(TestLeafProjectMethods.java:28)at wdMethods.TestLeafProjectMethods.close(TestLeafProjectMethods.java:28)at wdMethods.TestLeafProjectMethods.close(TestLeafProjectMethods.java:28)at wdMethods.TestLeafProjectMethods.close(TestLeafProjectMethods.java:28)at wdMethods.TestLeafProjectMethods.close(TestLeafProjectMethods.java:28)at wdMethods.TestLeafProjectMethods.close(TestLeafProjectMethods.java:28)at wdMethods.TestLeafProjectMethods.close(TestLeafProjectMethods.java:28)at wdMethods.TestLeafProjectMethods.close(TestLeafProjectMethods.java:28)at wdMethods.TestLeafProjectMethods.close(TestLeafProjectMethods.java:28)at wdMethods.TestLeafProjectMethods.close(TestLeafProjectMethods.java:28)at wdMethods.TestLeafProjectMethods.close(TestLeafProjectMethods.java:28)at wdMethods.TestLeafProjectMethods.close(TestLeafProjectMethods.java:28)at wdMethods.TestLeafProjectMethods.close(TestLeafProjectMethods.java:28)at wdMethods.TestLeafProjectMethods.close(TestLeafProjectMethods.java:28)at wdMethods.TestLeafProjectMethods.close(TestLeafProjectMethods.java:28)at wdMethods.TestLeafProjectMethods.close(TestLeafProjectMethods.java:28)at wdMethods.TestLeafProjectMethods.close(TestLeafProjectMethods.java:28)at wdMethods.TestLeafProjectMethods.close(TestLeafProjectMethods.java:28)at wdMethods.TestLeafProjectMethods.close(TestLeafProjectMethods.java:28)at wdMethods.TestLeafProjectMethods.close(TestLeafProjectMethods.java:28)at wdMethods.TestLeafProjectMethods.close(TestLeafProjectMethods.java:28)at wdMethods.TestLeafProjectMethods.close(TestLeafProjectMethods.java:28)at wdMethods.TestLeafProjectMethods.close(TestLeafProjectMethods.java:28)at wdMethods.TestLeafProjectMethods.close(TestLeafProjectMethods.java:28)at wdMethods.TestLeafProjectMethods.close(TestLeafProjectMethods.java:28)at wdMethods.TestLeafProjectMethods.close(TestLeafProjectMethods.java:28)at wdMethods.TestLeafProjectMethods.close(TestLeafProjectMethods.java:28)at wdMethods.TestLeafProjectMethods.close(TestLeafProjectMethods.java:28)at wdMethods.TestLeafProjectMethods.close(TestLeafProjectMethods.java:28)at wdMethods.TestLeafProjectMethods.close(TestLeafProjectMethods.java:28)at wdMethods.TestLeafProjectMethods.close(TestLeafProjectMethods.java:28)at wdMethods.TestLeafProjectMethods.close(TestLeafProjectMethods.java:28)at wdMethods.TestLeafProjectMethods.close(TestLeafProjectMethods.java:28)at wdMethods.TestLeafProjectMethods.close(TestLeafProjectMethods.java:28)at wdMethods.TestLeafProjectMethods.close(TestLeafProjectMethods.java:28)at wdMethods.TestLeafProjectMethods.close(TestLeafProjectMethods.java:28)at wdMethods.TestLeafProjectMethods.close(TestLeafProjectMethods.java:28)]]>
    </failure>
  </testcase> <!-- @AfterMethod close -->
  <testcase name="@BeforeMethod login" time="0.0" classname="wdMethods.TestLeafProjectMethods">
    <skipped/>
  </testcase> <!-- @BeforeMethod login -->
  <testcase name="@AfterMethod close" time="0.0" classname="wdMethods.TestLeafProjectMethods">
    <skipped/>
  </testcase> <!-- @AfterMethod close -->
  <testcase name="createLead" time="14.799" classname="parameter.dataprovider.CreateLeadWdMethodsImple"/>
  <testcase name="createLead" time="0.0" classname="parameter.dataprovider.CreateLeadWdMethodsImple">
    <skipped/>
  </testcase> <!-- createLead -->
</testsuite> <!-- Test -->
