<?xml version="1.0" encoding="UTF-8"?>
<testng-results skipped="1" failed="0" ignored="0" total="2" passed="1">
  <reporter-output>
  </reporter-output>
  <suite name="Suite" duration-ms="31530" started-at="2018-04-08T07:35:41Z" finished-at="2018-04-08T07:36:12Z">
    <groups>
    </groups>
    <test name="Test" duration-ms="31530" started-at="2018-04-08T07:35:41Z" finished-at="2018-04-08T07:36:12Z">
      <class name="parameter.dataprovider.CreateLeadWdMethodsImple">
        <test-method status="PASS" signature="login(java.lang.String, java.lang.String, java.lang.String)[pri:0, instance:parameter.dataprovider.CreateLeadWdMethodsImple@1753b6d]" name="login" is-config="true" duration-ms="16632" started-at="2018-04-08T00:35:41Z" finished-at="2018-04-08T00:35:57Z">
          <params>
            <param index="0">
              <value>
                <![CDATA[http://www.leaftaps.com/opentaps/control/main]]>
              </value>
            </param>
            <param index="1">
              <value>
                <![CDATA[DemoSalesManager]]>
              </value>
            </param>
            <param index="2">
              <value>
                <![CDATA[crmsfa]]>
              </value>
            </param>
          </params>
          <reporter-output>
          </reporter-output>
        </test-method> <!-- login -->
        <test-method status="PASS" signature="createLead(java.lang.String, java.lang.String, java.lang.String, java.lang.String)[pri:0, instance:parameter.dataprovider.CreateLeadWdMethodsImple@1753b6d]" name="createLead" duration-ms="14799" started-at="2018-04-08T00:35:57Z" data-provider="readExcel" finished-at="2018-04-08T00:36:12Z">
          <params>
            <param index="0">
              <value>
                <![CDATA[SekharLead1]]>
              </value>
            </param>
            <param index="1">
              <value>
                <![CDATA[Reddy1]]>
              </value>
            </param>
            <param index="2">
              <value>
                <![CDATA[91]]>
              </value>
            </param>
            <param index="3">
              <value>
                <![CDATA[8939326843]]>
              </value>
            </param>
          </params>
          <reporter-output>
          </reporter-output>
        </test-method> <!-- createLead -->
        <test-method status="FAIL" signature="close()[pri:0, instance:parameter.dataprovider.CreateLeadWdMethodsImple@1753b6d]" name="close" is-config="true" duration-ms="3" started-at="2018-04-08T00:36:12Z" finished-at="2018-04-08T00:36:12Z">
          <exception class="java.lang.StackOverflowError">
            <full-stacktrace>
              <![CDATA[java.lang.StackOverflowErrorat wdMethods.TestLeafProjectMethods.close(TestLeafProjectMethods.java:28)at wdMethods.TestLeafProjectMethods.close(TestLeafProjectMethods.java:28)at wdMethods.TestLeafProjectMethods.close(TestLeafProjectMethods.java:28)at wdMethods.TestLeafProjectMethods.close(TestLeafProjectMethods.java:28)at wdMethods.TestLeafProjectMethods.close(TestLeafProjectMethods.java:28)at wdMethods.TestLeafProjectMethods.close(TestLeafProjectMethods.java:28)at wdMethods.TestLeafProjectMethods.close(TestLeafProjectMethods.java:28)at wdMethods.TestLeafProjectMethods.close(TestLeafProjectMethods.java:28)at wdMethods.TestLeafProjectMethods.close(TestLeafProjectMethods.java:28)at wdMethods.TestLeafProjectMethods.close(TestLeafProjectMethods.java:28)at wdMethods.TestLeafProjectMethods.close(TestLeafProjectMethods.java:28)at wdMethods.TestLeafProjectMethods.close(TestLeafProjectMethods.java:28)at wdMethods.TestLeafProjectMethods.close(TestLeafProjectMethods.java:28)at wdMethods.TestLeafProjectMethods.close(TestLeafProjectMethods.java:28)at wdMethods.TestLeafProjectMethods.close(TestLeafProjectMethods.java:28)at wdMethods.TestLeafProjectMethods.close(TestLeafProjectMethods.java:28)at wdMethods.TestLeafProjectMethods.close(TestLeafProjectMethods.java:28)at wdMethods.TestLeafProjectMethods.close(TestLeafProjectMethods.java:28)at wdMethods.TestLeafProjectMethods.close(TestLeafProjectMethods.java:28)at wdMethods.TestLeafProjectMethods.close(TestLeafProjectMethods.java:28)at wdMethods.TestLeafProjectMethods.close(TestLeafProjectMethods.java:28)at wdMethods.TestLeafProjectMethods.close(TestLeafProjectMethods.java:28)at wdMethods.TestLeafProjectMethods.close(TestLeafProjectMethods.java:28)at wdMethods.TestLeafProjectMethods.close(TestLeafProjectMethods.java:28)at wdMethods.TestLeafProjectMethods.close(TestLeafProjectMethods.java:28)at wdMethods.TestLeafProjectMethods.close(TestLeafProjectMethods.java:28)at wdMethods.TestLeafProjectMethods.close(TestLeafProjectMethods.java:28)at wdMethods.TestLeafProjectMethods.close(TestLeafProjectMethods.java:28)at wdMethods.TestLeafProjectMethods.close(TestLeafProjectMethods.java:28)at wdMethods.TestLeafProjectMethods.close(TestLeafProjectMethods.java:28)at wdMethods.TestLeafProjectMethods.close(TestLeafProjectMethods.java:28)at wdMethods.TestLeafProjectMethods.close(TestLeafProjectMethods.java:28)at wdMethods.TestLeafProjectMethods.close(TestLeafProjectMethods.java:28)at wdMethods.TestLeafProjectMethods.close(TestLeafProjectMethods.java:28)at wdMethods.TestLeafProjectMethods.close(TestLeafProjectMethods.java:28)at wdMethods.TestLeafProjectMethods.close(TestLeafProjectMethods.java:28)at wdMethods.TestLeafProjectMethods.close(TestLeafProjectMethods.java:28)at wdMethods.TestLeafProjectMethods.close(TestLeafProjectMethods.java:28)at wdMethods.TestLeafProjectMethods.close(TestLeafProjectMethods.java:28)at wdMethods.TestLeafProjectMethods.close(TestLeafProjectMethods.java:28)at wdMethods.TestLeafProjectMethods.close(TestLeafProjectMethods.java:28)at wdMethods.TestLeafProjectMethods.close(TestLeafProjectMethods.java:28)at wdMethods.TestLeafProjectMethods.close(TestLeafProjectMethods.java:28)at wdMethods.TestLeafProjectMethods.close(TestLeafProjectMethods.java:28)at wdMethods.TestLeafProjectMethods.close(TestLeafProjectMethods.java:28)at wdMethods.TestLeafProjectMethods.close(TestLeafProjectMethods.java:28)at wdMethods.TestLeafProjectMethods.close(TestLeafProjectMethods.java:28)at wdMethods.TestLeafProjectMethods.close(TestLeafProjectMethods.java:28)at wdMethods.TestLeafProjectMethods.close(TestLeafProjectMethods.java:28)at wdMethods.TestLeafProjectMethods.close(TestLeafProjectMethods.java:28)at wdMethods.TestLeafProjectMethods.close(TestLeafProjectMethods.java:28)at wdMethods.TestLeafProjectMethods.close(TestLeafProjectMethods.java:28)at wdMethods.TestLeafProjectMethods.close(TestLeafProjectMethods.java:28)at wdMethods.TestLeafProjectMethods.close(TestLeafProjectMethods.java:28)at wdMethods.TestLeafProjectMethods.close(TestLeafProjectMethods.java:28)at wdMethods.TestLeafProjectMethods.close(TestLeafProjectMethods.java:28)at wdMethods.TestLeafProjectMethods.close(TestLeafProjectMethods.java:28)at wdMethods.TestLeafProjectMethods.close(TestLeafProjectMethods.java:28)at wdMethods.TestLeafProjectMethods.close(TestLeafProjectMethods.java:28)at wdMethods.TestLeafProjectMethods.close(TestLeafProjectMethods.java:28)at wdMethods.TestLeafProjectMethods.close(TestLeafProjectMethods.java:28)at wdMethods.TestLeafProjectMethods.close(TestLeafProjectMethods.java:28)at wdMethods.TestLeafProjectMethods.close(TestLeafProjectMethods.java:28)at wdMethods.TestLeafProjectMethods.close(TestLeafProjectMethods.java:28)at wdMethods.TestLeafProjectMethods.close(TestLeafProjectMethods.java:28)at wdMethods.TestLeafProjectMethods.close(TestLeafProjectMethods.java:28)at wdMethods.TestLeafProjectMethods.close(TestLeafProjectMethods.java:28)at wdMethods.TestLeafProjectMethods.close(TestLeafProjectMethods.java:28)at wdMethods.TestLeafProjectMethods.close(TestLeafProjectMethods.java:28)at wdMethods.TestLeafProjectMethods.close(TestLeafProjectMethods.java:28)at wdMethods.TestLeafProjectMethods.close(TestLeafProjectMethods.java:28)at wdMethods.TestLeafProjectMethods.close(TestLeafProjectMethods.java:28)at wdMethods.TestLeafProjectMethods.close(TestLeafProjectMethods.java:28)at wdMethods.TestLeafProjectMethods.close(TestLeafProjectMethods.java:28)at wdMethods.TestLeafProjectMethods.close(TestLeafProjectMethods.java:28)at wdMethods.TestLeafProjectMethods.close(TestLeafProjectMethods.java:28)at wdMethods.TestLeafProjectMethods.close(TestLeafProjectMethods.java:28)at wdMethods.TestLeafProjectMethods.close(TestLeafProjectMethods.java:28)at wdMethods.TestLeafProjectMethods.close(TestLeafProjectMethods.java:28)at wdMethods.TestLeafProjectMethods.close(TestLeafProjectMethods.java:28)at wdMethods.TestLeafProjectMethods.close(TestLeafProjectMethods.java:28)at wdMethods.TestLeafProjectMethods.close(TestLeafProjectMethods.java:28)at wdMethods.TestLeafProjectMethods.close(TestLeafProjectMethods.java:28)at wdMethods.TestLeafProjectMethods.close(TestLeafProjectMethods.java:28)at wdMethods.TestLeafProjectMethods.close(TestLeafProjectMethods.java:28)at wdMethods.TestLeafProjectMethods.close(TestLeafProjectMethods.java:28)at wdMethods.TestLeafProjectMethods.close(TestLeafProjectMethods.java:28)at wdMethods.TestLeafProjectMethods.close(TestLeafProjectMethods.java:28)at wdMethods.TestLeafProjectMethods.close(TestLeafProjectMethods.java:28)at wdMethods.TestLeafProjectMethods.close(TestLeafProjectMethods.java:28)at wdMethods.TestLeafProjectMethods.close(TestLeafProjectMethods.java:28)at wdMethods.TestLeafProjectMethods.close(TestLeafProjectMethods.java:28)at wdMethods.TestLeafProjectMethods.close(TestLeafProjectMethods.java:28)at wdMethods.TestLeafProjectMethods.close(TestLeafProjectMethods.java:28)at wdMethods.TestLeafProjectMethods.close(TestLeafProjectMethods.java:28)at wdMethods.TestLeafProjectMethods.close(TestLeafProjectMethods.java:28)at wdMethods.TestLeafProjectMethods.close(TestLeafProjectMethods.java:28)at wdMethods.TestLeafProjectMethods.close(TestLeafProjectMethods.java:28)at wdMethods.TestLeafProjectMethods.close(TestLeafProjectMethods.java:28)at wdMethods.TestLeafProjectMethods.close(TestLeafProjectMethods.java:28)at wdMethods.TestLeafProjectMethods.close(TestLeafProjectMethods.java:28)at wdMethods.TestLeafProjectMethods.close(TestLeafProjectMethods.java:28)at wdMethods.TestLeafProjectMethods.close(TestLeafProjectMethods.java:28)at wdMethods.TestLeafProjectMethods.close(TestLeafProjectMethods.java:28)at wdMethods.TestLeafProjectMethods.close(TestLeafProjectMethods.java:28)at wdMethods.TestLeafProjectMethods.close(TestLeafProjectMethods.java:28)at wdMethods.TestLeafProjectMethods.close(TestLeafProjectMethods.java:28)at wdMethods.TestLeafProjectMethods.close(TestLeafProjectMethods.java:28)at wdMethods.TestLeafProjectMethods.close(TestLeafProjectMethods.java:28)at wdMethods.TestLeafProjectMethods.close(TestLeafProjectMethods.java:28)at wdMethods.TestLeafProjectMethods.close(TestLeafProjectMethods.java:28)at wdMethods.TestLeafProjectMethods.close(TestLeafProjectMethods.java:28)at wdMethods.TestLeafProjectMethods.close(TestLeafProjectMethods.java:28)at wdMethods.TestLeafProjectMethods.close(TestLeafProjectMethods.java:28)at wdMethods.TestLeafProjectMethods.close(TestLeafProjectMethods.java:28)at wdMethods.TestLeafProjectMethods.close(TestLeafProjectMethods.java:28)at wdMethods.TestLeafProjectMethods.close(TestLeafProjectMethods.java:28)at wdMethods.TestLeafProjectMethods.close(TestLeafProjectMethods.java:28)at wdMethods.TestLeafProjectMethods.close(TestLeafProjectMethods.java:28)at wdMethods.TestLeafProjectMethods.close(TestLeafProjectMethods.java:28)at wdMethods.TestLeafProjectMethods.close(TestLeafProjectMethods.java:28)at wdMethods.TestLeafProjectMethods.close(TestLeafProjectMethods.java:28)at wdMethods.TestLeafProjectMethods.close(TestLeafProjectMethods.java:28)at wdMethods.TestLeafProjectMethods.close(TestLeafProjectMethods.java:28)at wdMethods.TestLeafProjectMethods.close(TestLeafProjectMethods.java:28)at wdMethods.TestLeafProjectMethods.close(TestLeafProjectMethods.java:28)at wdMethods.TestLeafProjectMethods.close(TestLeafProjectMethods.java:28)at wdMethods.TestLeafProjectMethods.close(TestLeafProjectMethods.java:28)at wdMethods.TestLeafProjectMethods.close(TestLeafProjectMethods.java:28)at wdMethods.TestLeafProjectMethods.close(TestLeafProjectMethods.java:28)at wdMethods.TestLeafProjectMethods.close(TestLeafProjectMethods.java:28)at wdMethods.TestLeafProjectMethods.close(TestLeafProjectMethods.java:28)at wdMethods.TestLeafProjectMethods.close(TestLeafProjectMethods.java:28)at wdMethods.TestLeafProjectMethods.close(TestLeafProjectMethods.java:28)at wdMethods.TestLeafProjectMethods.close(TestLeafProjectMethods.java:28)at wdMethods.TestLeafProjectMethods.close(TestLeafProjectMethods.java:28)at wdMethods.TestLeafProjectMethods.close(TestLeafProjectMethods.java:28)at wdMethods.TestLeafProjectMethods.close(TestLeafProjectMethods.java:28)at wdMethods.TestLeafProjectMethods.close(TestLeafProjectMethods.java:28)at wdMethods.TestLeafProjectMethods.close(TestLeafProjectMethods.java:28)at wdMethods.TestLeafProjectMethods.close(TestLeafProjectMethods.java:28)at wdMethods.TestLeafProjectMethods.close(TestLeafProjectMethods.java:28)at wdMethods.TestLeafProjectMethods.close(TestLeafProjectMethods.java:28)at wdMethods.TestLeafProjectMethods.close(TestLeafProjectMethods.java:28)at wdMethods.TestLeafProjectMethods.close(TestLeafProjectMethods.java:28)at wdMethods.TestLeafProjectMethods.close(TestLeafProjectMethods.java:28)at wdMethods.TestLeafProjectMethods.close(TestLeafProjectMethods.java:28)at wdMethods.TestLeafProjectMethods.close(TestLeafProjectMethods.java:28)at wdMethods.TestLeafProjectMethods.close(TestLeafProjectMethods.java:28)at wdMethods.TestLeafProjectMethods.close(TestLeafProjectMethods.java:28)at wdMethods.TestLeafProjectMethods.close(TestLeafProjectMethods.java:28)at wdMethods.TestLeafProjectMethods.close(TestLeafProjectMethods.java:28)at wdMethods.TestLeafProjectMethods.close(TestLeafProjectMethods.java:28)at wdMethods.TestLeafProjectMethods.close(TestLeafProjectMethods.java:28)at wdMethods.TestLeafProjectMethods.close(TestLeafProjectMethods.java:28)at wdMethods.TestLeafProjectMethods.close(TestLeafProjectMethods.java:28)at wdMethods.TestLeafProjectMethods.close(TestLeafProjectMethods.java:28)at wdMethods.TestLeafProjectMethods.close(TestLeafProjectMethods.java:28)at wdMethods.TestLeafProjectMethods.close(TestLeafProjectMethods.java:28)at wdMethods.TestLeafProjectMethods.close(TestLeafProjectMethods.java:28)at wdMethods.TestLeafProjectMethods.close(TestLeafProjectMethods.java:28)at wdMethods.TestLeafProjectMethods.close(TestLeafProjectMethods.java:28)at wdMethods.TestLeafProjectMethods.close(TestLeafProjectMethods.java:28)at wdMethods.TestLeafProjectMethods.close(TestLeafProjectMethods.java:28)at wdMethods.TestLeafProjectMethods.close(TestLeafProjectMethods.java:28)at wdMethods.TestLeafProjectMethods.close(TestLeafProjectMethods.java:28)at wdMethods.TestLeafProjectMethods.close(TestLeafProjectMethods.java:28)at wdMethods.TestLeafProjectMethods.close(TestLeafProjectMethods.java:28)at wdMethods.TestLeafProjectMethods.close(TestLeafProjectMethods.java:28)at wdMethods.TestLeafProjectMethods.close(TestLeafProjectMethods.java:28)at wdMethods.TestLeafProjectMethods.close(TestLeafProjectMethods.java:28)at wdMethods.TestLeafProjectMethods.close(TestLeafProjectMethods.java:28)at wdMethods.TestLeafProjectMethods.close(TestLeafProjectMethods.java:28)at wdMethods.TestLeafProjectMethods.close(TestLeafProjectMethods.java:28)at wdMethods.TestLeafProjectMethods.close(TestLeafProjectMethods.java:28)at wdMethods.TestLeafProjectMethods.close(TestLeafProjectMethods.java:28)at wdMethods.TestLeafProjectMethods.close(TestLeafProjectMethods.java:28)at wdMethods.TestLeafProjectMethods.close(TestLeafProjectMethods.java:28)at wdMethods.TestLeafProjectMethods.close(TestLeafProjectMethods.java:28)at wdMethods.TestLeafProjectMethods.close(TestLeafProjectMethods.java:28)at wdMethods.TestLeafProjectMethods.close(TestLeafProjectMethods.java:28)at wdMethods.TestLeafProjectMethods.close(TestLeafProjectMethods.java:28)at wdMethods.TestLeafProjectMethods.close(TestLeafProjectMethods.java:28)at wdMethods.TestLeafProjectMethods.close(TestLeafProjectMethods.java:28)at wdMethods.TestLeafProjectMethods.close(TestLeafProjectMethods.java:28)at wdMethods.TestLeafProjectMethods.close(TestLeafProjectMethods.java:28)at wdMethods.TestLeafProjectMethods.close(TestLeafProjectMethods.java:28)at wdMethods.TestLeafProjectMethods.close(TestLeafProjectMethods.java:28)at wdMethods.TestLeafProjectMethods.close(TestLeafProjectMethods.java:28)at wdMethods.TestLeafProjectMethods.close(TestLeafProjectMethods.java:28)at wdMethods.TestLeafProjectMethods.close(TestLeafProjectMethods.java:28)at wdMethods.TestLeafProjectMethods.close(TestLeafProjectMethods.java:28)at wdMethods.TestLeafProjectMethods.close(TestLeafProjectMethods.java:28)at wdMethods.TestLeafProjectMethods.close(TestLeafProjectMethods.java:28)at wdMethods.TestLeafProjectMethods.close(TestLeafProjectMethods.java:28)at wdMethods.TestLeafProjectMethods.close(TestLeafProjectMethods.java:28)at wdMethods.TestLeafProjectMethods.close(TestLeafProjectMethods.java:28)at wdMethods.TestLeafProjectMethods.close(TestLeafProjectMethods.java:28)at wdMethods.TestLeafProjectMethods.close(TestLeafProjectMethods.java:28)at wdMethods.TestLeafProjectMethods.close(TestLeafProjectMethods.java:28)at wdMethods.TestLeafProjectMethods.close(TestLeafProjectMethods.java:28)at wdMethods.TestLeafProjectMethods.close(TestLeafProjectMethods.java:28)at wdMethods.TestLeafProjectMethods.close(TestLeafProjectMethods.java:28)at wdMethods.TestLeafProjectMethods.close(TestLeafProjectMethods.java:28)at wdMethods.TestLeafProjectMethods.close(TestLeafProjectMethods.java:28)at wdMethods.TestLeafProjectMethods.close(TestLeafProjectMethods.java:28)at wdMethods.TestLeafProjectMethods.close(TestLeafProjectMethods.java:28)at wdMethods.TestLeafProjectMethods.close(TestLeafProjectMethods.java:28)at wdMethods.TestLeafProjectMethods.close(TestLeafProjectMethods.java:28)at wdMethods.TestLeafProjectMethods.close(TestLeafProjectMethods.java:28)at wdMethods.TestLeafProjectMethods.close(TestLeafProjectMethods.java:28)at wdMethods.TestLeafProjectMethods.close(TestLeafProjectMethods.java:28)at wdMethods.TestLeafProjectMethods.close(TestLeafProjectMethods.java:28)at wdMethods.TestLeafProjectMethods.close(TestLeafProjectMethods.java:28)at wdMethods.TestLeafProjectMethods.close(TestLeafProjectMethods.java:28)at wdMethods.TestLeafProjectMethods.close(TestLeafProjectMethods.java:28)at wdMethods.TestLeafProjectMethods.close(TestLeafProjectMethods.java:28)at wdMethods.TestLeafProjectMethods.close(TestLeafProjectMethods.java:28)at wdMethods.TestLeafProjectMethods.close(TestLeafProjectMethods.java:28)at wdMethods.TestLeafProjectMethods.close(TestLeafProjectMethods.java:28)at wdMethods.TestLeafProjectMethods.close(TestLeafProjectMethods.java:28)at wdMethods.TestLeafProjectMethods.close(TestLeafProjectMethods.java:28)at wdMethods.TestLeafProjectMethods.close(TestLeafProjectMethods.java:28)at wdMethods.TestLeafProjectMethods.close(TestLeafProjectMethods.java:28)at wdMethods.TestLeafProjectMethods.close(TestLeafProjectMethods.java:28)at wdMethods.TestLeafProjectMethods.close(TestLeafProjectMethods.java:28)at wdMethods.TestLeafProjectMethods.close(TestLeafProjectMethods.java:28)at wdMethods.TestLeafProjectMethods.close(TestLeafProjectMethods.java:28)at wdMethods.TestLeafProjectMethods.close(TestLeafProjectMethods.java:28)at wdMethods.TestLeafProjectMethods.close(TestLeafProjectMethods.java:28)at wdMethods.TestLeafProjectMethods.close(TestLeafProjectMethods.java:28)at wdMethods.TestLeafProjectMethods.close(TestLeafProjectMethods.java:28)at wdMethods.TestLeafProjectMethods.close(TestLeafProjectMethods.java:28)at wdMethods.TestLeafProjectMethods.close(TestLeafProjectMethods.java:28)at wdMethods.TestLeafProjectMethods.close(TestLeafProjectMethods.java:28)at wdMethods.TestLeafProjectMethods.close(TestLeafProjectMethods.java:28)at wdMethods.TestLeafProjectMethods.close(TestLeafProjectMethods.java:28)at wdMethods.TestLeafProjectMethods.close(TestLeafProjectMethods.java:28)at wdMethods.TestLeafProjectMethods.close(TestLeafProjectMethods.java:28)at wdMethods.TestLeafProjectMethods.close(TestLeafProjectMethods.java:28)at wdMethods.TestLeafProjectMethods.close(TestLeafProjectMethods.java:28)at wdMethods.TestLeafProjectMethods.close(TestLeafProjectMethods.java:28)at wdMethods.TestLeafProjectMethods.close(TestLeafProjectMethods.java:28)at wdMethods.TestLeafProjectMethods.close(TestLeafProjectMethods.java:28)at wdMethods.TestLeafProjectMethods.close(TestLeafProjectMethods.java:28)at wdMethods.TestLeafProjectMethods.close(TestLeafProjectMethods.java:28)at wdMethods.TestLeafProjectMethods.close(TestLeafProjectMethods.java:28)at wdMethods.TestLeafProjectMethods.close(TestLeafProjectMethods.java:28)at wdMethods.TestLeafProjectMethods.close(TestLeafProjectMethods.java:28)at wdMethods.TestLeafProjectMethods.close(TestLeafProjectMethods.java:28)at wdMethods.TestLeafProjectMethods.close(TestLeafProjectMethods.java:28)at wdMethods.TestLeafProjectMethods.close(TestLeafProjectMethods.java:28)at wdMethods.TestLeafProjectMethods.close(TestLeafProjectMethods.java:28)at wdMethods.TestLeafProjectMethods.close(TestLeafProjectMethods.java:28)at wdMethods.TestLeafProjectMethods.close(TestLeafProjectMethods.java:28)at wdMethods.TestLeafProjectMethods.close(TestLeafProjectMethods.java:28)at wdMethods.TestLeafProjectMethods.close(TestLeafProjectMethods.java:28)at wdMethods.TestLeafProjectMethods.close(TestLeafProjectMethods.java:28)at wdMethods.TestLeafProjectMethods.close(TestLeafProjectMethods.java:28)at wdMethods.TestLeafProjectMethods.close(TestLeafProjectMethods.java:28)at wdMethods.TestLeafProjectMethods.close(TestLeafProjectMethods.java:28)at wdMethods.TestLeafProjectMethods.close(TestLeafProjectMethods.java:28)at wdMethods.TestLeafProjectMethods.close(TestLeafProjectMethods.java:28)at wdMethods.TestLeafProjectMethods.close(TestLeafProjectMethods.java:28)at wdMethods.TestLeafProjectMethods.close(TestLeafProjectMethods.java:28)at wdMethods.TestLeafProjectMethods.close(TestLeafProjectMethods.java:28)at wdMethods.TestLeafProjectMethods.close(TestLeafProjectMethods.java:28)at wdMethods.TestLeafProjectMethods.close(TestLeafProjectMethods.java:28)at wdMethods.TestLeafProjectMethods.close(TestLeafProjectMethods.java:28)at wdMethods.TestLeafProjectMethods.close(TestLeafProjectMethods.java:28)at wdMethods.TestLeafProjectMethods.close(TestLeafProjectMethods.java:28)at wdMethods.TestLeafProjectMethods.close(TestLeafProjectMethods.java:28)at wdMethods.TestLeafProjectMethods.close(TestLeafProjectMethods.java:28)at wdMethods.TestLeafProjectMethods.close(TestLeafProjectMethods.java:28)at wdMethods.TestLeafProjectMethods.close(TestLeafProjectMethods.java:28)at wdMethods.TestLeafProjectMethods.close(TestLeafProjectMethods.java:28)at wdMethods.TestLeafProjectMethods.close(TestLeafProjectMethods.java:28)at wdMethods.TestLeafProjectMethods.close(TestLeafProjectMethods.java:28)at wdMethods.TestLeafProjectMethods.close(TestLeafProjectMethods.java:28)at wdMethods.TestLeafProjectMethods.close(TestLeafProjectMethods.java:28)at wdMethods.TestLeafProjectMethods.close(TestLeafProjectMethods.java:28)at wdMethods.TestLeafProjectMethods.close(TestLeafProjectMethods.java:28)at wdMethods.TestLeafProjectMethods.close(TestLeafProjectMethods.java:28)at wdMethods.TestLeafProjectMethods.close(TestLeafProjectMethods.java:28)at wdMethods.TestLeafProjectMethods.close(TestLeafProjectMethods.java:28)at wdMethods.TestLeafProjectMethods.close(TestLeafProjectMethods.java:28)at wdMethods.TestLeafProjectMethods.close(TestLeafProjectMethods.java:28)at wdMethods.TestLeafProjectMethods.close(TestLeafProjectMethods.java:28)at wdMethods.TestLeafProjectMethods.close(TestLeafProjectMethods.java:28)at wdMethods.TestLeafProjectMethods.close(TestLeafProjectMethods.java:28)at wdMethods.TestLeafProjectMethods.close(TestLeafProjectMethods.java:28)at wdMethods.TestLeafProjectMethods.close(TestLeafProjectMethods.java:28)at wdMethods.TestLeafProjectMethods.close(TestLeafProjectMethods.java:28)at wdMethods.TestLeafProjectMethods.close(TestLeafProjectMethods.java:28)at wdMethods.TestLeafProjectMethods.close(TestLeafProjectMethods.java:28)at wdMethods.TestLeafProjectMethods.close(TestLeafProjectMethods.java:28)at wdMethods.TestLeafProjectMethods.close(TestLeafProjectMethods.java:28)at wdMethods.TestLeafProjectMethods.close(TestLeafProjectMethods.java:28)at wdMethods.TestLeafProjectMethods.close(TestLeafProjectMethods.java:28)at wdMethods.TestLeafProjectMethods.close(TestLeafProjectMethods.java:28)at wdMethods.TestLeafProjectMethods.close(TestLeafProjectMethods.java:28)at wdMethods.TestLeafProjectMethods.close(TestLeafProjectMethods.java:28)at wdMethods.TestLeafProjectMethods.close(TestLeafProjectMethods.java:28)at wdMethods.TestLeafProjectMethods.close(TestLeafProjectMethods.java:28)at wdMethods.TestLeafProjectMethods.close(TestLeafProjectMethods.java:28)at wdMethods.TestLeafProjectMethods.close(TestLeafProjectMethods.java:28)at wdMethods.TestLeafProjectMethods.close(TestLeafProjectMethods.java:28)at wdMethods.TestLeafProjectMethods.close(TestLeafProjectMethods.java:28)at wdMethods.TestLeafProjectMethods.close(TestLeafProjectMethods.java:28)at wdMethods.TestLeafProjectMethods.close(TestLeafProjectMethods.java:28)at wdMethods.TestLeafProjectMethods.close(TestLeafProjectMethods.java:28)at wdMethods.TestLeafProjectMethods.close(TestLeafProjectMethods.java:28)at wdMethods.TestLeafProjectMethods.close(TestLeafProjectMethods.java:28)at wdMethods.TestLeafProjectMethods.close(TestLeafProjectMethods.java:28)at wdMethods.TestLeafProjectMethods.close(TestLeafProjectMethods.java:28)at wdMethods.TestLeafProjectMethods.close(TestLeafProjectMethods.java:28)at wdMethods.TestLeafProjectMethods.close(TestLeafProjectMethods.java:28)at wdMethods.TestLeafProjectMethods.close(TestLeafProjectMethods.java:28)at wdMethods.TestLeafProjectMethods.close(TestLeafProjectMethods.java:28)at wdMethods.TestLeafProjectMethods.close(TestLeafProjectMethods.java:28)at wdMethods.TestLeafProjectMethods.close(TestLeafProjectMethods.java:28)at wdMethods.TestLeafProjectMethods.close(TestLeafProjectMethods.java:28)at wdMethods.TestLeafProjectMethods.close(TestLeafProjectMethods.java:28)at wdMethods.TestLeafProjectMethods.close(TestLeafProjectMethods.java:28)at wdMethods.TestLeafProjectMethods.close(TestLeafProjectMethods.java:28)at wdMethods.TestLeafProjectMethods.close(TestLeafProjectMethods.java:28)at wdMethods.TestLeafProjectMethods.close(TestLeafProjectMethods.java:28)at wdMethods.TestLeafProjectMethods.close(TestLeafProjectMethods.java:28)at wdMethods.TestLeafProjectMethods.close(TestLeafProjectMethods.java:28)at wdMethods.TestLeafProjectMethods.close(TestLeafProjectMethods.java:28)at wdMethods.TestLeafProjectMethods.close(TestLeafProjectMethods.java:28)at wdMethods.TestLeafProjectMethods.close(TestLeafProjectMethods.java:28)at wdMethods.TestLeafProjectMethods.close(TestLeafProjectMethods.java:28)at wdMethods.TestLeafProjectMethods.close(TestLeafProjectMethods.java:28)at wdMethods.TestLeafProjectMethods.close(TestLeafProjectMethods.java:28)at wdMethods.TestLeafProjectMethods.close(TestLeafProjectMethods.java:28)at wdMethods.TestLeafProjectMethods.close(TestLeafProjectMethods.java:28)at wdMethods.TestLeafProjectMethods.close(TestLeafProjectMethods.java:28)at wdMethods.TestLeafProjectMethods.close(TestLeafProjectMethods.java:28)at wdMethods.TestLeafProjectMethods.close(TestLeafProjectMethods.java:28)at wdMethods.TestLeafProjectMethods.close(TestLeafProjectMethods.java:28)at wdMethods.TestLeafProjectMethods.close(TestLeafProjectMethods.java:28)at wdMethods.TestLeafProjectMethods.close(TestLeafProjectMethods.java:28)at wdMethods.TestLeafProjectMethods.close(TestLeafProjectMethods.java:28)at wdMethods.TestLeafProjectMethods.close(TestLeafProjectMethods.java:28)at wdMethods.TestLeafProjectMethods.close(TestLeafProjectMethods.java:28)at wdMethods.TestLeafProjectMethods.close(TestLeafProjectMethods.java:28)at wdMethods.TestLeafProjectMethods.close(TestLeafProjectMethods.java:28)at wdMethods.TestLeafProjectMethods.close(TestLeafProjectMethods.java:28)at wdMethods.TestLeafProjectMethods.close(TestLeafProjectMethods.java:28)at wdMethods.TestLeafProjectMethods.close(TestLeafProjectMethods.java:28)at wdMethods.TestLeafProjectMethods.close(TestLeafProjectMethods.java:28)at wdMethods.TestLeafProjectMethods.close(TestLeafProjectMethods.java:28)at wdMethods.TestLeafProjectMethods.close(TestLeafProjectMethods.java:28)at wdMethods.TestLeafProjectMethods.close(TestLeafProjectMethods.java:28)at wdMethods.TestLeafProjectMethods.close(TestLeafProjectMethods.java:28)at wdMethods.TestLeafProjectMethods.close(TestLeafProjectMethods.java:28)at wdMethods.TestLeafProjectMethods.close(TestLeafProjectMethods.java:28)at wdMethods.TestLeafProjectMethods.close(TestLeafProjectMethods.java:28)at wdMethods.TestLeafProjectMethods.close(TestLeafProjectMethods.java:28)at wdMethods.TestLeafProjectMethods.close(TestLeafProjectMethods.java:28)at wdMethods.TestLeafProjectMethods.close(TestLeafProjectMethods.java:28)at wdMethods.TestLeafProjectMethods.close(TestLeafProjectMethods.java:28)at wdMethods.TestLeafProjectMethods.close(TestLeafProjectMethods.java:28)at wdMethods.TestLeafProjectMethods.close(TestLeafProjectMethods.java:28)at wdMethods.TestLeafProjectMethods.close(TestLeafProjectMethods.java:28)at wdMethods.TestLeafProjectMethods.close(TestLeafProjectMethods.java:28)at wdMethods.TestLeafProjectMethods.close(TestLeafProjectMethods.java:28)at wdMethods.TestLeafProjectMethods.close(TestLeafProjectMethods.java:28)at wdMethods.TestLeafProjectMethods.close(TestLeafProjectMethods.java:28)at wdMethods.TestLeafProjectMethods.close(TestLeafProjectMethods.java:28)at wdMethods.TestLeafProjectMethods.close(TestLeafProjectMethods.java:28)at wdMethods.TestLeafProjectMethods.close(TestLeafProjectMethods.java:28)at wdMethods.TestLeafProjectMethods.close(TestLeafProjectMethods.java:28)at wdMethods.TestLeafProjectMethods.close(TestLeafProjectMethods.java:28)at wdMethods.TestLeafProjectMethods.close(TestLeafProjectMethods.java:28)at wdMethods.TestLeafProjectMethods.close(TestLeafProjectMethods.java:28)at wdMethods.TestLeafProjectMethods.close(TestLeafProjectMethods.java:28)at wdMethods.TestLeafProjectMethods.close(TestLeafProjectMethods.java:28)at wdMethods.TestLeafProjectMethods.close(TestLeafProjectMethods.java:28)at wdMethods.TestLeafProjectMethods.close(TestLeafProjectMethods.java:28)at wdMethods.TestLeafProjectMethods.close(TestLeafProjectMethods.java:28)at wdMethods.TestLeafProjectMethods.close(TestLeafProjectMethods.java:28)at wdMethods.TestLeafProjectMethods.close(TestLeafProjectMethods.java:28)at wdMethods.TestLeafProjectMethods.close(TestLeafProjectMethods.java:28)at wdMethods.TestLeafProjectMethods.close(TestLeafProjectMethods.java:28)at wdMethods.TestLeafProjectMethods.close(TestLeafProjectMethods.java:28)at wdMethods.TestLeafProjectMethods.close(TestLeafProjectMethods.java:28)at wdMethods.TestLeafProjectMethods.close(TestLeafProjectMethods.java:28)at wdMethods.TestLeafProjectMethods.close(TestLeafProjectMethods.java:28)at wdMethods.TestLeafProjectMethods.close(TestLeafProjectMethods.java:28)at wdMethods.TestLeafProjectMethods.close(TestLeafProjectMethods.java:28)at wdMethods.TestLeafProjectMethods.close(TestLeafProjectMethods.java:28)at wdMethods.TestLeafProjectMethods.close(TestLeafProjectMethods.java:28)at wdMethods.TestLeafProjectMethods.close(TestLeafProjectMethods.java:28)at wdMethods.TestLeafProjectMethods.close(TestLeafProjectMethods.java:28)at wdMethods.TestLeafProjectMethods.close(TestLeafProjectMethods.java:28)at wdMethods.TestLeafProjectMethods.close(TestLeafProjectMethods.java:28)at wdMethods.TestLeafProjectMethods.close(TestLeafProjectMethods.java:28)at wdMethods.TestLeafProjectMethods.close(TestLeafProjectMethods.java:28)at wdMethods.TestLeafProjectMethods.close(TestLeafProjectMethods.java:28)at wdMethods.TestLeafProjectMethods.close(TestLeafProjectMethods.java:28)at wdMethods.TestLeafProjectMethods.close(TestLeafProjectMethods.java:28)at wdMethods.TestLeafProjectMethods.close(TestLeafProjectMethods.java:28)at wdMethods.TestLeafProjectMethods.close(TestLeafProjectMethods.java:28)at wdMethods.TestLeafProjectMethods.close(TestLeafProjectMethods.java:28)at wdMethods.TestLeafProjectMethods.close(TestLeafProjectMethods.java:28)at wdMethods.TestLeafProjectMethods.close(TestLeafProjectMethods.java:28)at wdMethods.TestLeafProjectMethods.close(TestLeafProjectMethods.java:28)at wdMethods.TestLeafProjectMethods.close(TestLeafProjectMethods.java:28)at wdMethods.TestLeafProjectMethods.close(TestLeafProjectMethods.java:28)at wdMethods.TestLeafProjectMethods.close(TestLeafProjectMethods.java:28)at wdMethods.TestLeafProjectMethods.close(TestLeafProjectMethods.java:28)at wdMethods.TestLeafProjectMethods.close(TestLeafProjectMethods.java:28)at wdMethods.TestLeafProjectMethods.close(TestLeafProjectMethods.java:28)at wdMethods.TestLeafProjectMethods.close(TestLeafProjectMethods.java:28)at wdMethods.TestLeafProjectMethods.close(TestLeafProjectMethods.java:28)at wdMethods.TestLeafProjectMethods.close(TestLeafProjectMethods.java:28)at wdMethods.TestLeafProjectMethods.close(TestLeafProjectMethods.java:28)at wdMethods.TestLeafProjectMethods.close(TestLeafProjectMethods.java:28)at wdMethods.TestLeafProjectMethods.close(TestLeafProjectMethods.java:28)at wdMethods.TestLeafProjectMethods.close(TestLeafProjectMethods.java:28)at wdMethods.TestLeafProjectMethods.close(TestLeafProjectMethods.java:28)at wdMethods.TestLeafProjectMethods.close(TestLeafProjectMethods.java:28)at wdMethods.TestLeafProjectMethods.close(TestLeafProjectMethods.java:28)at wdMethods.TestLeafProjectMethods.close(TestLeafProjectMethods.java:28)at wdMethods.TestLeafProjectMethods.close(TestLeafProjectMethods.java:28)at wdMethods.TestLeafProjectMethods.close(TestLeafProjectMethods.java:28)at wdMethods.TestLeafProjectMethods.close(TestLeafProjectMethods.java:28)at wdMethods.TestLeafProjectMethods.close(TestLeafProjectMethods.java:28)at wdMethods.TestLeafProjectMethods.close(TestLeafProjectMethods.java:28)at wdMethods.TestLeafProjectMethods.close(TestLeafProjectMethods.java:28)at wdMethods.TestLeafProjectMethods.close(TestLeafProjectMethods.java:28)at wdMethods.TestLeafProjectMethods.close(TestLeafProjectMethods.java:28)at wdMethods.TestLeafProjectMethods.close(TestLeafProjectMethods.java:28)at wdMethods.TestLeafProjectMethods.close(TestLeafProjectMethods.java:28)at wdMethods.TestLeafProjectMethods.close(TestLeafProjectMethods.java:28)at wdMethods.TestLeafProjectMethods.close(TestLeafProjectMethods.java:28)at wdMethods.TestLeafProjectMethods.close(TestLeafProjectMethods.java:28)at wdMethods.TestLeafProjectMethods.close(TestLeafProjectMethods.java:28)at wdMethods.TestLeafProjectMethods.close(TestLeafProjectMethods.java:28)at wdMethods.TestLeafProjectMethods.close(TestLeafProjectMethods.java:28)at wdMethods.TestLeafProjectMethods.close(TestLeafProjectMethods.java:28)at wdMethods.TestLeafProjectMethods.close(TestLeafProjectMethods.java:28)at wdMethods.TestLeafProjectMethods.close(TestLeafProjectMethods.java:28)at wdMethods.TestLeafProjectMethods.close(TestLeafProjectMethods.java:28)at wdMethods.TestLeafProjectMethods.close(TestLeafProjectMethods.java:28)at wdMethods.TestLeafProjectMethods.close(TestLeafProjectMethods.java:28)at wdMethods.TestLeafProjectMethods.close(TestLeafProjectMethods.java:28)at wdMethods.TestLeafProjectMethods.close(TestLeafProjectMethods.java:28)at wdMethods.TestLeafProjectMethods.close(TestLeafProjectMethods.java:28)at wdMethods.TestLeafProjectMethods.close(TestLeafProjectMethods.java:28)at wdMethods.TestLeafProjectMethods.close(TestLeafProjectMethods.java:28)at wdMethods.TestLeafProjectMethods.close(TestLeafProjectMethods.java:28)at wdMethods.TestLeafProjectMethods.close(TestLeafProjectMethods.java:28)at wdMethods.TestLeafProjectMethods.close(TestLeafProjectMethods.java:28)at wdMethods.TestLeafProjectMethods.close(TestLeafProjectMethods.java:28)at wdMethods.TestLeafProjectMethods.close(TestLeafProjectMethods.java:28)at wdMethods.TestLeafProjectMethods.close(TestLeafProjectMethods.java:28)at wdMethods.TestLeafProjectMethods.close(TestLeafProjectMethods.java:28)at wdMethods.TestLeafProjectMethods.close(TestLeafProjectMethods.java:28)at wdMethods.TestLeafProjectMethods.close(TestLeafProjectMethods.java:28)at wdMethods.TestLeafProjectMethods.close(TestLeafProjectMethods.java:28)at wdMethods.TestLeafProjectMethods.close(TestLeafProjectMethods.java:28)at wdMethods.TestLeafProjectMethods.close(TestLeafProjectMethods.java:28)at wdMethods.TestLeafProjectMethods.close(TestLeafProjectMethods.java:28)at wdMethods.TestLeafProjectMethods.close(TestLeafProjectMethods.java:28)at wdMethods.TestLeafProjectMethods.close(TestLeafProjectMethods.java:28)at wdMethods.TestLeafProjectMethods.close(TestLeafProjectMethods.java:28)at wdMethods.TestLeafProjectMethods.close(TestLeafProjectMethods.java:28)at wdMethods.TestLeafProjectMethods.close(TestLeafProjectMethods.java:28)at wdMethods.TestLeafProjectMethods.close(TestLeafProjectMethods.java:28)at wdMethods.TestLeafProjectMethods.close(TestLeafProjectMethods.java:28)at wdMethods.TestLeafProjectMethods.close(TestLeafProjectMethods.java:28)at wdMethods.TestLeafProjectMethods.close(TestLeafProjectMethods.java:28)at wdMethods.TestLeafProjectMethods.close(TestLeafProjectMethods.java:28)at wdMethods.TestLeafProjectMethods.close(TestLeafProjectMethods.java:28)at wdMethods.TestLeafProjectMethods.close(TestLeafProjectMethods.java:28)at wdMethods.TestLeafProjectMethods.close(TestLeafProjectMethods.java:28)at wdMethods.TestLeafProjectMethods.close(TestLeafProjectMethods.java:28)at wdMethods.TestLeafProjectMethods.close(TestLeafProjectMethods.java:28)at wdMethods.TestLeafProjectMethods.close(TestLeafProjectMethods.java:28)at wdMethods.TestLeafProjectMethods.close(TestLeafProjectMethods.java:28)at wdMethods.TestLeafProjectMethods.close(TestLeafProjectMethods.java:28)at wdMethods.TestLeafProjectMethods.close(TestLeafProjectMethods.java:28)at wdMethods.TestLeafProjectMethods.close(TestLeafProjectMethods.java:28)at wdMethods.TestLeafProjectMethods.close(TestLeafProjectMethods.java:28)at wdMethods.TestLeafProjectMethods.close(TestLeafProjectMethods.java:28)at wdMethods.TestLeafProjectMethods.close(TestLeafProjectMethods.java:28)at wdMethods.TestLeafProjectMethods.close(TestLeafProjectMethods.java:28)at wdMethods.TestLeafProjectMethods.close(TestLeafProjectMethods.java:28)at wdMethods.TestLeafProjectMethods.close(TestLeafProjectMethods.java:28)at wdMethods.TestLeafProjectMethods.close(TestLeafProjectMethods.java:28)at wdMethods.TestLeafProjectMethods.close(TestLeafProjectMethods.java:28)at wdMethods.TestLeafProjectMethods.close(TestLeafProjectMethods.java:28)at wdMethods.TestLeafProjectMethods.close(TestLeafProjectMethods.java:28)at wdMethods.TestLeafProjectMethods.close(TestLeafProjectMethods.java:28)at wdMethods.TestLeafProjectMethods.close(TestLeafProjectMethods.java:28)at wdMethods.TestLeafProjectMethods.close(TestLeafProjectMethods.java:28)at wdMethods.TestLeafProjectMethods.close(TestLeafProjectMethods.java:28)at wdMethods.TestLeafProjectMethods.close(TestLeafProjectMethods.java:28)at wdMethods.TestLeafProjectMethods.close(TestLeafProjectMethods.java:28)at wdMethods.TestLeafProjectMethods.close(TestLeafProjectMethods.java:28)at wdMethods.TestLeafProjectMethods.close(TestLeafProjectMethods.java:28)at wdMethods.TestLeafProjectMethods.close(TestLeafProjectMethods.java:28)at wdMethods.TestLeafProjectMethods.close(TestLeafProjectMethods.java:28)at wdMethods.TestLeafProjectMethods.close(TestLeafProjectMethods.java:28)at wdMethods.TestLeafProjectMethods.close(TestLeafProjectMethods.java:28)at wdMethods.TestLeafProjectMethods.close(TestLeafProjectMethods.java:28)at wdMethods.TestLeafProjectMethods.close(TestLeafProjectMethods.java:28)at wdMethods.TestLeafProjectMethods.close(TestLeafProjectMethods.java:28)at wdMethods.TestLeafProjectMethods.close(TestLeafProjectMethods.java:28)at wdMethods.TestLeafProjectMethods.close(TestLeafProjectMethods.java:28)at wdMethods.TestLeafProjectMethods.close(TestLeafProjectMethods.java:28)at wdMethods.TestLeafProjectMethods.close(TestLeafProjectMethods.java:28)at wdMethods.TestLeafProjectMethods.close(TestLeafProjectMethods.java:28)at wdMethods.TestLeafProjectMethods.close(TestLeafProjectMethods.java:28)at wdMethods.TestLeafProjectMethods.close(TestLeafProjectMethods.java:28)at wdMethods.TestLeafProjectMethods.close(TestLeafProjectMethods.java:28)at wdMethods.TestLeafProjectMethods.close(TestLeafProjectMethods.java:28)at wdMethods.TestLeafProjectMethods.close(TestLeafProjectMethods.java:28)at wdMethods.TestLeafProjectMethods.close(TestLeafProjectMethods.java:28)at wdMethods.TestLeafProjectMethods.close(TestLeafProjectMethods.java:28)at wdMethods.TestLeafProjectMethods.close(TestLeafProjectMethods.java:28)at wdMethods.TestLeafProjectMethods.close(TestLeafProjectMethods.java:28)at wdMethods.TestLeafProjectMethods.close(TestLeafProjectMethods.java:28)at wdMethods.TestLeafProjectMethods.close(TestLeafProjectMethods.java:28)at wdMethods.TestLeafProjectMethods.close(TestLeafProjectMethods.java:28)at wdMethods.TestLeafProjectMethods.close(TestLeafProjectMethods.java:28)at wdMethods.TestLeafProjectMethods.close(TestLeafProjectMethods.java:28)at wdMethods.TestLeafProjectMethods.close(TestLeafProjectMethods.java:28)at wdMethods.TestLeafProjectMethods.close(TestLeafProjectMethods.java:28)at wdMethods.TestLeafProjectMethods.close(TestLeafProjectMethods.java:28)at wdMethods.TestLeafProjectMethods.close(TestLeafProjectMethods.java:28)at wdMethods.TestLeafProjectMethods.close(TestLeafProjectMethods.java:28)at wdMethods.TestLeafProjectMethods.close(TestLeafProjectMethods.java:28)at wdMethods.TestLeafProjectMethods.close(TestLeafProjectMethods.java:28)at wdMethods.TestLeafProjectMethods.close(TestLeafProjectMethods.java:28)at wdMethods.TestLeafProjectMethods.close(TestLeafProjectMethods.java:28)at wdMethods.TestLeafProjectMethods.close(TestLeafProjectMethods.java:28)at wdMethods.TestLeafProjectMethods.close(TestLeafProjectMethods.java:28)at wdMethods.TestLeafProjectMethods.close(TestLeafProjectMethods.java:28)at wdMethods.TestLeafProjectMethods.close(TestLeafProjectMethods.java:28)at wdMethods.TestLeafProjectMethods.close(TestLeafProjectMethods.java:28)at wdMethods.TestLeafProjectMethods.close(TestLeafProjectMethods.java:28)at wdMethods.TestLeafProjectMethods.close(TestLeafProjectMethods.java:28)at wdMethods.TestLeafProjectMethods.close(TestLeafProjectMethods.java:28)at wdMethods.TestLeafProjectMethods.close(TestLeafProjectMethods.java:28)at wdMethods.TestLeafProjectMethods.close(TestLeafProjectMethods.java:28)at wdMethods.TestLeafProjectMethods.close(TestLeafProjectMethods.java:28)at wdMethods.TestLeafProjectMethods.close(TestLeafProjectMethods.java:28)at wdMethods.TestLeafProjectMethods.close(TestLeafProjectMethods.java:28)at wdMethods.TestLeafProjectMethods.close(TestLeafProjectMethods.java:28)at wdMethods.TestLeafProjectMethods.close(TestLeafProjectMethods.java:28)at wdMethods.TestLeafProjectMethods.close(TestLeafProjectMethods.java:28)at wdMethods.TestLeafProjectMethods.close(TestLeafProjectMethods.java:28)at wdMethods.TestLeafProjectMethods.close(TestLeafProjectMethods.java:28)at wdMethods.TestLeafProjectMethods.close(TestLeafProjectMethods.java:28)at wdMethods.TestLeafProjectMethods.close(TestLeafProjectMethods.java:28)at wdMethods.TestLeafProjectMethods.close(TestLeafProjectMethods.java:28)at wdMethods.TestLeafProjectMethods.close(TestLeafProjectMethods.java:28)at wdMethods.TestLeafProjectMethods.close(TestLeafProjectMethods.java:28)at wdMethods.TestLeafProjectMethods.close(TestLeafProjectMethods.java:28)at wdMethods.TestLeafProjectMethods.close(TestLeafProjectMethods.java:28)at wdMethods.TestLeafProjectMethods.close(TestLeafProjectMethods.java:28)at wdMethods.TestLeafProjectMethods.close(TestLeafProjectMethods.java:28)at wdMethods.TestLeafProjectMethods.close(TestLeafProjectMethods.java:28)at wdMethods.TestLeafProjectMethods.close(TestLeafProjectMethods.java:28)at wdMethods.TestLeafProjectMethods.close(TestLeafProjectMethods.java:28)at wdMethods.TestLeafProjectMethods.close(TestLeafProjectMethods.java:28)at wdMethods.TestLeafProjectMethods.close(TestLeafProjectMethods.java:28)at wdMethods.TestLeafProjectMethods.close(TestLeafProjectMethods.java:28)at wdMethods.TestLeafProjectMethods.close(TestLeafProjectMethods.java:28)at wdMethods.TestLeafProjectMethods.close(TestLeafProjectMethods.java:28)at wdMethods.TestLeafProjectMethods.close(TestLeafProjectMethods.java:28)at wdMethods.TestLeafProjectMethods.close(TestLeafProjectMethods.java:28)at wdMethods.TestLeafProjectMethods.close(TestLeafProjectMethods.java:28)at wdMethods.TestLeafProjectMethods.close(TestLeafProjectMethods.java:28)at wdMethods.TestLeafProjectMethods.close(TestLeafProjectMethods.java:28)at wdMethods.TestLeafProjectMethods.close(TestLeafProjectMethods.java:28)at wdMethods.TestLeafProjectMethods.close(TestLeafProjectMethods.java:28)at wdMethods.TestLeafProjectMethods.close(TestLeafProjectMethods.java:28)at wdMethods.TestLeafProjectMethods.close(TestLeafProjectMethods.java:28)at wdMethods.TestLeafProjectMethods.close(TestLeafProjectMethods.java:28)at wdMethods.TestLeafProjectMethods.close(TestLeafProjectMethods.java:28)at wdMethods.TestLeafProjectMethods.close(TestLeafProjectMethods.java:28)at wdMethods.TestLeafProjectMethods.close(TestLeafProjectMethods.java:28)at wdMethods.TestLeafProjectMethods.close(TestLeafProjectMethods.java:28)at wdMethods.TestLeafProjectMethods.close(TestLeafProjectMethods.java:28)at wdMethods.TestLeafProjectMethods.close(TestLeafProjectMethods.java:28)at wdMethods.TestLeafProjectMethods.close(TestLeafProjectMethods.java:28)at wdMethods.TestLeafProjectMethods.close(TestLeafProjectMethods.java:28)at wdMethods.TestLeafProjectMethods.close(TestLeafProjectMethods.java:28)at wdMethods.TestLeafProjectMethods.close(TestLeafProjectMethods.java:28)at wdMethods.TestLeafProjectMethods.close(TestLeafProjectMethods.java:28)at wdMethods.TestLeafProjectMethods.close(TestLeafProjectMethods.java:28)at wdMethods.TestLeafProjectMethods.close(TestLeafProjectMethods.java:28)at wdMethods.TestLeafProjectMethods.close(TestLeafProjectMethods.java:28)at wdMethods.TestLeafProjectMethods.close(TestLeafProjectMethods.java:28)at wdMethods.TestLeafProjectMethods.close(TestLeafProjectMethods.java:28)at wdMethods.TestLeafProjectMethods.close(TestLeafProjectMethods.java:28)at wdMethods.TestLeafProjectMethods.close(TestLeafProjectMethods.java:28)at wdMethods.TestLeafProjectMethods.close(TestLeafProjectMethods.java:28)at wdMethods.TestLeafProjectMethods.close(TestLeafProjectMethods.java:28)at wdMethods.TestLeafProjectMethods.close(TestLeafProjectMethods.java:28)at wdMethods.TestLeafProjectMethods.close(TestLeafProjectMethods.java:28)at wdMethods.TestLeafProjectMethods.close(TestLeafProjectMethods.java:28)at wdMethods.TestLeafProjectMethods.close(TestLeafProjectMethods.java:28)at wdMethods.TestLeafProjectMethods.close(TestLeafProjectMethods.java:28)at wdMethods.TestLeafProjectMethods.close(TestLeafProjectMethods.java:28)at wdMethods.TestLeafProjectMethods.close(TestLeafProjectMethods.java:28)at wdMethods.TestLeafProjectMethods.close(TestLeafProjectMethods.java:28)at wdMethods.TestLeafProjectMethods.close(TestLeafProjectMethods.java:28)at wdMethods.TestLeafProjectMethods.close(TestLeafProjectMethods.java:28)at wdMethods.TestLeafProjectMethods.close(TestLeafProjectMethods.java:28)at wdMethods.TestLeafProjectMethods.close(TestLeafProjectMethods.java:28)at wdMethods.TestLeafProjectMethods.close(TestLeafProjectMethods.java:28)at wdMethods.TestLeafProjectMethods.close(TestLeafProjectMethods.java:28)at wdMethods.TestLeafProjectMethods.close(TestLeafProjectMethods.java:28)at wdMethods.TestLeafProjectMethods.close(TestLeafProjectMethods.java:28)at wdMethods.TestLeafProjectMethods.close(TestLeafProjectMethods.java:28)at wdMethods.TestLeafProjectMethods.close(TestLeafProjectMethods.java:28)at wdMethods.TestLeafProjectMethods.close(TestLeafProjectMethods.java:28)at wdMethods.TestLeafProjectMethods.close(TestLeafProjectMethods.java:28)at wdMethods.TestLeafProjectMethods.close(TestLeafProjectMethods.java:28)at wdMethods.TestLeafProjectMethods.close(TestLeafProjectMethods.java:28)at wdMethods.TestLeafProjectMethods.close(TestLeafProjectMethods.java:28)at wdMethods.TestLeafProjectMethods.close(TestLeafProjectMethods.java:28)at wdMethods.TestLeafProjectMethods.close(TestLeafProjectMethods.java:28)at wdMethods.TestLeafProjectMethods.close(TestLeafProjectMethods.java:28)at wdMethods.TestLeafProjectMethods.close(TestLeafProjectMethods.java:28)at wdMethods.TestLeafProjectMethods.close(TestLeafProjectMethods.java:28)at wdMethods.TestLeafProjectMethods.close(TestLeafProjectMethods.java:28)at wdMethods.TestLeafProjectMethods.close(TestLeafProjectMethods.java:28)at wdMethods.TestLeafProjectMethods.close(TestLeafProjectMethods.java:28)at wdMethods.TestLeafProjectMethods.close(TestLeafProjectMethods.java:28)at wdMethods.TestLeafProjectMethods.close(TestLeafProjectMethods.java:28)at wdMethods.TestLeafProjectMethods.close(TestLeafProjectMethods.java:28)at wdMethods.TestLeafProjectMethods.close(TestLeafProjectMethods.java:28)at wdMethods.TestLeafProjectMethods.close(TestLeafProjectMethods.java:28)at wdMethods.TestLeafProjectMethods.close(TestLeafProjectMethods.java:28)at wdMethods.TestLeafProjectMethods.close(TestLeafProjectMethods.java:28)at wdMethods.TestLeafProjectMethods.close(TestLeafProjectMethods.java:28)at wdMethods.TestLeafProjectMethods.close(TestLeafProjectMethods.java:28)at wdMethods.TestLeafProjectMethods.close(TestLeafProjectMethods.java:28)at wdMethods.TestLeafProjectMethods.close(TestLeafProjectMethods.java:28)at wdMethods.TestLeafProjectMethods.close(TestLeafProjectMethods.java:28)at wdMethods.TestLeafProjectMethods.close(TestLeafProjectMethods.java:28)at wdMethods.TestLeafProjectMethods.close(TestLeafProjectMethods.java:28)at wdMethods.TestLeafProjectMethods.close(TestLeafProjectMethods.java:28)at wdMethods.TestLeafProjectMethods.close(TestLeafProjectMethods.java:28)at wdMethods.TestLeafProjectMethods.close(TestLeafProjectMethods.java:28)at wdMethods.TestLeafProjectMethods.close(TestLeafProjectMethods.java:28)at wdMethods.TestLeafProjectMethods.close(TestLeafProjectMethods.java:28)at wdMethods.TestLeafProjectMethods.close(TestLeafProjectMethods.java:28)at wdMethods.TestLeafProjectMethods.close(TestLeafProjectMethods.java:28)at wdMethods.TestLeafProjectMethods.close(TestLeafProjectMethods.java:28)at wdMethods.TestLeafProjectMethods.close(TestLeafProjectMethods.java:28)at wdMethods.TestLeafProjectMethods.close(TestLeafProjectMethods.java:28)at wdMethods.TestLeafProjectMethods.close(TestLeafProjectMethods.java:28)at wdMethods.TestLeafProjectMethods.close(TestLeafProjectMethods.java:28)at wdMethods.TestLeafProjectMethods.close(TestLeafProjectMethods.java:28)at wdMethods.TestLeafProjectMethods.close(TestLeafProjectMethods.java:28)at wdMethods.TestLeafProjectMethods.close(TestLeafProjectMethods.java:28)at wdMethods.TestLeafProjectMethods.close(TestLeafProjectMethods.java:28)at wdMethods.TestLeafProjectMethods.close(TestLeafProjectMethods.java:28)at wdMethods.TestLeafProjectMethods.close(TestLeafProjectMethods.java:28)at wdMethods.TestLeafProjectMethods.close(TestLeafProjectMethods.java:28)at wdMethods.TestLeafProjectMethods.close(TestLeafProjectMethods.java:28)at wdMethods.TestLeafProjectMethods.close(TestLeafProjectMethods.java:28)at wdMethods.TestLeafProjectMethods.close(TestLeafProjectMethods.java:28)at wdMethods.TestLeafProjectMethods.close(TestLeafProjectMethods.java:28)at wdMethods.TestLeafProjectMethods.close(TestLeafProjectMethods.java:28)at wdMethods.TestLeafProjectMethods.close(TestLeafProjectMethods.java:28)at wdMethods.TestLeafProjectMethods.close(TestLeafProjectMethods.java:28)at wdMethods.TestLeafProjectMethods.close(TestLeafProjectMethods.java:28)at wdMethods.TestLeafProjectMethods.close(TestLeafProjectMethods.java:28)at wdMethods.TestLeafProjectMethods.close(TestLeafProjectMethods.java:28)at wdMethods.TestLeafProjectMethods.close(TestLeafProjectMethods.java:28)at wdMethods.TestLeafProjectMethods.close(TestLeafProjectMethods.java:28)at wdMethods.TestLeafProjectMethods.close(TestLeafProjectMethods.java:28)at wdMethods.TestLeafProjectMethods.close(TestLeafProjectMethods.java:28)at wdMethods.TestLeafProjectMethods.close(TestLeafProjectMethods.java:28)at wdMethods.TestLeafProjectMethods.close(TestLeafProjectMethods.java:28)at wdMethods.TestLeafProjectMethods.close(TestLeafProjectMethods.java:28)at wdMethods.TestLeafProjectMethods.close(TestLeafProjectMethods.java:28)at wdMethods.TestLeafProjectMethods.close(TestLeafProjectMethods.java:28)at wdMethods.TestLeafProjectMethods.close(TestLeafProjectMethods.java:28)at wdMethods.TestLeafProjectMethods.close(TestLeafProjectMethods.java:28)at wdMethods.TestLeafProjectMethods.close(TestLeafProjectMethods.java:28)at wdMethods.TestLeafProjectMethods.close(TestLeafProjectMethods.java:28)at wdMethods.TestLeafProjectMethods.close(TestLeafProjectMethods.java:28)at wdMethods.TestLeafProjectMethods.close(TestLeafProjectMethods.java:28)at wdMethods.TestLeafProjectMethods.close(TestLeafProjectMethods.java:28)at wdMethods.TestLeafProjectMethods.close(TestLeafProjectMethods.java:28)at wdMethods.TestLeafProjectMethods.close(TestLeafProjectMethods.java:28)at wdMethods.TestLeafProjectMethods.close(TestLeafProjectMethods.java:28)at wdMethods.TestLeafProjectMethods.close(TestLeafProjectMethods.java:28)at wdMethods.TestLeafProjectMethods.close(TestLeafProjectMethods.java:28)at wdMethods.TestLeafProjectMethods.close(TestLeafProjectMethods.java:28)at wdMethods.TestLeafProjectMethods.close(TestLeafProjectMethods.java:28)at wdMethods.TestLeafProjectMethods.close(TestLeafProjectMethods.java:28)at wdMethods.TestLeafProjectMethods.close(TestLeafProjectMethods.java:28)at wdMethods.TestLeafProjectMethods.close(TestLeafProjectMethods.java:28)at wdMethods.TestLeafProjectMethods.close(TestLeafProjectMethods.java:28)at wdMethods.TestLeafProjectMethods.close(TestLeafProjectMethods.java:28)at wdMethods.TestLeafProjectMethods.close(TestLeafProjectMethods.java:28)at wdMethods.TestLeafProjectMethods.close(TestLeafProjectMethods.java:28)at wdMethods.TestLeafProjectMethods.close(TestLeafProjectMethods.java:28)at wdMethods.TestLeafProjectMethods.close(TestLeafProjectMethods.java:28)at wdMethods.TestLeafProjectMethods.close(TestLeafProjectMethods.java:28)at wdMethods.TestLeafProjectMethods.close(TestLeafProjectMethods.java:28)at wdMethods.TestLeafProjectMethods.close(TestLeafProjectMethods.java:28)at wdMethods.TestLeafProjectMethods.close(TestLeafProjectMethods.java:28)at wdMethods.TestLeafProjectMethods.close(TestLeafProjectMethods.java:28)at wdMethods.TestLeafProjectMethods.close(TestLeafProjectMethods.java:28)at wdMethods.TestLeafProjectMethods.close(TestLeafProjectMethods.java:28)at wdMethods.TestLeafProjectMethods.close(TestLeafProjectMethods.java:28)at wdMethods.TestLeafProjectMethods.close(TestLeafProjectMethods.java:28)at wdMethods.TestLeafProjectMethods.close(TestLeafProjectMethods.java:28)at wdMethods.TestLeafProjectMethods.close(TestLeafProjectMethods.java:28)at wdMethods.TestLeafProjectMethods.close(TestLeafProjectMethods.java:28)at wdMethods.TestLeafProjectMethods.close(TestLeafProjectMethods.java:28)at wdMethods.TestLeafProjectMethods.close(TestLeafProjectMethods.java:28)at wdMethods.TestLeafProjectMethods.close(TestLeafProjectMethods.java:28)at wdMethods.TestLeafProjectMethods.close(TestLeafProjectMethods.java:28)at wdMethods.TestLeafProjectMethods.close(TestLeafProjectMethods.java:28)at wdMethods.TestLeafProjectMethods.close(TestLeafProjectMethods.java:28)at wdMethods.TestLeafProjectMethods.close(TestLeafProjectMethods.java:28)at wdMethods.TestLeafProjectMethods.close(TestLeafProjectMethods.java:28)at wdMethods.TestLeafProjectMethods.close(TestLeafProjectMethods.java:28)at wdMethods.TestLeafProjectMethods.close(TestLeafProjectMethods.java:28)at wdMethods.TestLeafProjectMethods.close(TestLeafProjectMethods.java:28)at wdMethods.TestLeafProjectMethods.close(TestLeafProjectMethods.java:28)at wdMethods.TestLeafProjectMethods.close(TestLeafProjectMethods.java:28)at wdMethods.TestLeafProjectMethods.close(TestLeafProjectMethods.java:28)at wdMethods.TestLeafProjectMethods.close(TestLeafProjectMethods.java:28)at wdMethods.TestLeafProjectMethods.close(TestLeafProjectMethods.java:28)at wdMethods.TestLeafProjectMethods.close(TestLeafProjectMethods.java:28)at wdMethods.TestLeafProjectMethods.close(TestLeafProjectMethods.java:28)at wdMethods.TestLeafProjectMethods.close(TestLeafProjectMethods.java:28)at wdMethods.TestLeafProjectMethods.close(TestLeafProjectMethods.java:28)at wdMethods.TestLeafProjectMethods.close(TestLeafProjectMethods.java:28)at wdMethods.TestLeafProjectMethods.close(TestLeafProjectMethods.java:28)at wdMethods.TestLeafProjectMethods.close(TestLeafProjectMethods.java:28)at wdMethods.TestLeafProjectMethods.close(TestLeafProjectMethods.java:28)at wdMethods.TestLeafProjectMethods.close(TestLeafProjectMethods.java:28)at wdMethods.TestLeafProjectMethods.close(TestLeafProjectMethods.java:28)at wdMethods.TestLeafProjectMethods.close(TestLeafProjectMethods.java:28)at wdMethods.TestLeafProjectMethods.close(TestLeafProjectMethods.java:28)at wdMethods.TestLeafProjectMethods.close(TestLeafProjectMethods.java:28)at wdMethods.TestLeafProjectMethods.close(TestLeafProjectMethods.java:28)at wdMethods.TestLeafProjectMethods.close(TestLeafProjectMethods.java:28)at wdMethods.TestLeafProjectMethods.close(TestLeafProjectMethods.java:28)at wdMethods.TestLeafProjectMethods.close(TestLeafProjectMethods.java:28)at wdMethods.TestLeafProjectMethods.close(TestLeafProjectMethods.java:28)at wdMethods.TestLeafProjectMethods.close(TestLeafProjectMethods.java:28)at wdMethods.TestLeafProjectMethods.close(TestLeafProjectMethods.java:28)at wdMethods.TestLeafProjectMethods.close(TestLeafProjectMethods.java:28)at wdMethods.TestLeafProjectMethods.close(TestLeafProjectMethods.java:28)at wdMethods.TestLeafProjectMethods.close(TestLeafProjectMethods.java:28)at wdMethods.TestLeafProjectMethods.close(TestLeafProjectMethods.java:28)at wdMethods.TestLeafProjectMethods.close(TestLeafProjectMethods.java:28)at wdMethods.TestLeafProjectMethods.close(TestLeafProjectMethods.java:28)at wdMethods.TestLeafProjectMethods.close(TestLeafProjectMethods.java:28)at wdMethods.TestLeafProjectMethods.close(TestLeafProjectMethods.java:28)at wdMethods.TestLeafProjectMethods.close(TestLeafProjectMethods.java:28)at wdMethods.TestLeafProjectMethods.close(TestLeafProjectMethods.java:28)at wdMethods.TestLeafProjectMethods.close(TestLeafProjectMethods.java:28)at wdMethods.TestLeafProjectMethods.close(TestLeafProjectMethods.java:28)at wdMethods.TestLeafProjectMethods.close(TestLeafProjectMethods.java:28)at wdMethods.TestLeafProjectMethods.close(TestLeafProjectMethods.java:28)at wdMethods.TestLeafProjectMethods.close(TestLeafProjectMethods.java:28)at wdMethods.TestLeafProjectMethods.close(TestLeafProjectMethods.java:28)at wdMethods.TestLeafProjectMethods.close(TestLeafProjectMethods.java:28)at wdMethods.TestLeafProjectMethods.close(TestLeafProjectMethods.java:28)at wdMethods.TestLeafProjectMethods.close(TestLeafProjectMethods.java:28)at wdMethods.TestLeafProjectMethods.close(TestLeafProjectMethods.java:28)at wdMethods.TestLeafProjectMethods.close(TestLeafProjectMethods.java:28)at wdMethods.TestLeafProjectMethods.close(TestLeafProjectMethods.java:28)at wdMethods.TestLeafProjectMethods.close(TestLeafProjectMethods.java:28)at wdMethods.TestLeafProjectMethods.close(TestLeafProjectMethods.java:28)at wdMethods.TestLeafProjectMethods.close(TestLeafProjectMethods.java:28)at wdMethods.TestLeafProjectMethods.close(TestLeafProjectMethods.java:28)at wdMethods.TestLeafProjectMethods.close(TestLeafProjectMethods.java:28)at wdMethods.TestLeafProjectMethods.close(TestLeafProjectMethods.java:28)at wdMethods.TestLeafProjectMethods.close(TestLeafProjectMethods.java:28)at wdMethods.TestLeafProjectMethods.close(TestLeafProjectMethods.java:28)at wdMethods.TestLeafProjectMethods.close(TestLeafProjectMethods.java:28)at wdMethods.TestLeafProjectMethods.close(TestLeafProjectMethods.java:28)at wdMethods.TestLeafProjectMethods.close(TestLeafProjectMethods.java:28)at wdMethods.TestLeafProjectMethods.close(TestLeafProjectMethods.java:28)at wdMethods.TestLeafProjectMethods.close(TestLeafProjectMethods.java:28)at wdMethods.TestLeafProjectMethods.close(TestLeafProjectMethods.java:28)at wdMethods.TestLeafProjectMethods.close(TestLeafProjectMethods.java:28)at wdMethods.TestLeafProjectMethods.close(TestLeafProjectMethods.java:28)at wdMethods.TestLeafProjectMethods.close(TestLeafProjectMethods.java:28)at wdMethods.TestLeafProjectMethods.close(TestLeafProjectMethods.java:28)at wdMethods.TestLeafProjectMethods.close(TestLeafProjectMethods.java:28)at wdMethods.TestLeafProjectMethods.close(TestLeafProjectMethods.java:28)at wdMethods.TestLeafProjectMethods.close(TestLeafProjectMethods.java:28)at wdMethods.TestLeafProjectMethods.close(TestLeafProjectMethods.java:28)at wdMethods.TestLeafProjectMethods.close(TestLeafProjectMethods.java:28)at wdMethods.TestLeafProjectMethods.close(TestLeafProjectMethods.java:28)at wdMethods.TestLeafProjectMethods.close(TestLeafProjectMethods.java:28)at wdMethods.TestLeafProjectMethods.close(TestLeafProjectMethods.java:28)at wdMethods.TestLeafProjectMethods.close(TestLeafProjectMethods.java:28)at wdMethods.TestLeafProjectMethods.close(TestLeafProjectMethods.java:28)at wdMethods.TestLeafProjectMethods.close(TestLeafProjectMethods.java:28)at wdMethods.TestLeafProjectMethods.close(TestLeafProjectMethods.java:28)at wdMethods.TestLeafProjectMethods.close(TestLeafProjectMethods.java:28)at wdMethods.TestLeafProjectMethods.close(TestLeafProjectMethods.java:28)at wdMethods.TestLeafProjectMethods.close(TestLeafProjectMethods.java:28)at wdMethods.TestLeafProjectMethods.close(TestLeafProjectMethods.java:28)at wdMethods.TestLeafProjectMethods.close(TestLeafProjectMethods.java:28)at wdMethods.TestLeafProjectMethods.close(TestLeafProjectMethods.java:28)at wdMethods.TestLeafProjectMethods.close(TestLeafProjectMethods.java:28)at wdMethods.TestLeafProjectMethods.close(TestLeafProjectMethods.java:28)at wdMethods.TestLeafProjectMethods.close(TestLeafProjectMethods.java:28)at wdMethods.TestLeafProjectMethods.close(TestLeafProjectMethods.java:28)at wdMethods.TestLeafProjectMethods.close(TestLeafProjectMethods.java:28)at wdMethods.TestLeafProjectMethods.close(TestLeafProjectMethods.java:28)at wdMethods.TestLeafProjectMethods.close(TestLeafProjectMethods.java:28)at wdMethods.TestLeafProjectMethods.close(TestLeafProjectMethods.java:28)at wdMethods.TestLeafProjectMethods.close(TestLeafProjectMethods.java:28)at wdMethods.TestLeafProjectMethods.close(TestLeafProjectMethods.java:28)at wdMethods.TestLeafProjectMethods.close(TestLeafProjectMethods.java:28)at wdMethods.TestLeafProjectMethods.close(TestLeafProjectMethods.java:28)at wdMethods.TestLeafProjectMethods.close(TestLeafProjectMethods.java:28)at wdMethods.TestLeafProjectMethods.close(TestLeafProjectMethods.java:28)at wdMethods.TestLeafProjectMethods.close(TestLeafProjectMethods.java:28)at wdMethods.TestLeafProjectMethods.close(TestLeafProjectMethods.java:28)at wdMethods.TestLeafProjectMethods.close(TestLeafProjectMethods.java:28)at wdMethods.TestLeafProjectMethods.close(TestLeafProjectMethods.java:28)at wdMethods.TestLeafProjectMethods.close(TestLeafProjectMethods.java:28)at wdMethods.TestLeafProjectMethods.close(TestLeafProjectMethods.java:28)at wdMethods.TestLeafProjectMethods.close(TestLeafProjectMethods.java:28)at wdMethods.TestLeafProjectMethods.close(TestLeafProjectMethods.java:28)at wdMethods.TestLeafProjectMethods.close(TestLeafProjectMethods.java:28)at wdMethods.TestLeafProjectMethods.close(TestLeafProjectMethods.java:28)at wdMethods.TestLeafProjectMethods.close(TestLeafProjectMethods.java:28)at wdMethods.TestLeafProjectMethods.close(TestLeafProjectMethods.java:28)at wdMethods.TestLeafProjectMethods.close(TestLeafProjectMethods.java:28)at wdMethods.TestLeafProjectMethods.close(TestLeafProjectMethods.java:28)at wdMethods.TestLeafProjectMethods.close(TestLeafProjectMethods.java:28)at wdMethods.TestLeafProjectMethods.close(TestLeafProjectMethods.java:28)at wdMethods.TestLeafProjectMethods.close(TestLeafProjectMethods.java:28)at wdMethods.TestLeafProjectMethods.close(TestLeafProjectMethods.java:28)at wdMethods.TestLeafProjectMethods.close(TestLeafProjectMethods.java:28)at wdMethods.TestLeafProjectMethods.close(TestLeafProjectMethods.java:28)at wdMethods.TestLeafProjectMethods.close(TestLeafProjectMethods.java:28)at wdMethods.TestLeafProjectMethods.close(TestLeafProjectMethods.java:28)at wdMethods.TestLeafProjectMethods.close(TestLeafProjectMethods.java:28)at wdMethods.TestLeafProjectMethods.close(TestLeafProjectMethods.java:28)at wdMethods.TestLeafProjectMethods.close(TestLeafProjectMethods.java:28)at wdMethods.TestLeafProjectMethods.close(TestLeafProjectMethods.java:28)at wdMethods.TestLeafProjectMethods.close(TestLeafProjectMethods.java:28)at wdMethods.TestLeafProjectMethods.close(TestLeafProjectMethods.java:28)at wdMethods.TestLeafProjectMethods.close(TestLeafProjectMethods.java:28)at wdMethods.TestLeafProjectMethods.close(TestLeafProjectMethods.java:28)at wdMethods.TestLeafProjectMethods.close(TestLeafProjectMethods.java:28)at wdMethods.TestLeafProjectMethods.close(TestLeafProjectMethods.java:28)at wdMethods.TestLeafProjectMethods.close(TestLeafProjectMethods.java:28)at wdMethods.TestLeafProjectMethods.close(TestLeafProjectMethods.java:28)at wdMethods.TestLeafProjectMethods.close(TestLeafProjectMethods.java:28)at wdMethods.TestLeafProjectMethods.close(TestLeafProjectMethods.java:28)at wdMethods.TestLeafProjectMethods.close(TestLeafProjectMethods.java:28)at wdMethods.TestLeafProjectMethods.close(TestLeafProjectMethods.java:28)at wdMethods.TestLeafProjectMethods.close(TestLeafProjectMethods.java:28)at wdMethods.TestLeafProjectMethods.close(TestLeafProjectMethods.java:28)at wdMethods.TestLeafProjectMethods.close(TestLeafProjectMethods.java:28)at wdMethods.TestLeafProjectMethods.close(TestLeafProjectMethods.java:28)at wdMethods.TestLeafProjectMethods.close(TestLeafProjectMethods.java:28)at wdMethods.TestLeafProjectMethods.close(TestLeafProjectMethods.java:28)at wdMethods.TestLeafProjectMethods.close(TestLeafProjectMethods.java:28)at wdMethods.TestLeafProjectMethods.close(TestLeafProjectMethods.java:28)at wdMethods.TestLeafProjectMethods.close(TestLeafProjectMethods.java:28)at wdMethods.TestLeafProjectMethods.close(TestLeafProjectMethods.java:28)at wdMethods.TestLeafProjectMethods.close(TestLeafProjectMethods.java:28)at wdMethods.TestLeafProjectMethods.close(TestLeafProjectMethods.java:28)at wdMethods.TestLeafProjectMethods.close(TestLeafProjectMethods.java:28)at wdMethods.TestLeafProjectMethods.close(TestLeafProjectMethods.java:28)at wdMethods.TestLeafProjectMethods.close(TestLeafProjectMethods.java:28)at wdMethods.TestLeafProjectMethods.close(TestLeafProjectMethods.java:28)at wdMethods.TestLeafProjectMethods.close(TestLeafProjectMethods.java:28)at wdMethods.TestLeafProjectMethods.close(TestLeafProjectMethods.java:28)at wdMethods.TestLeafProjectMethods.close(TestLeafProjectMethods.java:28)at wdMethods.TestLeafProjectMethods.close(TestLeafProjectMethods.java:28)at wdMethods.TestLeafProjectMethods.close(TestLeafProjectMethods.java:28)at wdMethods.TestLeafProjectMethods.close(TestLeafProjectMethods.java:28)at wdMethods.TestLeafProjectMethods.close(TestLeafProjectMethods.java:28)at wdMethods.TestLeafProjectMethods.close(TestLeafProjectMethods.java:28)at wdMethods.TestLeafProjectMethods.close(TestLeafProjectMethods.java:28)at wdMethods.TestLeafProjectMethods.close(TestLeafProjectMethods.java:28)at wdMethods.TestLeafProjectMethods.close(TestLeafProjectMethods.java:28)at wdMethods.TestLeafProjectMethods.close(TestLeafProjectMethods.java:28)at wdMethods.TestLeafProjectMethods.close(TestLeafProjectMethods.java:28)at wdMethods.TestLeafProjectMethods.close(TestLeafProjectMethods.java:28)at wdMethods.TestLeafProjectMethods.close(TestLeafProjectMethods.java:28)at wdMethods.TestLeafProjectMethods.close(TestLeafProjectMethods.java:28)at wdMethods.TestLeafProjectMethods.close(TestLeafProjectMethods.java:28)at wdMethods.TestLeafProjectMethods.close(TestLeafProjectMethods.java:28)at wdMethods.TestLeafProjectMethods.close(TestLeafProjectMethods.java:28)at wdMethods.TestLeafProjectMethods.close(TestLeafProjectMethods.java:28)at wdMethods.TestLeafProjectMethods.close(TestLeafProjectMethods.java:28)at wdMethods.TestLeafProjectMethods.close(TestLeafProjectMethods.java:28)at wdMethods.TestLeafProjectMethods.close(TestLeafProjectMethods.java:28)at wdMethods.TestLeafProjectMethods.close(TestLeafProjectMethods.java:28)at wdMethods.TestLeafProjectMethods.close(TestLeafProjectMethods.java:28)at wdMethods.TestLeafProjectMethods.close(TestLeafProjectMethods.java:28)at wdMethods.TestLeafProjectMethods.close(TestLeafProjectMethods.java:28)at wdMethods.TestLeafProjectMethods.close(TestLeafProjectMethods.java:28)at wdMethods.TestLeafProjectMethods.close(TestLeafProjectMethods.java:28)at wdMethods.TestLeafProjectMethods.close(TestLeafProjectMethods.java:28)at wdMethods.TestLeafProjectMethods.close(TestLeafProjectMethods.java:28)at wdMethods.TestLeafProjectMethods.close(TestLeafProjectMethods.java:28)at wdMethods.TestLeafProjectMethods.close(TestLeafProjectMethods.java:28)at wdMethods.TestLeafProjectMethods.close(TestLeafProjectMethods.java:28)at wdMethods.TestLeafProjectMethods.close(TestLeafProjectMethods.java:28)at wdMethods.TestLeafProjectMethods.close(TestLeafProjectMethods.java:28)at wdMethods.TestLeafProjectMethods.close(TestLeafProjectMethods.java:28)at wdMethods.TestLeafProjectMethods.close(TestLeafProjectMethods.java:28)at wdMethods.TestLeafProjectMethods.close(TestLeafProjectMethods.java:28)at wdMethods.TestLeafProjectMethods.close(TestLeafProjectMethods.java:28)at wdMethods.TestLeafProjectMethods.close(TestLeafProjectMethods.java:28)at wdMethods.TestLeafProjectMethods.close(TestLeafProjectMethods.java:28)at wdMethods.TestLeafProjectMethods.close(TestLeafProjectMethods.java:28)at wdMethods.TestLeafProjectMethods.close(TestLeafProjectMethods.java:28)at wdMethods.TestLeafProjectMethods.close(TestLeafProjectMethods.java:28)at wdMethods.TestLeafProjectMethods.close(TestLeafProjectMethods.java:28)at wdMethods.TestLeafProjectMethods.close(TestLeafProjectMethods.java:28)at wdMethods.TestLeafProjectMethods.close(TestLeafProjectMethods.java:28)at wdMethods.TestLeafProjectMethods.close(TestLeafProjectMethods.java:28)at wdMethods.TestLeafProjectMethods.close(TestLeafProjectMethods.java:28)at wdMethods.TestLeafProjectMethods.close(TestLeafProjectMethods.java:28)at wdMethods.TestLeafProjectMethods.close(TestLeafProjectMethods.java:28)at wdMethods.TestLeafProjectMethods.close(TestLeafProjectMethods.java:28)at wdMethods.TestLeafProjectMethods.close(TestLeafProjectMethods.java:28)at wdMethods.TestLeafProjectMethods.close(TestLeafProjectMethods.java:28)at wdMethods.TestLeafProjectMethods.close(TestLeafProjectMethods.java:28)at wdMethods.TestLeafProjectMethods.close(TestLeafProjectMethods.java:28)at wdMethods.TestLeafProjectMethods.close(TestLeafProjectMethods.java:28)at wdMethods.TestLeafProjectMethods.close(TestLeafProjectMethods.java:28)at wdMethods.TestLeafProjectMethods.close(TestLeafProjectMethods.java:28)at wdMethods.TestLeafProjectMethods.close(TestLeafProjectMethods.java:28)at wdMethods.TestLeafProjectMethods.close(TestLeafProjectMethods.java:28)at wdMethods.TestLeafProjectMethods.close(TestLeafProjectMethods.java:28)at wdMethods.TestLeafProjectMethods.close(TestLeafProjectMethods.java:28)at wdMethods.TestLeafProjectMethods.close(TestLeafProjectMethods.java:28)at wdMethods.TestLeafProjectMethods.close(TestLeafProjectMethods.java:28)at wdMethods.TestLeafProjectMethods.close(TestLeafProjectMethods.java:28)at wdMethods.TestLeafProjectMethods.close(TestLeafProjectMethods.java:28)at wdMethods.TestLeafProjectMethods.close(TestLeafProjectMethods.java:28)at wdMethods.TestLeafProjectMethods.close(TestLeafProjectMethods.java:28)at wdMethods.TestLeafProjectMethods.close(TestLeafProjectMethods.java:28)at wdMethods.TestLeafProjectMethods.close(TestLeafProjectMethods.java:28)at wdMethods.TestLeafProjectMethods.close(TestLeafProjectMethods.java:28)at wdMethods.TestLeafProjectMethods.close(TestLeafProjectMethods.java:28)at wdMethods.TestLeafProjectMethods.close(TestLeafProjectMethods.java:28)at wdMethods.TestLeafProjectMethods.close(TestLeafProjectMethods.java:28)at wdMethods.TestLeafProjectMethods.close(TestLeafProjectMethods.java:28)at wdMethods.TestLeafProjectMethods.close(TestLeafProjectMethods.java:28)at wdMethods.TestLeafProjectMethods.close(TestLeafProjectMethods.java:28)at wdMethods.TestLeafProjectMethods.close(TestLeafProjectMethods.java:28)at wdMethods.TestLeafProjectMethods.close(TestLeafProjectMethods.java:28)at wdMethods.TestLeafProjectMethods.close(TestLeafProjectMethods.java:28)at wdMethods.TestLeafProjectMethods.close(TestLeafProjectMethods.java:28)at wdMethods.TestLeafProjectMethods.close(TestLeafProjectMethods.java:28)at wdMethods.TestLeafProjectMethods.close(TestLeafProjectMethods.java:28)at wdMethods.TestLeafProjectMethods.close(TestLeafProjectMethods.java:28)at wdMethods.TestLeafProjectMethods.close(TestLeafProjectMethods.java:28)at wdMethods.TestLeafProjectMethods.close(TestLeafProjectMethods.java:28)at wdMethods.TestLeafProjectMethods.close(TestLeafProjectMethods.java:28)at wdMethods.TestLeafProjectMethods.close(TestLeafProjectMethods.java:28)at wdMethods.TestLeafProjectMethods.close(TestLeafProjectMethods.java:28)at wdMethods.TestLeafProjectMethods.close(TestLeafProjectMethods.java:28)at wdMethods.TestLeafProjectMethods.close(TestLeafProjectMethods.java:28)at wdMethods.TestLeafProjectMethods.close(TestLeafProjectMethods.java:28)at wdMethods.TestLeafProjectMethods.close(TestLeafProjectMethods.java:28)at wdMethods.TestLeafProjectMethods.close(TestLeafProjectMethods.java:28)at wdMethods.TestLeafProjectMethods.close(TestLeafProjectMethods.java:28)at wdMethods.TestLeafProjectMethods.close(TestLeafProjectMethods.java:28)at wdMethods.TestLeafProjectMethods.close(TestLeafProjectMethods.java:28)at wdMethods.TestLeafProjectMethods.close(TestLeafProjectMethods.java:28)at wdMethods.TestLeafProjectMethods.close(TestLeafProjectMethods.java:28)at wdMethods.TestLeafProjectMethods.close(TestLeafProjectMethods.java:28)at wdMethods.TestLeafProjectMethods.close(TestLeafProjectMethods.java:28)at wdMethods.TestLeafProjectMethods.close(TestLeafProjectMethods.java:28)at wdMethods.TestLeafProjectMethods.close(TestLeafProjectMethods.java:28)at wdMethods.TestLeafProjectMethods.close(TestLeafProjectMethods.java:28)at wdMethods.TestLeafProjectMethods.close(TestLeafProjectMethods.java:28)at wdMethods.TestLeafProjectMethods.close(TestLeafProjectMethods.java:28)at wdMethods.TestLeafProjectMethods.close(TestLeafProjectMethods.java:28)at wdMethods.TestLeafProjectMethods.close(TestLeafProjectMethods.java:28)at wdMethods.TestLeafProjectMethods.close(TestLeafProjectMethods.java:28)at wdMethods.TestLeafProjectMethods.close(TestLeafProjectMethods.java:28)at wdMethods.TestLeafProjectMethods.close(TestLeafProjectMethods.java:28)at wdMethods.TestLeafProjectMethods.close(TestLeafProjectMethods.java:28)at wdMethods.TestLeafProjectMethods.close(TestLeafProjectMethods.java:28)at wdMethods.TestLeafProjectMethods.close(TestLeafProjectMethods.java:28)at wdMethods.TestLeafProjectMethods.close(TestLeafProjectMethods.java:28)at wdMethods.TestLeafProjectMethods.close(TestLeafProjectMethods.java:28)at wdMethods.TestLeafProjectMethods.close(TestLeafProjectMethods.java:28)at wdMethods.TestLeafProjectMethods.close(TestLeafProjectMethods.java:28)at wdMethods.TestLeafProjectMethods.close(TestLeafProjectMethods.java:28)at wdMethods.TestLeafProjectMethods.close(TestLeafProjectMethods.java:28)at wdMethods.TestLeafProjectMethods.close(TestLeafProjectMethods.java:28)at wdMethods.TestLeafProjectMethods.close(TestLeafProjectMethods.java:28)at wdMethods.TestLeafProjectMethods.close(TestLeafProjectMethods.java:28)at wdMethods.TestLeafProjectMethods.close(TestLeafProjectMethods.java:28)at wdMethods.TestLeafProjectMethods.close(TestLeafProjectMethods.java:28)at wdMethods.TestLeafProjectMethods.close(TestLeafProjectMethods.java:28)at wdMethods.TestLeafProjectMethods.close(TestLeafProjectMethods.java:28)at wdMethods.TestLeafProjectMethods.close(TestLeafProjectMethods.java:28)at wdMethods.TestLeafProjectMethods.close(TestLeafProjectMethods.java:28)at wdMethods.TestLeafProjectMethods.close(TestLeafProjectMethods.java:28)at wdMethods.TestLeafProjectMethods.close(TestLeafProjectMethods.java:28)at wdMethods.TestLeafProjectMethods.close(TestLeafProjectMethods.java:28)at wdMethods.TestLeafProjectMethods.close(TestLeafProjectMethods.java:28)at wdMethods.TestLeafProjectMethods.close(TestLeafProjectMethods.java:28)at wdMethods.TestLeafProjectMethods.close(TestLeafProjectMethods.java:28)at wdMethods.TestLeafProjectMethods.close(TestLeafProjectMethods.java:28)at wdMethods.TestLeafProjectMethods.close(TestLeafProjectMethods.java:28)at wdMethods.TestLeafProjectMethods.close(TestLeafProjectMethods.java:28)]]>
            </full-stacktrace>
          </exception> <!-- java.lang.StackOverflowError -->
          <reporter-output>
          </reporter-output>
        </test-method> <!-- close -->
        <test-method status="SKIP" signature="login(java.lang.String, java.lang.String, java.lang.String)[pri:0, instance:parameter.dataprovider.CreateLeadWdMethodsImple@1753b6d]" name="login" is-config="true" duration-ms="0" started-at="2018-04-08T00:36:12Z" finished-at="2018-04-08T00:36:12Z">
          <reporter-output>
          </reporter-output>
        </test-method> <!-- login -->
        <test-method status="SKIP" signature="createLead(java.lang.String, java.lang.String, java.lang.String, java.lang.String)[pri:0, instance:parameter.dataprovider.CreateLeadWdMethodsImple@1753b6d]" name="createLead" duration-ms="0" started-at="2018-04-08T00:36:12Z" data-provider="readExcel" finished-at="2018-04-08T00:36:12Z">
          <exception class="java.lang.StackOverflowError">
            <full-stacktrace>
[...]
close(TestLeafProjectMethods.java:28)at wdMethods.TestLeafProjectMethods.close(TestLeafProjectMethods.java:28)at wdMethods.TestLeafProjectMethods.close(TestLeafProjectMethods.java:28)at wdMethods.TestLeafProjectMethods.close(TestLeafProjectMethods.java:28)at wdMethods.TestLeafProjectMethods.close(TestLeafProjectMethods.java:28)at wdMethods.TestLeafProjectMethods.close(TestLeafProjectMethods.java:28)at wdMethods.TestLeafProjectMethods.close(TestLeafProjectMethods.java:28)at wdMethods.TestLeafProjectMethods.close(TestLeafProjectMethods.java:28)at wdMethods.TestLeafProjectMethods.close(TestLeafProjectMethods.java:28)at wdMethods.TestLeafProjectMethods.close(TestLeafProjectMethods.java:28)at wdMethods.TestLeafProjectMethods.close(TestLeafProjectMethods.java:28)at wdMethods.TestLeafProjectMethods.close(TestLeafProjectMethods.java:28)at wdMethods.TestLeafProjectMethods.close(TestLeafProjectMethods.java:28)at wdMethods.TestLeafProjectMethods.close(TestLeafProjectMethods.java:28)at wdMethods.TestLeafProjectMethods.close(TestLeafProjectMethods.java:28)at wdMethods.TestLeafProjectMethods.close(TestLeafProjectMethods.java:28)at wdMethods.TestLeafProjectMethods.close(TestLeafProjectMethods.java:28)at wdMethods.TestLeafProjectMethods.close(TestLeafProjectMethods.java:28)at wdMethods.TestLeafProjectMethods.close(TestLeafProjectMethods.java:28)at wdMethods.TestLeafProjectMethods.close(TestLeafProjectMethods.java:28)at wdMethods.TestLeafProjectMethods.close(TestLeafProjectMethods.java:28)at wdMethods.TestLeafProjectMethods.close(TestLeafProjectMethods.java:28)at wdMethods.TestLeafProjectMethods.close(TestLeafProjectMethods.java:28)at wdMethods.TestLeafProjectMethods.close(TestLeafProjectMethods.java:28)at wdMethods.TestLeafProjectMethods.close(TestLeafProjectMethods.java:28)at wdMethods.TestLeafProjectMethods.close(TestLeafProjectMethods.java:28)at wdMethods.TestLeafProjectMethods.close(TestLeafProjectMethods.java:28)at wdMethods.TestLeafProjectMethods.close(TestLeafProjectMethods.java:28)at wdMethods.TestLeafProjectMethods.close(TestLeafProjectMethods.java:28)at wdMethods.TestLeafProjectMethods.close(TestLeafProjectMethods.java:28)at wdMethods.TestLeafProjectMethods.close(TestLeafProjectMethods.java:28)at wdMethods.TestLeafProjectMethods.close(TestLeafProjectMethods.java:28)at wdMethods.TestLeafProjectMethods.close(TestLeafProjectMethods.java:28)at wdMethods.TestLeafProjectMethods.close(TestLeafProjectMethods.java:28)at wdMethods.TestLeafProjectMethods.close(TestLeafProjectMethods.java:28)at wdMethods.TestLeafProjectMethods.close(TestLeafProjectMethods.java:28)at wdMethods.TestLeafProjectMethods.close(TestLeafProjectMethods.java:28)at wdMethods.TestLeafProjectMethods.close(TestLeafProjectMethods.java:28)at wdMethods.TestLeafProjectMethods.close(TestLeafProjectMethods.java:28)at wdMethods.TestLeafProjectMethods.close(TestLeafProjectMethods.java:28)at wdMethods.TestLeafProjectMethods.close(TestLeafProjectMethods.java:28)at wdMethods.TestLeafProjectMethods.close(TestLeafProjectMethods.java:28)at wdMethods.TestLeafProjectMethods.close(TestLeafProjectMethods.java:28)at wdMethods.TestLeafProjectMethods.close(TestLeafProjectMethods.java:28)at wdMethods.TestLeafProjectMethods.close(TestLeafProjectMethods.java:28)at wdMethods.TestLeafProjectMethods.close(TestLeafProjectMethods.java:28)at wdMethods.TestLeafProjectMethods.close(TestLeafProjectMethods.java:28)at wdMethods.TestLeafProjectMethods.close(TestLeafProjectMethods.java:28)at wdMethods.TestLeafProjectMethods.close(TestLeafProjectMethods.java:28)at wdMethods.TestLeafProjectMethods.close(TestLeafProjectMethods.java:28)at wdMethods.TestLeafProjectMethods.close(TestLeafProjectMethods.java:28)at wdMethods.TestLeafProjectMethods.close(TestLeafProjectMethods.java:28)at wdMethods.TestLeafProjectMethods.close(TestLeafProjectMethods.java:28)at wdMethods.TestLeafProjectMethods.close(TestLeafProjectMethods.java:28)at wdMethods.TestLeafProjectMethods.close(TestLeafProjectMethods.java:28)at wdMethods.TestLeafProjectMethods.close(TestLeafProjectMethods.java:28)at wdMethods.TestLeafProjectMethods.close(TestLeafProjectMethods.java:28)at wdMethods.TestLeafProjectMethods.close(TestLeafProjectMethods.java:28)at wdMethods.TestLeafProjectMethods.close(TestLeafProjectMethods.java:28)at wdMethods.TestLeafProjectMethods.close(TestLeafProjectMethods.java:28)at wdMethods.TestLeafProjectMethods.close(TestLeafProjectMethods.java:28)at wdMethods.TestLeafProjectMethods.close(TestLeafProjectMethods.java:28)at wdMethods.TestLeafProjectMethods.close(TestLeafProjectMethods.java:28)at wdMethods.TestLeafProjectMethods.close(TestLeafProjectMethods.java:28)at wdMethods.TestLeafProjectMethods.close(TestLeafProjectMethods.java:28)at wdMethods.TestLeafProjectMethods.close(TestLeafProjectMethods.java:28)at wdMethods.TestLeafProjectMethods.close(TestLeafProjectMethods.java:28)at wdMethods.TestLeafProjectMethods.close(TestLeafProjectMethods.java:28)at wdMethods.TestLeafProjectMethods.close(TestLeafProjectMethods.java:28)at wdMethods.TestLeafProjectMethods.close(TestLeafProjectMethods.java:28)at wdMethods.TestLeafProjectMethods.close(TestLeafProjectMethods.java:28)at wdMethods.TestLeafProjectMethods.close(TestLeafProjectMethods.java:28)at wdMethods.TestLeafProjectMethods.close(TestLeafProjectMethods.java:28)at wdMethods.TestLeafProjectMethods.close(TestLeafProjectMethods.java:28)at wdMethods.TestLeafProjectMethods.close(TestLeafProjectMethods.java:28)at wdMethods.TestLeafProjectMethods.close(TestLeafProjectMethods.java:28)at wdMethods.TestLeafProjectMethods.close(TestLeafProjectMethods.java:28)at wdMethods.TestLeafProjectMethods.close(TestLeafProjectMethods.java:28)at wdMethods.TestLeafProjectMethods.close(TestLeafProjectMethods.java:28)at wdMethods.TestLeafProjectMethods.close(TestLeafProjectMethods.java:28)at wdMethods.TestLeafProjectMethods.close(TestLeafProjectMethods.java:28)at wdMethods.TestLeafProjectMethods.close(TestLeafProjectMethods.java:28)at wdMethods.TestLeafProjectMethods.close(TestLeafProjectMethods.java:28)at wdMethods.TestLeafProjectMethods.close(TestLeafProjectMethods.java:28)at wdMethods.TestLeafProjectMethods.close(TestLeafProjectMethods.java:28)at wdMethods.TestLeafProjectMethods.close(TestLeafProjectMethods.java:28)at wdMethods.TestLeafProjectMethods.close(TestLeafProjectMethods.java:28)at wdMethods.TestLeafProjectMethods.close(TestLeafProjectMethods.java:28)at wdMethods.TestLeafProjectMethods.close(TestLeafProjectMethods.java:28)at wdMethods.TestLeafProjectMethods.close(TestLeafProjectMethods.java:28)at wdMethods.TestLeafProjectMethods.close(TestLeafProjectMethods.java:28)at wdMethods.TestLeafProjectMethods.close(TestLeafProjectMethods.java:28)at wdMethods.TestLeafProjectMethods.close(TestLeafProjectMethods.java:28)at wdMethods.TestLeafProjectMethods.close(TestLeafProjectMethods.java:28)at wdMethods.TestLeafProjectMethods.close(TestLeafProjectMethods.java:28)at wdMethods.TestLeafProjectMethods.close(TestLeafProjectMethods.java:28)at wdMethods.TestLeafProjectMethods.close(TestLeafProjectMethods.java:28)at wdMethods.TestLeafProjectMethods.close(TestLeafProjectMethods.java:28)at wdMethods.TestLeafProjectMethods.close(TestLeafProjectMethods.java:28)at wdMethods.TestLeafProjectMethods.close(TestLeafProjectMethods.java:28)at wdMethods.TestLeafProjectMethods.close(TestLeafProjectMethods.java:28)at wdMethods.TestLeafProjectMethods.close(TestLeafProjectMethods.java:28)at wdMethods.TestLeafProjectMethods.close(TestLeafProjectMethods.java:28)at wdMethods.TestLeafProjectMethods.close(TestLeafProjectMethods.java:28)at wdMethods.TestLeafProjectMethods.close(TestLeafProjectMethods.java:28)at wdMethods.TestLeafProjectMethods.close(TestLeafProjectMethods.java:28)at wdMethods.TestLeafProjectMethods.close(TestLeafProjectMethods.java:28)at wdMethods.TestLeafProjectMethods.close(TestLeafProjectMethods.java:28)at wdMethods.TestLeafProjectMethods.close(TestLeafProjectMethods.java:28)at wdMethods.TestLeafProjectMethods.close(TestLeafProjectMethods.java:28)at wdMethods.TestLeafProjectMethods.close(TestLeafProjectMethods.java:28)at wdMethods.TestLeafProjectMethods.close(TestLeafProjectMethods.java:28)at wdMethods.TestLeafProjectMethods.close(TestLeafProjectMethods.java:28)at wdMethods.TestLeafProjectMethods.close(TestLeafProjectMethods.java:28)at wdMethods.TestLeafProjectMethods.close(TestLeafProjectMethods.java:28)at wdMethods.TestLeafProjectMethods.close(TestLeafProjectMethods.java:28)at wdMethods.TestLeafProjectMethods.close(TestLeafProjectMethods.java:28)at wdMethods.TestLeafProjectMethods.close(TestLeafProjectMethods.java:28)at wdMethods.TestLeafProjectMethods.close(TestLeafProjectMethods.java:28)at wdMethods.TestLeafProjectMethods.close(TestLeafProjectMethods.java:28)at wdMethods.TestLeafProjectMethods.close(TestLeafProjectMethods.java:28)at wdMethods.TestLeafProjectMethods.close(TestLeafProjectMethods.java:28)at wdMethods.TestLeafProjectMethods.close(TestLeafProjectMethods.java:28)at wdMethods.TestLeafProjectMethods.close(TestLeafProjectMethods.java:28)at wdMethods.TestLeafProjectMethods.close(TestLeafProjectMethods.java:28)at wdMethods.TestLeafProjectMethods.close(TestLeafProjectMethods.java:28)at wdMethods.TestLeafProjectMethods.close(TestLeafProjectMethods.java:28)at wdMethods.TestLeafProjectMethods.close(TestLeafProjectMethods.java:28)at wdMethods.TestLeafProjectMethods.close(TestLeafProjectMethods.java:28)at wdMethods.TestLeafProjectMethods.close(TestLeafProjectMethods.java:28)at wdMethods.TestLeafProjectMethods.close(TestLeafProjectMethods.java:28)at wdMethods.TestLeafProjectMethods.close(TestLeafProjectMethods.java:28)at wdMethods.TestLeafProjectMethods.close(TestLeafProjectMethods.java:28)at wdMethods.TestLeafProjectMethods.close(TestLeafProjectMethods.java:28)at wdMethods.TestLeafProjectMethods.close(TestLeafProjectMethods.java:28)at wdMethods.TestLeafProjectMethods.close(TestLeafProjectMethods.java:28)at wdMethods.TestLeafProjectMethods.close(TestLeafProjectMethods.java:28)at wdMethods.TestLeafProjectMethods.close(TestLeafProjectMethods.java:28)at wdMethods.TestLeafProjectMethods.close(TestLeafProjectMethods.java:28)at wdMethods.TestLeafProjectMethods.close(TestLeafProjectMethods.java:28)at wdMethods.TestLeafProjectMethods.close(TestLeafProjectMethods.java:28)at wdMethods.TestLeafProjectMethods.close(TestLeafProjectMethods.java:28)at wdMethods.TestLeafProjectMethods.close(TestLeafProjectMethods.java:28)at wdMethods.TestLeafProjectMethods.close(TestLeafProjectMethods.java:28)at wdMethods.TestLeafProjectMethods.close(TestLeafProjectMethods.java:28)at wdMethods.TestLeafProjectMethods.close(TestLeafProjectMethods.java:28)at wdMethods.TestLeafProjectMethods.close(TestLeafProjectMethods.java:28)at wdMethods.TestLeafProjectMethods.close(TestLeafProjectMethods.java:28)at wdMethods.TestLeafProjectMethods.close(TestLeafProjectMethods.java:28)at wdMethods.TestLeafProjectMethods.close(TestLeafProjectMethods.java:28)at wdMethods.TestLeafProjectMethods.close(TestLeafProjectMethods.java:28)at wdMethods.TestLeafProjectMethods.close(TestLeafProjectMethods.java:28)at wdMethods.TestLeafProjectMethods.close(TestLeafProjectMethods.java:28)at wdMethods.TestLeafProjectMethods.close(TestLeafProjectMethods.java:28)at wdMethods.TestLeafProjectMethods.close(TestLeafProjectMethods.java:28)at wdMethods.TestLeafProjectMethods.close(TestLeafProjectMethods.java:28)at wdMethods.TestLeafProjectMethods.close(TestLeafProjectMethods.java:28)at wdMethods.TestLeafProjectMethods.close(TestLeafProjectMethods.java:28)at wdMethods.TestLeafProjectMethods.close(TestLeafProjectMethods.java:28)at wdMethods.TestLeafProjectMethods.close(TestLeafProjectMethods.java:28)at wdMethods.TestLeafProjectMethods.close(TestLeafProjectMethods.java:28)at wdMethods.TestLeafProjectMethods.close(TestLeafProjectMethods.java:28)at wdMethods.TestLeafProjectMethods.close(TestLeafProjectMethods.java:28)at wdMethods.TestLeafProjectMethods.close(TestLeafProjectMethods.java:28)at wdMethods.TestLeafProjectMethods.close(TestLeafProjectMethods.java:28)at wdMethods.TestLeafProjectMethods.close(TestLeafProjectMethods.java:28)at wdMethods.TestLeafProjectMethods.close(TestLeafProjectMethods.java:28)at wdMethods.TestLeafProjectMethods.close(TestLeafProjectMethods.java:28)at wdMethods.TestLeafProjectMethods.close(TestLeafProjectMethods.java:28)at wdMethods.TestLeafProjectMethods.close(TestLeafProjectMethods.java:28)at wdMethods.TestLeafProjectMethods.close(TestLeafProjectMethods.java:28)at wdMethods.TestLeafProjectMethods.close(TestLeafProjectMethods.java:28)at wdMethods.TestLeafProjectMethods.close(TestLeafProjectMethods.java:28)at wdMethods.TestLeafProjectMethods.close(TestLeafProjectMethods.java:28)at wdMethods.TestLeafProjectMethods.close(TestLeafProjectMethods.java:28)at wdMethods.TestLeafProjectMethods.close(TestLeafProjectMethods.java:28)at wdMethods.TestLeafProjectMethods.close(TestLeafProjectMethods.java:28)at wdMethods.TestLeafProjectMethods.close(TestLeafProjectMethods.java:28)at wdMethods.TestLeafProjectMethods.close(TestLeafProjectMethods.java:28)at wdMethods.TestLeafProjectMethods.close(TestLeafProjectMethods.java:28)at wdMethods.TestLeafProjectMethods.close(TestLeafProjectMethods.java:28)at wdMethods.TestLeafProjectMethods.close(TestLeafProjectMethods.java:28)at wdMethods.TestLeafProjectMethods.close(TestLeafProjectMethods.java:28)at wdMethods.TestLeafProjectMethods.close(TestLeafProjectMethods.java:28)at wdMethods.TestLeafProjectMethods.close(TestLeafProjectMethods.java:28)at wdMethods.TestLeafProjectMethods.close(TestLeafProjectMethods.java:28)at wdMethods.TestLeafProjectMethods.close(TestLeafProjectMethods.java:28)at wdMethods.TestLeafProjectMethods.close(TestLeafProjectMethods.java:28)at wdMethods.TestLeafProjectMethods.close(TestLeafProjectMethods.java:28)at wdMethods.TestLeafProjectMethods.close(TestLeafProjectMethods.java:28)at wdMethods.TestLeafProjectMethods.close(TestLeafProjectMethods.java:28)at wdMethods.TestLeafProjectMethods.close(TestLeafProjectMethods.java:28)at wdMethods.TestLeafProjectMethods.close(TestLeafProjectMethods.java:28)at wdMethods.TestLeafProjectMethods.close(TestLeafProjectMethods.java:28)at wdMethods.TestLeafProjectMethods.close(TestLeafProjectMethods.java:28)at wdMethods.TestLeafProjectMethods.close(TestLeafProjectMethods.java:28)at wdMethods.TestLeafProjectMethods.close(TestLeafProjectMethods.java:28)at wdMethods.TestLeafProjectMethods.close(TestLeafProjectMethods.java:28)at wdMethods.TestLeafProjectMethods.close(TestLeafProjectMethods.java:28)at wdMethods.TestLeafProjectMethods.close(TestLeafProjectMethods.java:28)at wdMethods.TestLeafProjectMethods.close(TestLeafProjectMethods.java:28)at wdMethods.TestLeafProjectMethods.close(TestLeafProjectMethods.java:28)at wdMethods.TestLeafProjectMethods.close(TestLeafProjectMethods.java:28)at wdMethods.TestLeafProjectMethods.close(TestLeafProjectMethods.java:28)at wdMethods.TestLeafProjectMethods.close(TestLeafProjectMethods.java:28)at wdMethods.TestLeafProjectMethods.close(TestLeafProjectMethods.java:28)at wdMethods.TestLeafProjectMethods.close(TestLeafProjectMethods.java:28)at wdMethods.TestLeafProjectMethods.close(TestLeafProjectMethods.java:28)at wdMethods.TestLeafProjectMethods.close(TestLeafProjectMethods.java:28)at wdMethods.TestLeafProjectMethods.close(TestLeafProjectMethods.java:28)at wdMethods.TestLeafProjectMethods.close(TestLeafProjectMethods.java:28)at wdMethods.TestLeafProjectMethods.close(TestLeafProjectMethods.java:28)at wdMethods.TestLeafProjectMethods.close(TestLeafProjectMethods.java:28)at wdMethods.TestLeafProjectMethods.close(TestLeafProjectMethods.java:28)at wdMethods.TestLeafProjectMethods.close(TestLeafProjectMethods.java:28)at wdMethods.TestLeafProjectMethods.close(TestLeafProjectMethods.java:28)at wdMethods.TestLeafProjectMethods.close(TestLeafProjectMethods.java:28)at wdMethods.TestLeafProjectMethods.close(TestLeafProjectMethods.java:28)at wdMethods.TestLeafProjectMethods.close(TestLeafProjectMethods.java:28)at wdMethods.TestLeafProjectMethods.close(TestLeafProjectMethods.java:28)at wdMethods.TestLeafProjectMethods.close(TestLeafProjectMethods.java:28)at wdMethods.TestLeafProjectMethods.close(TestLeafProjectMethods.java:28)at wdMethods.TestLeafProjectMethods.close(TestLeafProjectMethods.java:28)at wdMethods.TestLeafProjectMethods.close(TestLeafProjectMethods.java:28)at wdMethods.TestLeafProjectMethods.close(TestLeafProjectMethods.java:28)at wdMethods.TestLeafProjectMethods.close(TestLeafProjectMethods.java:28)at wdMethods.TestLeafProjectMethods.close(TestLeafProjectMethods.java:28)at wdMethods.TestLeafProjectMethods.close(TestLeafProjectMethods.java:28)at wdMethods.TestLeafProjectMethods.close(TestLeafProjectMethods.java:28)at wdMethods.TestLeafProjectMethods.close(TestLeafProjectMethods.java:28)at wdMethods.TestLeafProjectMethods.close(TestLeafProjectMethods.java:28)at wdMethods.TestLeafProjectMethods.close(TestLeafProjectMethods.java:28)at wdMethods.TestLeafProjectMethods.close(TestLeafProjectMethods.java:28)at wdMethods.TestLeafProjectMethods.close(TestLeafProjectMethods.java:28)at wdMethods.TestLeafProjectMethods.close(TestLeafProjectMethods.java:28)at wdMethods.TestLeafProjectMethods.close(TestLeafProjectMethods.java:28)at wdMethods.TestLeafProjectMethods.close(TestLeafProjectMethods.java:28)at wdMethods.TestLeafProjectMethods.close(TestLeafProjectMethods.java:28)at wdMethods.TestLeafProjectMethods.close(TestLeafProjectMethods.java:28)at wdMethods.TestLeafProjectMethods.close(TestLeafProjectMethods.java:28)at wdMethods.TestLeafProjectMethods.close(TestLeafProjectMethods.java:28)at wdMethods.TestLeafProjectMethods.close(TestLeafProjectMethods.java:28)at wdMethods.TestLeafProjectMethods.close(TestLeafProjectMethods.java:28)at wdMethods.TestLeafProjectMethods.close(TestLeafProjectMethods.java:28)at wdMethods.TestLeafProjectMethods.close(TestLeafProjectMethods.java:28)at wdMethods.TestLeafProjectMethods.close(TestLeafProjectMethods.java:28)at wdMethods.TestLeafProjectMethods.close(TestLeafProjectMethods.java:28)at wdMethods.TestLeafProjectMethods.close(TestLeafProjectMethods.java:28)at wdMethods.TestLeafProjectMethods.close(TestLeafProjectMethods.java:28)at wdMethods.TestLeafProjectMethods.close(TestLeafProjectMethods.java:28)at wdMethods.TestLeafProjectMethods.close(TestLeafProjectMethods.java:28)at wdMethods.TestLeafProjectMethods.close(TestLeafProjectMethods.java:28)at wdMethods.TestLeafProjectMethods.close(TestLeafProjectMethods.java:28)at wdMethods.TestLeafProjectMethods.close(TestLeafProjectMethods.java:28)at wdMethods.TestLeafProjectMethods.close(TestLeafProjectMethods.java:28)at wdMethods.TestLeafProjectMethods.close(TestLeafProjectMethods.java:28)at wdMethods.TestLeafProjectMethods.close(TestLeafProjectMethods.java:28)at wdMethods.TestLeafProjectMethods.close(TestLeafProjectMethods.java:28)at wdMethods.TestLeafProjectMethods.close(TestLeafProjectMethods.java:28)at wdMethods.TestLeafProjectMethods.close(TestLeafProjectMethods.java:28)at wdMethods.TestLeafProjectMethods.close(TestLeafProjectMethods.java:28)at wdMethods.TestLeafProjectMethods.close(TestLeafProjectMethods.java:28)at wdMethods.TestLeafProjectMethods.close(TestLeafProjectMethods.java:28)at wdMethods.TestLeafProjectMethods.close(TestLeafProjectMethods.java:28)at wdMethods.TestLeafProjectMethods.close(TestLeafProjectMethods.java:28)]]>
            </full-stacktrace>
          </exception> <!-- java.lang.StackOverflowError -->
          <reporter-output>
          </reporter-output>
        </test-method> <!-- createLead -->
        <test-method status="SKIP" signature="close()[pri:0, instance:parameter.dataprovider.CreateLeadWdMethodsImple@1753b6d]" name="close" is-config="true" duration-ms="0" started-at="2018-04-08T00:36:12Z" finished-at="2018-04-08T00:36:12Z">
          <reporter-output>
          </reporter-output>
        </test-method> <!-- close -->
      </class> <!-- parameter.dataprovider.CreateLeadWdMethodsImple -->
    </test> <!-- Test -->
  </suite> <!-- Suite -->
</testng-results>
